<html>
<head>
<title>TestNG:  Test</title>
<link href="../testng.css" rel="stylesheet" type="text/css" />
<link href="../my-testng.css" rel="stylesheet" type="text/css" />

<style type="text/css">
.log { display: none;} 
.stack-trace { display: none;} 
</style>
<script type="text/javascript">
<!--
function flip(e) {
  current = e.style.display;
  if (current == 'block') {
    e.style.display = 'none';
    return 0;
  }
  else {
    e.style.display = 'block';
    return 1;
  }
}

function toggleBox(szDivId, elem, msg1, msg2)
{
  var res = -1;  if (document.getElementById) {
    res = flip(document.getElementById(szDivId));
  }
  else if (document.all) {
    // this is the way old msie versions work
    res = flip(document.all[szDivId]);
  }
  if(elem) {
    if(res == 0) elem.innerHTML = msg1; else elem.innerHTML = msg2;
  }

}

function toggleAllBoxes() {
  if (document.getElementsByTagName) {
    d = document.getElementsByTagName('div');
    for (i = 0; i < d.length; i++) {
      if (d[i].className == 'log') {
        flip(d[i]);
      }
    }
  }
}

// -->
</script>

</head>
<body>
<h2 align='center'>Test</h2><table border='1' align="center">
<tr>
<td>Tests passed/Failed/Skipped:</td><td>44/3/28</td>
</tr><tr>
<td>Started on:</td><td>Fri Jan 03 17:43:24 IST 2025</td>
</tr>
<tr><td>Total time:</td><td>39 seconds (39132 ms)</td>
</tr><tr>
<td>Included groups:</td><td></td>
</tr><tr>
<td>Excluded groups:</td><td></td>
</tr>
</table><p/>
<small><i>(Hover the method name to see the test class name)</i></small><p/>
<table width='100%' border='1' class='invocation-failed'>
<tr><td colspan='4' align='center'><b>FAILED TESTS</b></td></tr>
<tr><td><b>Test method</b></td>
<td><b>Attribute(s)</b></td>
<td width="30%"><b>Exception</b></td>
<td width="10%"><b>Time (seconds)</b></td>
<td><b>Instance</b></td>
</tr>
<tr>
<td title='orderFlowPositive.TestsOrderFlowPositive.testOrderFlowPositiveDeliver()'><b>testOrderFlowPositiveDeliver</b><br>Test class: orderFlowPositive.TestsOrderFlowPositive</td>
<td><div><pre>java.lang.AssertionError: Test failed due to unexpected status code: 400
	at allCommonData.TestHelper.validateStatusCode(TestHelper.java:21)
	at orderFlowPositive.TestsOrderFlowPositive.testOrderFlowPositiveDeliver(TestsOrderFlowPositive.java:565)
	at java.base/java.util.ArrayList.forEach(ArrayList.java:1597)
... Removed 26 stack frames</pre></div><a href='#' onClick='toggleBox("stack-trace1321785778", this, "Click to show all stack frames", "Click to hide stack frames")'>Click to show all stack frames</a>
<div class='stack-trace' id='stack-trace1321785778'><pre>java.lang.AssertionError: Test failed due to unexpected status code: 400
	at org.testng.Assert.fail(Assert.java:111)
	at allCommonData.TestHelper.validateStatusCode(TestHelper.java:21)
	at orderFlowPositive.TestsOrderFlowPositive.testOrderFlowPositiveDeliver(TestsOrderFlowPositive.java:565)
	at java.base/jdk.internal.reflect.DirectMethodHandleAccessor.invoke(DirectMethodHandleAccessor.java:103)
	at java.base/java.lang.reflect.Method.invoke(Method.java:580)
	at org.testng.internal.invokers.MethodInvocationHelper.invokeMethod(MethodInvocationHelper.java:141)
	at org.testng.internal.invokers.TestInvoker.invokeMethod(TestInvoker.java:686)
	at org.testng.internal.invokers.TestInvoker.invokeTestMethod(TestInvoker.java:230)
	at org.testng.internal.invokers.MethodRunner.runInSequence(MethodRunner.java:63)
	at org.testng.internal.invokers.TestInvoker$MethodInvocationAgent.invoke(TestInvoker.java:992)
	at org.testng.internal.invokers.TestInvoker.invokeTestMethods(TestInvoker.java:203)
	at org.testng.internal.invokers.TestMethodWorker.invokeTestMethods(TestMethodWorker.java:154)
	at org.testng.internal.invokers.TestMethodWorker.run(TestMethodWorker.java:134)
	at java.base/java.util.ArrayList.forEach(ArrayList.java:1597)
	at org.testng.TestRunner.privateRun(TestRunner.java:739)
	at org.testng.TestRunner.run(TestRunner.java:614)
	at org.testng.SuiteRunner.runTest(SuiteRunner.java:421)
	at org.testng.SuiteRunner.runSequentially(SuiteRunner.java:413)
	at org.testng.SuiteRunner.privateRun(SuiteRunner.java:373)
	at org.testng.SuiteRunner.run(SuiteRunner.java:312)
	at org.testng.SuiteRunnerWorker.runSuite(SuiteRunnerWorker.java:52)
	at org.testng.SuiteRunnerWorker.run(SuiteRunnerWorker.java:95)
	at org.testng.TestNG.runSuitesSequentially(TestNG.java:1274)
	at org.testng.TestNG.runSuitesLocally(TestNG.java:1208)
	at org.testng.TestNG.runSuites(TestNG.java:1112)
	at org.testng.TestNG.run(TestNG.java:1079)
	at org.testng.remote.AbstractRemoteTestNG.run(AbstractRemoteTestNG.java:115)
	at org.testng.remote.RemoteTestNG.initAndRun(RemoteTestNG.java:293)
	at org.testng.remote.RemoteTestNG.main(RemoteTestNG.java:91)
</pre></div></td>
<td>0</td>
<td>orderFlowPositive.TestsOrderFlowPositive@4bc222e</td></tr>
<tr>
<td title='orderFlowNegative.TestsOrderFlowNegative.testOrderFlowNegativeDeliver()'><b>testOrderFlowNegativeDeliver</b><br>Test class: orderFlowNegative.TestsOrderFlowNegative</td>
<td><div><pre>java.lang.AssertionError: Test failed due to unexpected status code: 400
	at allCommonData.TestHelper.validateStatusCode(TestHelper.java:21)
	at orderFlowNegative.TestsOrderFlowNegative.testOrderFlowNegativeDeliver(TestsOrderFlowNegative.java:550)
	at java.base/java.util.ArrayList.forEach(ArrayList.java:1597)
... Removed 26 stack frames</pre></div><a href='#' onClick='toggleBox("stack-trace2052619908", this, "Click to show all stack frames", "Click to hide stack frames")'>Click to show all stack frames</a>
<div class='stack-trace' id='stack-trace2052619908'><pre>java.lang.AssertionError: Test failed due to unexpected status code: 400
	at org.testng.Assert.fail(Assert.java:111)
	at allCommonData.TestHelper.validateStatusCode(TestHelper.java:21)
	at orderFlowNegative.TestsOrderFlowNegative.testOrderFlowNegativeDeliver(TestsOrderFlowNegative.java:550)
	at java.base/jdk.internal.reflect.DirectMethodHandleAccessor.invoke(DirectMethodHandleAccessor.java:103)
	at java.base/java.lang.reflect.Method.invoke(Method.java:580)
	at org.testng.internal.invokers.MethodInvocationHelper.invokeMethod(MethodInvocationHelper.java:141)
	at org.testng.internal.invokers.TestInvoker.invokeMethod(TestInvoker.java:686)
	at org.testng.internal.invokers.TestInvoker.invokeTestMethod(TestInvoker.java:230)
	at org.testng.internal.invokers.MethodRunner.runInSequence(MethodRunner.java:63)
	at org.testng.internal.invokers.TestInvoker$MethodInvocationAgent.invoke(TestInvoker.java:992)
	at org.testng.internal.invokers.TestInvoker.invokeTestMethods(TestInvoker.java:203)
	at org.testng.internal.invokers.TestMethodWorker.invokeTestMethods(TestMethodWorker.java:154)
	at org.testng.internal.invokers.TestMethodWorker.run(TestMethodWorker.java:134)
	at java.base/java.util.ArrayList.forEach(ArrayList.java:1597)
	at org.testng.TestRunner.privateRun(TestRunner.java:739)
	at org.testng.TestRunner.run(TestRunner.java:614)
	at org.testng.SuiteRunner.runTest(SuiteRunner.java:421)
	at org.testng.SuiteRunner.runSequentially(SuiteRunner.java:413)
	at org.testng.SuiteRunner.privateRun(SuiteRunner.java:373)
	at org.testng.SuiteRunner.run(SuiteRunner.java:312)
	at org.testng.SuiteRunnerWorker.runSuite(SuiteRunnerWorker.java:52)
	at org.testng.SuiteRunnerWorker.run(SuiteRunnerWorker.java:95)
	at org.testng.TestNG.runSuitesSequentially(TestNG.java:1274)
	at org.testng.TestNG.runSuitesLocally(TestNG.java:1208)
	at org.testng.TestNG.runSuites(TestNG.java:1112)
	at org.testng.TestNG.run(TestNG.java:1079)
	at org.testng.remote.AbstractRemoteTestNG.run(AbstractRemoteTestNG.java:115)
	at org.testng.remote.RemoteTestNG.initAndRun(RemoteTestNG.java:293)
	at org.testng.remote.RemoteTestNG.main(RemoteTestNG.java:91)
</pre></div></td>
<td>0</td>
<td>orderFlowNegative.TestsOrderFlowNegative@2dc9b0f5</td></tr>
<tr>
<td title='orderUpdateDispatch.TestsOrderUpdateDispatch.testOrderUpdateDispatchInventoryDetailsAfterUpdateOrder()'><b>testOrderUpdateDispatchInventoryDetailsAfterUpdateOrder</b><br>Test class: orderUpdateDispatch.TestsOrderUpdateDispatch</td>
<td><div><pre>java.lang.AssertionError: The following asserts failed:
	Pending Stock value Before Create Order is: 54, New Ordered Quantity is: 7, Expected Pending Stock value (Pending Stock Value Before Updating Order + New Ordered Quantity) After Update Order is: 61, But Actual Pending Stock value After Update Order is: 59. Incorrect,
	Expected Intransient Stock value (Intransient Stock value After Update Order = Intransient Stock value Before Create Order) After Update Order is: 37 But Actual Intransient Stock value After Update Order is: 39. Incorrect,
	Expected Available Stock value (Available Stock value After Update Order = Available Stock value Before Create Order) After Update Order is: 99961 But Actual Available Stock value After Update Order is: 99959. Incorrect
	at orderUpdateDispatch.TestsOrderUpdateDispatch.testOrderUpdateDispatchInventoryDetailsAfterUpdateOrder(TestsOrderUpdateDispatch.java:543)
	at java.base/java.util.ArrayList.forEach(ArrayList.java:1597)
... Removed 27 stack frames</pre></div><a href='#' onClick='toggleBox("stack-trace600825762", this, "Click to show all stack frames", "Click to hide stack frames")'>Click to show all stack frames</a>
<div class='stack-trace' id='stack-trace600825762'><pre>java.lang.AssertionError: The following asserts failed:
	Pending Stock value Before Create Order is: 54, New Ordered Quantity is: 7, Expected Pending Stock value (Pending Stock Value Before Updating Order + New Ordered Quantity) After Update Order is: 61, But Actual Pending Stock value After Update Order is: 59. Incorrect,
	Expected Intransient Stock value (Intransient Stock value After Update Order = Intransient Stock value Before Create Order) After Update Order is: 37 But Actual Intransient Stock value After Update Order is: 39. Incorrect,
	Expected Available Stock value (Available Stock value After Update Order = Available Stock value Before Create Order) After Update Order is: 99961 But Actual Available Stock value After Update Order is: 99959. Incorrect
	at org.testng.asserts.SoftAssert.assertAll(SoftAssert.java:46)
	at org.testng.asserts.SoftAssert.assertAll(SoftAssert.java:30)
	at orderUpdateDispatch.TestsOrderUpdateDispatch.testOrderUpdateDispatchInventoryDetailsAfterUpdateOrder(TestsOrderUpdateDispatch.java:543)
	at java.base/jdk.internal.reflect.DirectMethodHandleAccessor.invoke(DirectMethodHandleAccessor.java:103)
	at java.base/java.lang.reflect.Method.invoke(Method.java:580)
	at org.testng.internal.invokers.MethodInvocationHelper.invokeMethod(MethodInvocationHelper.java:141)
	at org.testng.internal.invokers.TestInvoker.invokeMethod(TestInvoker.java:686)
	at org.testng.internal.invokers.TestInvoker.invokeTestMethod(TestInvoker.java:230)
	at org.testng.internal.invokers.MethodRunner.runInSequence(MethodRunner.java:63)
	at org.testng.internal.invokers.TestInvoker$MethodInvocationAgent.invoke(TestInvoker.java:992)
	at org.testng.internal.invokers.TestInvoker.invokeTestMethods(TestInvoker.java:203)
	at org.testng.internal.invokers.TestMethodWorker.invokeTestMethods(TestMethodWorker.java:154)
	at org.testng.internal.invokers.TestMethodWorker.run(TestMethodWorker.java:134)
	at java.base/java.util.ArrayList.forEach(ArrayList.java:1597)
	at org.testng.TestRunner.privateRun(TestRunner.java:739)
	at org.testng.TestRunner.run(TestRunner.java:614)
	at org.testng.SuiteRunner.runTest(SuiteRunner.java:421)
	at org.testng.SuiteRunner.runSequentially(SuiteRunner.java:413)
	at org.testng.SuiteRunner.privateRun(SuiteRunner.java:373)
	at org.testng.SuiteRunner.run(SuiteRunner.java:312)
	at org.testng.SuiteRunnerWorker.runSuite(SuiteRunnerWorker.java:52)
	at org.testng.SuiteRunnerWorker.run(SuiteRunnerWorker.java:95)
	at org.testng.TestNG.runSuitesSequentially(TestNG.java:1274)
	at org.testng.TestNG.runSuitesLocally(TestNG.java:1208)
	at org.testng.TestNG.runSuites(TestNG.java:1112)
	at org.testng.TestNG.run(TestNG.java:1079)
	at org.testng.remote.AbstractRemoteTestNG.run(AbstractRemoteTestNG.java:115)
	at org.testng.remote.RemoteTestNG.initAndRun(RemoteTestNG.java:293)
	at org.testng.remote.RemoteTestNG.main(RemoteTestNG.java:91)
</pre></div></td>
<td>0</td>
<td>orderUpdateDispatch.TestsOrderUpdateDispatch@3b5fad2d</td></tr>
</table><p>
<table width='100%' border='1' class='invocation-passed'>
<tr><td colspan='4' align='center'><b>PASSED TESTS</b></td></tr>
<tr><td><b>Test method</b></td>
<td><b>Attribute(s)</b></td>
<td width="30%"><b>Exception</b></td>
<td width="10%"><b>Time (seconds)</b></td>
<td><b>Instance</b></td>
</tr>
<tr>
<td title='orderFlowNegative.TestsOrderFlowNegative.testOrderFlowNegativeInventoryDetailsBeforeCreateOrder()'><b>testOrderFlowNegativeInventoryDetailsBeforeCreateOrder</b><br>Test class: orderFlowNegative.TestsOrderFlowNegative</td>
<td></td>
<td>0</td>
<td>orderFlowNegative.TestsOrderFlowNegative@2dc9b0f5</td></tr>
<tr>
<td title='orderUpdateDispatch.TestsOrderUpdateDispatch.testOrderUpdateDispatchMarkPacked()'><b>testOrderUpdateDispatchMarkPacked</b><br>Test class: orderUpdateDispatch.TestsOrderUpdateDispatch</td>
<td></td>
<td>0</td>
<td>orderUpdateDispatch.TestsOrderUpdateDispatch@3b5fad2d</td></tr>
<tr>
<td title='orderFlowPositive.TestsOrderFlowPositive.testOrderFlowPositivecreateOrder()'><b>testOrderFlowPositivecreateOrder</b><br>Test class: orderFlowPositive.TestsOrderFlowPositive</td>
<td></td>
<td>2</td>
<td>orderFlowPositive.TestsOrderFlowPositive@4bc222e</td></tr>
<tr>
<td title='orderFlowPositive.TestsOrderFlowPositive.testOrderFlowPositiveInventoryDetailsAfterBatchAssign()'><b>testOrderFlowPositiveInventoryDetailsAfterBatchAssign</b><br>Test class: orderFlowPositive.TestsOrderFlowPositive</td>
<td></td>
<td>0</td>
<td>orderFlowPositive.TestsOrderFlowPositive@4bc222e</td></tr>
<tr>
<td title='orderCancelCreateOrder.TestsOrderCancelCreateOrder.testOrderCancelCreateOrderCreateOrder()'><b>testOrderCancelCreateOrderCreateOrder</b><br>Test class: orderCancelCreateOrder.TestsOrderCancelCreateOrder</td>
<td></td>
<td>0</td>
<td>orderCancelCreateOrder.TestsOrderCancelCreateOrder@6531a794</td></tr>
<tr>
<td title='orderFlowPositive.TestsOrderFlowPositive.testOrderFlowPositiveInventoryDetailsAfterCreateOrder()'><b>testOrderFlowPositiveInventoryDetailsAfterCreateOrder</b><br>Test class: orderFlowPositive.TestsOrderFlowPositive</td>
<td></td>
<td>0</td>
<td>orderFlowPositive.TestsOrderFlowPositive@4bc222e</td></tr>
<tr>
<td title='orderFlowNegative.TestsOrderFlowNegative.testOrderFlowNegativeBatchAssign()'><b>testOrderFlowNegativeBatchAssign</b><br>Test class: orderFlowNegative.TestsOrderFlowNegative</td>
<td></td>
<td>0</td>
<td>orderFlowNegative.TestsOrderFlowNegative@2dc9b0f5</td></tr>
<tr>
<td title='orderFlowPositive.TestsOrderFlowPositive.testOrderFlowPositiveBatchAssign()'><b>testOrderFlowPositiveBatchAssign</b><br>Test class: orderFlowPositive.TestsOrderFlowPositive</td>
<td></td>
<td>0</td>
<td>orderFlowPositive.TestsOrderFlowPositive@4bc222e</td></tr>
<tr>
<td title='orderUpdateDispatch.TestsOrderUpdateDispatch.testOrderUpdateDispatchInventoryDetailsAfterMarkPacked()'><b>testOrderUpdateDispatchInventoryDetailsAfterMarkPacked</b><br>Test class: orderUpdateDispatch.TestsOrderUpdateDispatch</td>
<td></td>
<td>0</td>
<td>orderUpdateDispatch.TestsOrderUpdateDispatch@3b5fad2d</td></tr>
<tr>
<td title='orderFlowNegative.TestsOrderFlowNegative.testOrderFlowNegativeInventoryDetailsAfterInvoiceNumber()'><b>testOrderFlowNegativeInventoryDetailsAfterInvoiceNumber</b><br>Test class: orderFlowNegative.TestsOrderFlowNegative</td>
<td></td>
<td>0</td>
<td>orderFlowNegative.TestsOrderFlowNegative@2dc9b0f5</td></tr>
<tr>
<td title='orderFlowPositive.TestsOrderFlowPositive.testOrderFlowPositiveInvoiceNumber()'><b>testOrderFlowPositiveInvoiceNumber</b><br>Test class: orderFlowPositive.TestsOrderFlowPositive</td>
<td></td>
<td>0</td>
<td>orderFlowPositive.TestsOrderFlowPositive@4bc222e</td></tr>
<tr>
<td title='orderFlowPositive.TestsOrderFlowPositive.testOrderFlowPositiveMarkPacked()'><b>testOrderFlowPositiveMarkPacked</b><br>Test class: orderFlowPositive.TestsOrderFlowPositive</td>
<td></td>
<td>0</td>
<td>orderFlowPositive.TestsOrderFlowPositive@4bc222e</td></tr>
<tr>
<td title='orderUpdateDispatch.TestsOrderUpdateDispatch.testOrderUpdateDispatchInventoryDetailsBeforeCreateOrder()'><b>testOrderUpdateDispatchInventoryDetailsBeforeCreateOrder</b><br>Test class: orderUpdateDispatch.TestsOrderUpdateDispatch</td>
<td></td>
<td>0</td>
<td>orderUpdateDispatch.TestsOrderUpdateDispatch@3b5fad2d</td></tr>
<tr>
<td title='orderUpdateDispatch.TestsOrderUpdateDispatch.testOrderUpdateDispatchInventoryDetailsAfterCreateOrder()'><b>testOrderUpdateDispatchInventoryDetailsAfterCreateOrder</b><br>Test class: orderUpdateDispatch.TestsOrderUpdateDispatch</td>
<td></td>
<td>0</td>
<td>orderUpdateDispatch.TestsOrderUpdateDispatch@3b5fad2d</td></tr>
<tr>
<td title='orderUpdateDispatch.TestsOrderUpdateDispatch.testOrderUpdateDispatchInventoryDetailsAfterDispatch()'><b>testOrderUpdateDispatchInventoryDetailsAfterDispatch</b><br>Test class: orderUpdateDispatch.TestsOrderUpdateDispatch</td>
<td></td>
<td>0</td>
<td>orderUpdateDispatch.TestsOrderUpdateDispatch@3b5fad2d</td></tr>
<tr>
<td title='orderFlowPositive.TestsOrderFlowPositive.testOrderFlowPositiveInventoryDetailsAfterInvoiceNumber()'><b>testOrderFlowPositiveInventoryDetailsAfterInvoiceNumber</b><br>Test class: orderFlowPositive.TestsOrderFlowPositive</td>
<td></td>
<td>0</td>
<td>orderFlowPositive.TestsOrderFlowPositive@4bc222e</td></tr>
<tr>
<td title='orderFlowNegative.TestsOrderFlowNegative.testOrderFlowNegativeInventoryDetailsAfterMarkPacked()'><b>testOrderFlowNegativeInventoryDetailsAfterMarkPacked</b><br>Test class: orderFlowNegative.TestsOrderFlowNegative</td>
<td></td>
<td>0</td>
<td>orderFlowNegative.TestsOrderFlowNegative@2dc9b0f5</td></tr>
<tr>
<td title='orderFlowNegative.TestsOrderFlowNegative.testOrderFlowNegativeInventoryDetailsAfterCreateShipment()'><b>testOrderFlowNegativeInventoryDetailsAfterCreateShipment</b><br>Test class: orderFlowNegative.TestsOrderFlowNegative</td>
<td></td>
<td>0</td>
<td>orderFlowNegative.TestsOrderFlowNegative@2dc9b0f5</td></tr>
<tr>
<td title='orderFlowNegative.TestsOrderFlowNegative.testOrderFlowNegativecreateOrder()'><b>testOrderFlowNegativecreateOrder</b><br>Test class: orderFlowNegative.TestsOrderFlowNegative</td>
<td></td>
<td>0</td>
<td>orderFlowNegative.TestsOrderFlowNegative@2dc9b0f5</td></tr>
<tr>
<td title='orderFlowPositive.TestsOrderFlowPositive.testOrderFlowPositiveInventoryDetailsAfterDispatch()'><b>testOrderFlowPositiveInventoryDetailsAfterDispatch</b><br>Test class: orderFlowPositive.TestsOrderFlowPositive</td>
<td></td>
<td>0</td>
<td>orderFlowPositive.TestsOrderFlowPositive@4bc222e</td></tr>
<tr>
<td title='orderFlowNegative.TestsOrderFlowNegative.testOrderFlowNegativeInventoryDetailsAfterDispatch()'><b>testOrderFlowNegativeInventoryDetailsAfterDispatch</b><br>Test class: orderFlowNegative.TestsOrderFlowNegative</td>
<td></td>
<td>0</td>
<td>orderFlowNegative.TestsOrderFlowNegative@2dc9b0f5</td></tr>
<tr>
<td title='orderUpdateDispatch.TestsOrderUpdateDispatch.testOrderUpdateDispatchCreateShipment()'><b>testOrderUpdateDispatchCreateShipment</b><br>Test class: orderUpdateDispatch.TestsOrderUpdateDispatch</td>
<td></td>
<td>0</td>
<td>orderUpdateDispatch.TestsOrderUpdateDispatch@3b5fad2d</td></tr>
<tr>
<td title='orderFlowPositive.TestsOrderFlowPositive.testOrderFlowPositiveCreateShipment()'><b>testOrderFlowPositiveCreateShipment</b><br>Test class: orderFlowPositive.TestsOrderFlowPositive</td>
<td></td>
<td>12</td>
<td>orderFlowPositive.TestsOrderFlowPositive@4bc222e</td></tr>
<tr>
<td title='orderUpdateDispatch.TestsOrderUpdateDispatch.testOrderUpdateDispatchDispatch()'><b>testOrderUpdateDispatchDispatch</b><br>Test class: orderUpdateDispatch.TestsOrderUpdateDispatch</td>
<td></td>
<td>0</td>
<td>orderUpdateDispatch.TestsOrderUpdateDispatch@3b5fad2d</td></tr>
<tr>
<td title='bearerTokenGenerate.TestsBearerTokenGenerate.testOrderFlowGenerateToken()'><b>testOrderFlowGenerateToken</b><br>Test class: bearerTokenGenerate.TestsBearerTokenGenerate</td>
<td></td>
<td>2</td>
<td>bearerTokenGenerate.TestsBearerTokenGenerate@6ca18a14</td></tr>
<tr>
<td title='orderUpdateDispatch.TestsOrderUpdateDispatch.testOrderUpdateDispatchInventoryDetailsAfterBatchAssign()'><b>testOrderUpdateDispatchInventoryDetailsAfterBatchAssign</b><br>Test class: orderUpdateDispatch.TestsOrderUpdateDispatch</td>
<td></td>
<td>0</td>
<td>orderUpdateDispatch.TestsOrderUpdateDispatch@3b5fad2d</td></tr>
<tr>
<td title='orderFlowPositive.TestsOrderFlowPositive.testOrderFlowPositiveInventoryDetailsBeforeCreateOrder()'><b>testOrderFlowPositiveInventoryDetailsBeforeCreateOrder</b><br>Test class: orderFlowPositive.TestsOrderFlowPositive</td>
<td></td>
<td>0</td>
<td>orderFlowPositive.TestsOrderFlowPositive@4bc222e</td></tr>
<tr>
<td title='orderFlowPositive.TestsOrderFlowPositive.testOrderFlowPositiveInventoryDetailsAfterMarkPacked()'><b>testOrderFlowPositiveInventoryDetailsAfterMarkPacked</b><br>Test class: orderFlowPositive.TestsOrderFlowPositive</td>
<td></td>
<td>0</td>
<td>orderFlowPositive.TestsOrderFlowPositive@4bc222e</td></tr>
<tr>
<td title='orderFlowNegative.TestsOrderFlowNegative.testOrderFlowNegativeInventoryDetailsAfterCreateOrder()'><b>testOrderFlowNegativeInventoryDetailsAfterCreateOrder</b><br>Test class: orderFlowNegative.TestsOrderFlowNegative</td>
<td></td>
<td>0</td>
<td>orderFlowNegative.TestsOrderFlowNegative@2dc9b0f5</td></tr>
<tr>
<td title='orderFlowPositive.TestsOrderFlowPositive.testOrderFlowPositiveInventoryDetailsAfterCreateShipment()'><b>testOrderFlowPositiveInventoryDetailsAfterCreateShipment</b><br>Test class: orderFlowPositive.TestsOrderFlowPositive</td>
<td></td>
<td>1</td>
<td>orderFlowPositive.TestsOrderFlowPositive@4bc222e</td></tr>
<tr>
<td title='orderUpdateDispatch.TestsOrderUpdateDispatch.testOrderUpdateDispatchBatchAssign()'><b>testOrderUpdateDispatchBatchAssign</b><br>Test class: orderUpdateDispatch.TestsOrderUpdateDispatch</td>
<td></td>
<td>0</td>
<td>orderUpdateDispatch.TestsOrderUpdateDispatch@3b5fad2d</td></tr>
<tr>
<td title='orderCancelCreateOrder.TestsOrderCancelCreateOrder.testOrderCancelCreateOrderInventoryDetailsBeforeCreateOrder()'><b>testOrderCancelCreateOrderInventoryDetailsBeforeCreateOrder</b><br>Test class: orderCancelCreateOrder.TestsOrderCancelCreateOrder</td>
<td></td>
<td>0</td>
<td>orderCancelCreateOrder.TestsOrderCancelCreateOrder@6531a794</td></tr>
<tr>
<td title='orderUpdateDispatch.TestsOrderUpdateDispatch.testOrderUpdateDispatchCreateOrder()'><b>testOrderUpdateDispatchCreateOrder</b><br>Test class: orderUpdateDispatch.TestsOrderUpdateDispatch</td>
<td></td>
<td>0</td>
<td>orderUpdateDispatch.TestsOrderUpdateDispatch@3b5fad2d</td></tr>
<tr>
<td title='orderFlowPositive.TestsOrderFlowPositive.testOrderFlowPositiveDispatch()'><b>testOrderFlowPositiveDispatch</b><br>Test class: orderFlowPositive.TestsOrderFlowPositive</td>
<td></td>
<td>0</td>
<td>orderFlowPositive.TestsOrderFlowPositive@4bc222e</td></tr>
<tr>
<td title='orderUpdateDispatch.TestsOrderUpdateDispatch.testOrderUpdateDispatchInventoryDetailsAfterCreateShipment()'><b>testOrderUpdateDispatchInventoryDetailsAfterCreateShipment</b><br>Test class: orderUpdateDispatch.TestsOrderUpdateDispatch</td>
<td></td>
<td>0</td>
<td>orderUpdateDispatch.TestsOrderUpdateDispatch@3b5fad2d</td></tr>
<tr>
<td title='orderFlowNegative.TestsOrderFlowNegative.testOrderFlowNegativeCreateShipment()'><b>testOrderFlowNegativeCreateShipment</b><br>Test class: orderFlowNegative.TestsOrderFlowNegative</td>
<td></td>
<td>0</td>
<td>orderFlowNegative.TestsOrderFlowNegative@2dc9b0f5</td></tr>
<tr>
<td title='orderFlowNegative.TestsOrderFlowNegative.testOrderFlowNegativeDispatch()'><b>testOrderFlowNegativeDispatch</b><br>Test class: orderFlowNegative.TestsOrderFlowNegative</td>
<td></td>
<td>0</td>
<td>orderFlowNegative.TestsOrderFlowNegative@2dc9b0f5</td></tr>
<tr>
<td title='orderFlowNegative.TestsOrderFlowNegative.testOrderFlowNegativeInvoiceNumber()'><b>testOrderFlowNegativeInvoiceNumber</b><br>Test class: orderFlowNegative.TestsOrderFlowNegative</td>
<td></td>
<td>0</td>
<td>orderFlowNegative.TestsOrderFlowNegative@2dc9b0f5</td></tr>
<tr>
<td title='orderCancelCreateOrder.TestsOrderCancelCreateOrder.testOrderCancelCreateOrderCancelOrder()'><b>testOrderCancelCreateOrderCancelOrder</b><br>Test class: orderCancelCreateOrder.TestsOrderCancelCreateOrder</td>
<td></td>
<td>0</td>
<td>orderCancelCreateOrder.TestsOrderCancelCreateOrder@6531a794</td></tr>
<tr>
<td title='orderFlowNegative.TestsOrderFlowNegative.testOrderFlowNegativeMarkPacked()'><b>testOrderFlowNegativeMarkPacked</b><br>Test class: orderFlowNegative.TestsOrderFlowNegative</td>
<td></td>
<td>0</td>
<td>orderFlowNegative.TestsOrderFlowNegative@2dc9b0f5</td></tr>
<tr>
<td title='orderUpdateDispatch.TestsOrderUpdateDispatch.testOrderUpdateDispatchUpdateOrder()'><b>testOrderUpdateDispatchUpdateOrder</b><br>Test class: orderUpdateDispatch.TestsOrderUpdateDispatch</td>
<td></td>
<td>1</td>
<td>orderUpdateDispatch.TestsOrderUpdateDispatch@3b5fad2d</td></tr>
<tr>
<td title='orderFlowNegative.TestsOrderFlowNegative.testOrderFlowNegativeInventoryDetailsAfterBatchAssign()'><b>testOrderFlowNegativeInventoryDetailsAfterBatchAssign</b><br>Test class: orderFlowNegative.TestsOrderFlowNegative</td>
<td></td>
<td>1</td>
<td>orderFlowNegative.TestsOrderFlowNegative@2dc9b0f5</td></tr>
<tr>
<td title='orderCancelCreateOrder.TestsOrderCancelCreateOrder.testOrderCancelCreateOrderInventoryDetailsAfterCreateOrder()'><b>testOrderCancelCreateOrderInventoryDetailsAfterCreateOrder</b><br>Test class: orderCancelCreateOrder.TestsOrderCancelCreateOrder</td>
<td></td>
<td>0</td>
<td>orderCancelCreateOrder.TestsOrderCancelCreateOrder@6531a794</td></tr>
<tr>
<td title='orderCancelCreateOrder.TestsOrderCancelCreateOrder.testOrderCancelCreateOrderInventoryDetailsAfterCancelOrder()'><b>testOrderCancelCreateOrderInventoryDetailsAfterCancelOrder</b><br>Test class: orderCancelCreateOrder.TestsOrderCancelCreateOrder</td>
<td></td>
<td>0</td>
<td>orderCancelCreateOrder.TestsOrderCancelCreateOrder@6531a794</td></tr>
</table><p>
<table width='100%' border='1' class='invocation-skipped'>
<tr><td colspan='4' align='center'><b>SKIPPED TESTS</b></td></tr>
<tr><td><b>Test method</b></td>
<td><b>Attribute(s)</b></td>
<td width="30%"><b>Exception</b></td>
<td width="10%"><b>Time (seconds)</b></td>
<td><b>Instance</b></td>
</tr>
<tr>
<td title='orderFlowPositive.TestsOrderFlowPositive.testOrderFlowPositiveInventoryDetailsAfterInventorySettlement()'><b>testOrderFlowPositiveInventoryDetailsAfterInventorySettlement</b><br>Test class: orderFlowPositive.TestsOrderFlowPositive</td>
<td><div><pre>java.lang.Throwable: Method orderFlowPositive.TestsOrderFlowPositive.testOrderFlowPositiveInventoryDetailsAfterInventorySettlement() on instance orderFlowPositive.TestsOrderFlowPositive@4bc222e depends on not successfully finished methods 
[orderFlowPositive.TestsOrderFlowPositive.testOrderFlowPositiveInventorySettlement() on instance orderFlowPositive.TestsOrderFlowPositive@4bc222e]
	at java.base/java.util.ArrayList.forEach(ArrayList.java:1597)
... Removed 18 stack frames</pre></div><a href='#' onClick='toggleBox("stack-trace2081312334", this, "Click to show all stack frames", "Click to hide stack frames")'>Click to show all stack frames</a>
<div class='stack-trace' id='stack-trace2081312334'><pre>java.lang.Throwable: Method orderFlowPositive.TestsOrderFlowPositive.testOrderFlowPositiveInventoryDetailsAfterInventorySettlement() on instance orderFlowPositive.TestsOrderFlowPositive@4bc222e depends on not successfully finished methods 
[orderFlowPositive.TestsOrderFlowPositive.testOrderFlowPositiveInventorySettlement() on instance orderFlowPositive.TestsOrderFlowPositive@4bc222e]
	at org.testng.internal.invokers.TestInvoker.invokeTestMethods(TestInvoker.java:159)
	at org.testng.internal.invokers.TestMethodWorker.invokeTestMethods(TestMethodWorker.java:154)
	at org.testng.internal.invokers.TestMethodWorker.run(TestMethodWorker.java:134)
	at java.base/java.util.ArrayList.forEach(ArrayList.java:1597)
	at org.testng.TestRunner.privateRun(TestRunner.java:739)
	at org.testng.TestRunner.run(TestRunner.java:614)
	at org.testng.SuiteRunner.runTest(SuiteRunner.java:421)
	at org.testng.SuiteRunner.runSequentially(SuiteRunner.java:413)
	at org.testng.SuiteRunner.privateRun(SuiteRunner.java:373)
	at org.testng.SuiteRunner.run(SuiteRunner.java:312)
	at org.testng.SuiteRunnerWorker.runSuite(SuiteRunnerWorker.java:52)
	at org.testng.SuiteRunnerWorker.run(SuiteRunnerWorker.java:95)
	at org.testng.TestNG.runSuitesSequentially(TestNG.java:1274)
	at org.testng.TestNG.runSuitesLocally(TestNG.java:1208)
	at org.testng.TestNG.runSuites(TestNG.java:1112)
	at org.testng.TestNG.run(TestNG.java:1079)
	at org.testng.remote.AbstractRemoteTestNG.run(AbstractRemoteTestNG.java:115)
	at org.testng.remote.RemoteTestNG.initAndRun(RemoteTestNG.java:293)
	at org.testng.remote.RemoteTestNG.main(RemoteTestNG.java:91)
</pre></div></td>
<td>0</td>
<td>orderFlowPositive.TestsOrderFlowPositive@4bc222e</td></tr>
<tr>
<td title='orderFlowNegative.TestsOrderFlowNegative.testOrderFlowNegativeInventoryDetailsAfterCompleteQCReturn()'><b>testOrderFlowNegativeInventoryDetailsAfterCompleteQCReturn</b><br>Test class: orderFlowNegative.TestsOrderFlowNegative</td>
<td><div><pre>java.lang.Throwable: Method orderFlowNegative.TestsOrderFlowNegative.testOrderFlowNegativeInventoryDetailsAfterCompleteQCReturn() on instance orderFlowNegative.TestsOrderFlowNegative@2dc9b0f5 depends on not successfully finished methods 
[orderFlowNegative.TestsOrderFlowNegative.testOrderFlowNegativeCompleteQCReturn() on instance orderFlowNegative.TestsOrderFlowNegative@2dc9b0f5]
	at java.base/java.util.ArrayList.forEach(ArrayList.java:1597)
... Removed 18 stack frames</pre></div><a href='#' onClick='toggleBox("stack-trace1334973394", this, "Click to show all stack frames", "Click to hide stack frames")'>Click to show all stack frames</a>
<div class='stack-trace' id='stack-trace1334973394'><pre>java.lang.Throwable: Method orderFlowNegative.TestsOrderFlowNegative.testOrderFlowNegativeInventoryDetailsAfterCompleteQCReturn() on instance orderFlowNegative.TestsOrderFlowNegative@2dc9b0f5 depends on not successfully finished methods 
[orderFlowNegative.TestsOrderFlowNegative.testOrderFlowNegativeCompleteQCReturn() on instance orderFlowNegative.TestsOrderFlowNegative@2dc9b0f5]
	at org.testng.internal.invokers.TestInvoker.invokeTestMethods(TestInvoker.java:159)
	at org.testng.internal.invokers.TestMethodWorker.invokeTestMethods(TestMethodWorker.java:154)
	at org.testng.internal.invokers.TestMethodWorker.run(TestMethodWorker.java:134)
	at java.base/java.util.ArrayList.forEach(ArrayList.java:1597)
	at org.testng.TestRunner.privateRun(TestRunner.java:739)
	at org.testng.TestRunner.run(TestRunner.java:614)
	at org.testng.SuiteRunner.runTest(SuiteRunner.java:421)
	at org.testng.SuiteRunner.runSequentially(SuiteRunner.java:413)
	at org.testng.SuiteRunner.privateRun(SuiteRunner.java:373)
	at org.testng.SuiteRunner.run(SuiteRunner.java:312)
	at org.testng.SuiteRunnerWorker.runSuite(SuiteRunnerWorker.java:52)
	at org.testng.SuiteRunnerWorker.run(SuiteRunnerWorker.java:95)
	at org.testng.TestNG.runSuitesSequentially(TestNG.java:1274)
	at org.testng.TestNG.runSuitesLocally(TestNG.java:1208)
	at org.testng.TestNG.runSuites(TestNG.java:1112)
	at org.testng.TestNG.run(TestNG.java:1079)
	at org.testng.remote.AbstractRemoteTestNG.run(AbstractRemoteTestNG.java:115)
	at org.testng.remote.RemoteTestNG.initAndRun(RemoteTestNG.java:293)
	at org.testng.remote.RemoteTestNG.main(RemoteTestNG.java:91)
</pre></div></td>
<td>0</td>
<td>orderFlowNegative.TestsOrderFlowNegative@2dc9b0f5</td></tr>
<tr>
<td title='orderFlowPositive.TestsOrderFlowPositive.testOrderFlowPositiveAcceptItemQC()'><b>testOrderFlowPositiveAcceptItemQC</b><br>Test class: orderFlowPositive.TestsOrderFlowPositive</td>
<td><div><pre>java.lang.Throwable: Method orderFlowPositive.TestsOrderFlowPositive.testOrderFlowPositiveAcceptItemQC() on instance orderFlowPositive.TestsOrderFlowPositive@4bc222e depends on not successfully finished methods 
[orderFlowPositive.TestsOrderFlowPositive.testOrderFlowPositiveInventoryDetailsAfterActionCompleteQC() on instance orderFlowPositive.TestsOrderFlowPositive@4bc222e]
	at java.base/java.util.ArrayList.forEach(ArrayList.java:1597)
... Removed 18 stack frames</pre></div><a href='#' onClick='toggleBox("stack-trace1874912328", this, "Click to show all stack frames", "Click to hide stack frames")'>Click to show all stack frames</a>
<div class='stack-trace' id='stack-trace1874912328'><pre>java.lang.Throwable: Method orderFlowPositive.TestsOrderFlowPositive.testOrderFlowPositiveAcceptItemQC() on instance orderFlowPositive.TestsOrderFlowPositive@4bc222e depends on not successfully finished methods 
[orderFlowPositive.TestsOrderFlowPositive.testOrderFlowPositiveInventoryDetailsAfterActionCompleteQC() on instance orderFlowPositive.TestsOrderFlowPositive@4bc222e]
	at org.testng.internal.invokers.TestInvoker.invokeTestMethods(TestInvoker.java:159)
	at org.testng.internal.invokers.TestMethodWorker.invokeTestMethods(TestMethodWorker.java:154)
	at org.testng.internal.invokers.TestMethodWorker.run(TestMethodWorker.java:134)
	at java.base/java.util.ArrayList.forEach(ArrayList.java:1597)
	at org.testng.TestRunner.privateRun(TestRunner.java:739)
	at org.testng.TestRunner.run(TestRunner.java:614)
	at org.testng.SuiteRunner.runTest(SuiteRunner.java:421)
	at org.testng.SuiteRunner.runSequentially(SuiteRunner.java:413)
	at org.testng.SuiteRunner.privateRun(SuiteRunner.java:373)
	at org.testng.SuiteRunner.run(SuiteRunner.java:312)
	at org.testng.SuiteRunnerWorker.runSuite(SuiteRunnerWorker.java:52)
	at org.testng.SuiteRunnerWorker.run(SuiteRunnerWorker.java:95)
	at org.testng.TestNG.runSuitesSequentially(TestNG.java:1274)
	at org.testng.TestNG.runSuitesLocally(TestNG.java:1208)
	at org.testng.TestNG.runSuites(TestNG.java:1112)
	at org.testng.TestNG.run(TestNG.java:1079)
	at org.testng.remote.AbstractRemoteTestNG.run(AbstractRemoteTestNG.java:115)
	at org.testng.remote.RemoteTestNG.initAndRun(RemoteTestNG.java:293)
	at org.testng.remote.RemoteTestNG.main(RemoteTestNG.java:91)
</pre></div></td>
<td>0</td>
<td>orderFlowPositive.TestsOrderFlowPositive@4bc222e</td></tr>
<tr>
<td title='orderFlowNegative.TestsOrderFlowNegative.testOrderFlowNegativeInventoryDetailsAfterDeliver()'><b>testOrderFlowNegativeInventoryDetailsAfterDeliver</b><br>Test class: orderFlowNegative.TestsOrderFlowNegative</td>
<td><div><pre>java.lang.Throwable: Method orderFlowNegative.TestsOrderFlowNegative.testOrderFlowNegativeInventoryDetailsAfterDeliver() on instance orderFlowNegative.TestsOrderFlowNegative@2dc9b0f5 depends on not successfully finished methods 
[orderFlowNegative.TestsOrderFlowNegative.testOrderFlowNegativeDeliver() on instance orderFlowNegative.TestsOrderFlowNegative@2dc9b0f5]
	at java.base/java.util.ArrayList.forEach(ArrayList.java:1597)
... Removed 18 stack frames</pre></div><a href='#' onClick='toggleBox("stack-trace1798272295", this, "Click to show all stack frames", "Click to hide stack frames")'>Click to show all stack frames</a>
<div class='stack-trace' id='stack-trace1798272295'><pre>java.lang.Throwable: Method orderFlowNegative.TestsOrderFlowNegative.testOrderFlowNegativeInventoryDetailsAfterDeliver() on instance orderFlowNegative.TestsOrderFlowNegative@2dc9b0f5 depends on not successfully finished methods 
[orderFlowNegative.TestsOrderFlowNegative.testOrderFlowNegativeDeliver() on instance orderFlowNegative.TestsOrderFlowNegative@2dc9b0f5]
	at org.testng.internal.invokers.TestInvoker.invokeTestMethods(TestInvoker.java:159)
	at org.testng.internal.invokers.TestMethodWorker.invokeTestMethods(TestMethodWorker.java:154)
	at org.testng.internal.invokers.TestMethodWorker.run(TestMethodWorker.java:134)
	at java.base/java.util.ArrayList.forEach(ArrayList.java:1597)
	at org.testng.TestRunner.privateRun(TestRunner.java:739)
	at org.testng.TestRunner.run(TestRunner.java:614)
	at org.testng.SuiteRunner.runTest(SuiteRunner.java:421)
	at org.testng.SuiteRunner.runSequentially(SuiteRunner.java:413)
	at org.testng.SuiteRunner.privateRun(SuiteRunner.java:373)
	at org.testng.SuiteRunner.run(SuiteRunner.java:312)
	at org.testng.SuiteRunnerWorker.runSuite(SuiteRunnerWorker.java:52)
	at org.testng.SuiteRunnerWorker.run(SuiteRunnerWorker.java:95)
	at org.testng.TestNG.runSuitesSequentially(TestNG.java:1274)
	at org.testng.TestNG.runSuitesLocally(TestNG.java:1208)
	at org.testng.TestNG.runSuites(TestNG.java:1112)
	at org.testng.TestNG.run(TestNG.java:1079)
	at org.testng.remote.AbstractRemoteTestNG.run(AbstractRemoteTestNG.java:115)
	at org.testng.remote.RemoteTestNG.initAndRun(RemoteTestNG.java:293)
	at org.testng.remote.RemoteTestNG.main(RemoteTestNG.java:91)
</pre></div></td>
<td>0</td>
<td>orderFlowNegative.TestsOrderFlowNegative@2dc9b0f5</td></tr>
<tr>
<td title='orderFlowNegative.TestsOrderFlowNegative.testOrderFlowNegativeInventoryDetailsAfterInventorySettlementReturn()'><b>testOrderFlowNegativeInventoryDetailsAfterInventorySettlementReturn</b><br>Test class: orderFlowNegative.TestsOrderFlowNegative</td>
<td><div><pre>java.lang.Throwable: Method orderFlowNegative.TestsOrderFlowNegative.testOrderFlowNegativeInventoryDetailsAfterInventorySettlementReturn() on instance orderFlowNegative.TestsOrderFlowNegative@2dc9b0f5 depends on not successfully finished methods 
[orderFlowNegative.TestsOrderFlowNegative.testOrderFlowNegativeInventorySettlementReturn() on instance orderFlowNegative.TestsOrderFlowNegative@2dc9b0f5]
	at java.base/java.util.ArrayList.forEach(ArrayList.java:1597)
... Removed 18 stack frames</pre></div><a href='#' onClick='toggleBox("stack-trace413935078", this, "Click to show all stack frames", "Click to hide stack frames")'>Click to show all stack frames</a>
<div class='stack-trace' id='stack-trace413935078'><pre>java.lang.Throwable: Method orderFlowNegative.TestsOrderFlowNegative.testOrderFlowNegativeInventoryDetailsAfterInventorySettlementReturn() on instance orderFlowNegative.TestsOrderFlowNegative@2dc9b0f5 depends on not successfully finished methods 
[orderFlowNegative.TestsOrderFlowNegative.testOrderFlowNegativeInventorySettlementReturn() on instance orderFlowNegative.TestsOrderFlowNegative@2dc9b0f5]
	at org.testng.internal.invokers.TestInvoker.invokeTestMethods(TestInvoker.java:159)
	at org.testng.internal.invokers.TestMethodWorker.invokeTestMethods(TestMethodWorker.java:154)
	at org.testng.internal.invokers.TestMethodWorker.run(TestMethodWorker.java:134)
	at java.base/java.util.ArrayList.forEach(ArrayList.java:1597)
	at org.testng.TestRunner.privateRun(TestRunner.java:739)
	at org.testng.TestRunner.run(TestRunner.java:614)
	at org.testng.SuiteRunner.runTest(SuiteRunner.java:421)
	at org.testng.SuiteRunner.runSequentially(SuiteRunner.java:413)
	at org.testng.SuiteRunner.privateRun(SuiteRunner.java:373)
	at org.testng.SuiteRunner.run(SuiteRunner.java:312)
	at org.testng.SuiteRunnerWorker.runSuite(SuiteRunnerWorker.java:52)
	at org.testng.SuiteRunnerWorker.run(SuiteRunnerWorker.java:95)
	at org.testng.TestNG.runSuitesSequentially(TestNG.java:1274)
	at org.testng.TestNG.runSuitesLocally(TestNG.java:1208)
	at org.testng.TestNG.runSuites(TestNG.java:1112)
	at org.testng.TestNG.run(TestNG.java:1079)
	at org.testng.remote.AbstractRemoteTestNG.run(AbstractRemoteTestNG.java:115)
	at org.testng.remote.RemoteTestNG.initAndRun(RemoteTestNG.java:293)
	at org.testng.remote.RemoteTestNG.main(RemoteTestNG.java:91)
</pre></div></td>
<td>0</td>
<td>orderFlowNegative.TestsOrderFlowNegative@2dc9b0f5</td></tr>
<tr>
<td title='orderFlowNegative.TestsOrderFlowNegative.testOrderFlowNegativeActionCompleteQC()'><b>testOrderFlowNegativeActionCompleteQC</b><br>Test class: orderFlowNegative.TestsOrderFlowNegative</td>
<td><div><pre>java.lang.Throwable: Method orderFlowNegative.TestsOrderFlowNegative.testOrderFlowNegativeActionCompleteQC() on instance orderFlowNegative.TestsOrderFlowNegative@2dc9b0f5 depends on not successfully finished methods 
[orderFlowNegative.TestsOrderFlowNegative.testOrderFlowNegativeInventoryDetailsAfterDeliver() on instance orderFlowNegative.TestsOrderFlowNegative@2dc9b0f5]
	at java.base/java.util.ArrayList.forEach(ArrayList.java:1597)
... Removed 18 stack frames</pre></div><a href='#' onClick='toggleBox("stack-trace1285344791", this, "Click to show all stack frames", "Click to hide stack frames")'>Click to show all stack frames</a>
<div class='stack-trace' id='stack-trace1285344791'><pre>java.lang.Throwable: Method orderFlowNegative.TestsOrderFlowNegative.testOrderFlowNegativeActionCompleteQC() on instance orderFlowNegative.TestsOrderFlowNegative@2dc9b0f5 depends on not successfully finished methods 
[orderFlowNegative.TestsOrderFlowNegative.testOrderFlowNegativeInventoryDetailsAfterDeliver() on instance orderFlowNegative.TestsOrderFlowNegative@2dc9b0f5]
	at org.testng.internal.invokers.TestInvoker.invokeTestMethods(TestInvoker.java:159)
	at org.testng.internal.invokers.TestMethodWorker.invokeTestMethods(TestMethodWorker.java:154)
	at org.testng.internal.invokers.TestMethodWorker.run(TestMethodWorker.java:134)
	at java.base/java.util.ArrayList.forEach(ArrayList.java:1597)
	at org.testng.TestRunner.privateRun(TestRunner.java:739)
	at org.testng.TestRunner.run(TestRunner.java:614)
	at org.testng.SuiteRunner.runTest(SuiteRunner.java:421)
	at org.testng.SuiteRunner.runSequentially(SuiteRunner.java:413)
	at org.testng.SuiteRunner.privateRun(SuiteRunner.java:373)
	at org.testng.SuiteRunner.run(SuiteRunner.java:312)
	at org.testng.SuiteRunnerWorker.runSuite(SuiteRunnerWorker.java:52)
	at org.testng.SuiteRunnerWorker.run(SuiteRunnerWorker.java:95)
	at org.testng.TestNG.runSuitesSequentially(TestNG.java:1274)
	at org.testng.TestNG.runSuitesLocally(TestNG.java:1208)
	at org.testng.TestNG.runSuites(TestNG.java:1112)
	at org.testng.TestNG.run(TestNG.java:1079)
	at org.testng.remote.AbstractRemoteTestNG.run(AbstractRemoteTestNG.java:115)
	at org.testng.remote.RemoteTestNG.initAndRun(RemoteTestNG.java:293)
	at org.testng.remote.RemoteTestNG.main(RemoteTestNG.java:91)
</pre></div></td>
<td>0</td>
<td>orderFlowNegative.TestsOrderFlowNegative@2dc9b0f5</td></tr>
<tr>
<td title='orderFlowNegative.TestsOrderFlowNegative.testOrderFlowNegativeInventoryDetailsAfterCompleteQC()'><b>testOrderFlowNegativeInventoryDetailsAfterCompleteQC</b><br>Test class: orderFlowNegative.TestsOrderFlowNegative</td>
<td><div><pre>java.lang.Throwable: Method orderFlowNegative.TestsOrderFlowNegative.testOrderFlowNegativeInventoryDetailsAfterCompleteQC() on instance orderFlowNegative.TestsOrderFlowNegative@2dc9b0f5 depends on not successfully finished methods 
[orderFlowNegative.TestsOrderFlowNegative.testOrderFlowNegativeCompleteQC() on instance orderFlowNegative.TestsOrderFlowNegative@2dc9b0f5]
	at java.base/java.util.ArrayList.forEach(ArrayList.java:1597)
... Removed 18 stack frames</pre></div><a href='#' onClick='toggleBox("stack-trace433545478", this, "Click to show all stack frames", "Click to hide stack frames")'>Click to show all stack frames</a>
<div class='stack-trace' id='stack-trace433545478'><pre>java.lang.Throwable: Method orderFlowNegative.TestsOrderFlowNegative.testOrderFlowNegativeInventoryDetailsAfterCompleteQC() on instance orderFlowNegative.TestsOrderFlowNegative@2dc9b0f5 depends on not successfully finished methods 
[orderFlowNegative.TestsOrderFlowNegative.testOrderFlowNegativeCompleteQC() on instance orderFlowNegative.TestsOrderFlowNegative@2dc9b0f5]
	at org.testng.internal.invokers.TestInvoker.invokeTestMethods(TestInvoker.java:159)
	at org.testng.internal.invokers.TestMethodWorker.invokeTestMethods(TestMethodWorker.java:154)
	at org.testng.internal.invokers.TestMethodWorker.run(TestMethodWorker.java:134)
	at java.base/java.util.ArrayList.forEach(ArrayList.java:1597)
	at org.testng.TestRunner.privateRun(TestRunner.java:739)
	at org.testng.TestRunner.run(TestRunner.java:614)
	at org.testng.SuiteRunner.runTest(SuiteRunner.java:421)
	at org.testng.SuiteRunner.runSequentially(SuiteRunner.java:413)
	at org.testng.SuiteRunner.privateRun(SuiteRunner.java:373)
	at org.testng.SuiteRunner.run(SuiteRunner.java:312)
	at org.testng.SuiteRunnerWorker.runSuite(SuiteRunnerWorker.java:52)
	at org.testng.SuiteRunnerWorker.run(SuiteRunnerWorker.java:95)
	at org.testng.TestNG.runSuitesSequentially(TestNG.java:1274)
	at org.testng.TestNG.runSuitesLocally(TestNG.java:1208)
	at org.testng.TestNG.runSuites(TestNG.java:1112)
	at org.testng.TestNG.run(TestNG.java:1079)
	at org.testng.remote.AbstractRemoteTestNG.run(AbstractRemoteTestNG.java:115)
	at org.testng.remote.RemoteTestNG.initAndRun(RemoteTestNG.java:293)
	at org.testng.remote.RemoteTestNG.main(RemoteTestNG.java:91)
</pre></div></td>
<td>0</td>
<td>orderFlowNegative.TestsOrderFlowNegative@2dc9b0f5</td></tr>
<tr>
<td title='orderFlowNegative.TestsOrderFlowNegative.testOrderFlowNegativeInventoryDetailsAfterInventorySettlement()'><b>testOrderFlowNegativeInventoryDetailsAfterInventorySettlement</b><br>Test class: orderFlowNegative.TestsOrderFlowNegative</td>
<td><div><pre>java.lang.Throwable: Method orderFlowNegative.TestsOrderFlowNegative.testOrderFlowNegativeInventoryDetailsAfterInventorySettlement() on instance orderFlowNegative.TestsOrderFlowNegative@2dc9b0f5 depends on not successfully finished methods 
[orderFlowNegative.TestsOrderFlowNegative.testOrderFlowNegativeInventorySettlement() on instance orderFlowNegative.TestsOrderFlowNegative@2dc9b0f5]
	at java.base/java.util.ArrayList.forEach(ArrayList.java:1597)
... Removed 18 stack frames</pre></div><a href='#' onClick='toggleBox("stack-trace541875679", this, "Click to show all stack frames", "Click to hide stack frames")'>Click to show all stack frames</a>
<div class='stack-trace' id='stack-trace541875679'><pre>java.lang.Throwable: Method orderFlowNegative.TestsOrderFlowNegative.testOrderFlowNegativeInventoryDetailsAfterInventorySettlement() on instance orderFlowNegative.TestsOrderFlowNegative@2dc9b0f5 depends on not successfully finished methods 
[orderFlowNegative.TestsOrderFlowNegative.testOrderFlowNegativeInventorySettlement() on instance orderFlowNegative.TestsOrderFlowNegative@2dc9b0f5]
	at org.testng.internal.invokers.TestInvoker.invokeTestMethods(TestInvoker.java:159)
	at org.testng.internal.invokers.TestMethodWorker.invokeTestMethods(TestMethodWorker.java:154)
	at org.testng.internal.invokers.TestMethodWorker.run(TestMethodWorker.java:134)
	at java.base/java.util.ArrayList.forEach(ArrayList.java:1597)
	at org.testng.TestRunner.privateRun(TestRunner.java:739)
	at org.testng.TestRunner.run(TestRunner.java:614)
	at org.testng.SuiteRunner.runTest(SuiteRunner.java:421)
	at org.testng.SuiteRunner.runSequentially(SuiteRunner.java:413)
	at org.testng.SuiteRunner.privateRun(SuiteRunner.java:373)
	at org.testng.SuiteRunner.run(SuiteRunner.java:312)
	at org.testng.SuiteRunnerWorker.runSuite(SuiteRunnerWorker.java:52)
	at org.testng.SuiteRunnerWorker.run(SuiteRunnerWorker.java:95)
	at org.testng.TestNG.runSuitesSequentially(TestNG.java:1274)
	at org.testng.TestNG.runSuitesLocally(TestNG.java:1208)
	at org.testng.TestNG.runSuites(TestNG.java:1112)
	at org.testng.TestNG.run(TestNG.java:1079)
	at org.testng.remote.AbstractRemoteTestNG.run(AbstractRemoteTestNG.java:115)
	at org.testng.remote.RemoteTestNG.initAndRun(RemoteTestNG.java:293)
	at org.testng.remote.RemoteTestNG.main(RemoteTestNG.java:91)
</pre></div></td>
<td>0</td>
<td>orderFlowNegative.TestsOrderFlowNegative@2dc9b0f5</td></tr>
<tr>
<td title='orderFlowPositive.TestsOrderFlowPositive.testOrderFlowPositiveInventoryDetailsAfterDeliver()'><b>testOrderFlowPositiveInventoryDetailsAfterDeliver</b><br>Test class: orderFlowPositive.TestsOrderFlowPositive</td>
<td><div><pre>java.lang.Throwable: Method orderFlowPositive.TestsOrderFlowPositive.testOrderFlowPositiveInventoryDetailsAfterDeliver() on instance orderFlowPositive.TestsOrderFlowPositive@4bc222e depends on not successfully finished methods 
[orderFlowPositive.TestsOrderFlowPositive.testOrderFlowPositiveDeliver() on instance orderFlowPositive.TestsOrderFlowPositive@4bc222e]
	at java.base/java.util.ArrayList.forEach(ArrayList.java:1597)
... Removed 18 stack frames</pre></div><a href='#' onClick='toggleBox("stack-trace613674694", this, "Click to show all stack frames", "Click to hide stack frames")'>Click to show all stack frames</a>
<div class='stack-trace' id='stack-trace613674694'><pre>java.lang.Throwable: Method orderFlowPositive.TestsOrderFlowPositive.testOrderFlowPositiveInventoryDetailsAfterDeliver() on instance orderFlowPositive.TestsOrderFlowPositive@4bc222e depends on not successfully finished methods 
[orderFlowPositive.TestsOrderFlowPositive.testOrderFlowPositiveDeliver() on instance orderFlowPositive.TestsOrderFlowPositive@4bc222e]
	at org.testng.internal.invokers.TestInvoker.invokeTestMethods(TestInvoker.java:159)
	at org.testng.internal.invokers.TestMethodWorker.invokeTestMethods(TestMethodWorker.java:154)
	at org.testng.internal.invokers.TestMethodWorker.run(TestMethodWorker.java:134)
	at java.base/java.util.ArrayList.forEach(ArrayList.java:1597)
	at org.testng.TestRunner.privateRun(TestRunner.java:739)
	at org.testng.TestRunner.run(TestRunner.java:614)
	at org.testng.SuiteRunner.runTest(SuiteRunner.java:421)
	at org.testng.SuiteRunner.runSequentially(SuiteRunner.java:413)
	at org.testng.SuiteRunner.privateRun(SuiteRunner.java:373)
	at org.testng.SuiteRunner.run(SuiteRunner.java:312)
	at org.testng.SuiteRunnerWorker.runSuite(SuiteRunnerWorker.java:52)
	at org.testng.SuiteRunnerWorker.run(SuiteRunnerWorker.java:95)
	at org.testng.TestNG.runSuitesSequentially(TestNG.java:1274)
	at org.testng.TestNG.runSuitesLocally(TestNG.java:1208)
	at org.testng.TestNG.runSuites(TestNG.java:1112)
	at org.testng.TestNG.run(TestNG.java:1079)
	at org.testng.remote.AbstractRemoteTestNG.run(AbstractRemoteTestNG.java:115)
	at org.testng.remote.RemoteTestNG.initAndRun(RemoteTestNG.java:293)
	at org.testng.remote.RemoteTestNG.main(RemoteTestNG.java:91)
</pre></div></td>
<td>0</td>
<td>orderFlowPositive.TestsOrderFlowPositive@4bc222e</td></tr>
<tr>
<td title='orderFlowPositive.TestsOrderFlowPositive.testOrderFlowPositiveActionCompleteQC()'><b>testOrderFlowPositiveActionCompleteQC</b><br>Test class: orderFlowPositive.TestsOrderFlowPositive</td>
<td><div><pre>java.lang.Throwable: Method orderFlowPositive.TestsOrderFlowPositive.testOrderFlowPositiveActionCompleteQC() on instance orderFlowPositive.TestsOrderFlowPositive@4bc222e depends on not successfully finished methods 
[orderFlowPositive.TestsOrderFlowPositive.testOrderFlowPositiveInventoryDetailsAfterDeliver() on instance orderFlowPositive.TestsOrderFlowPositive@4bc222e]
	at java.base/java.util.ArrayList.forEach(ArrayList.java:1597)
... Removed 18 stack frames</pre></div><a href='#' onClick='toggleBox("stack-trace389701549", this, "Click to show all stack frames", "Click to hide stack frames")'>Click to show all stack frames</a>
<div class='stack-trace' id='stack-trace389701549'><pre>java.lang.Throwable: Method orderFlowPositive.TestsOrderFlowPositive.testOrderFlowPositiveActionCompleteQC() on instance orderFlowPositive.TestsOrderFlowPositive@4bc222e depends on not successfully finished methods 
[orderFlowPositive.TestsOrderFlowPositive.testOrderFlowPositiveInventoryDetailsAfterDeliver() on instance orderFlowPositive.TestsOrderFlowPositive@4bc222e]
	at org.testng.internal.invokers.TestInvoker.invokeTestMethods(TestInvoker.java:159)
	at org.testng.internal.invokers.TestMethodWorker.invokeTestMethods(TestMethodWorker.java:154)
	at org.testng.internal.invokers.TestMethodWorker.run(TestMethodWorker.java:134)
	at java.base/java.util.ArrayList.forEach(ArrayList.java:1597)
	at org.testng.TestRunner.privateRun(TestRunner.java:739)
	at org.testng.TestRunner.run(TestRunner.java:614)
	at org.testng.SuiteRunner.runTest(SuiteRunner.java:421)
	at org.testng.SuiteRunner.runSequentially(SuiteRunner.java:413)
	at org.testng.SuiteRunner.privateRun(SuiteRunner.java:373)
	at org.testng.SuiteRunner.run(SuiteRunner.java:312)
	at org.testng.SuiteRunnerWorker.runSuite(SuiteRunnerWorker.java:52)
	at org.testng.SuiteRunnerWorker.run(SuiteRunnerWorker.java:95)
	at org.testng.TestNG.runSuitesSequentially(TestNG.java:1274)
	at org.testng.TestNG.runSuitesLocally(TestNG.java:1208)
	at org.testng.TestNG.runSuites(TestNG.java:1112)
	at org.testng.TestNG.run(TestNG.java:1079)
	at org.testng.remote.AbstractRemoteTestNG.run(AbstractRemoteTestNG.java:115)
	at org.testng.remote.RemoteTestNG.initAndRun(RemoteTestNG.java:293)
	at org.testng.remote.RemoteTestNG.main(RemoteTestNG.java:91)
</pre></div></td>
<td>0</td>
<td>orderFlowPositive.TestsOrderFlowPositive@4bc222e</td></tr>
<tr>
<td title='orderFlowNegative.TestsOrderFlowNegative.testOrderFlowNegativeRejectItemQC()'><b>testOrderFlowNegativeRejectItemQC</b><br>Test class: orderFlowNegative.TestsOrderFlowNegative</td>
<td><div><pre>java.lang.Throwable: Method orderFlowNegative.TestsOrderFlowNegative.testOrderFlowNegativeRejectItemQC() on instance orderFlowNegative.TestsOrderFlowNegative@2dc9b0f5 depends on not successfully finished methods 
[orderFlowNegative.TestsOrderFlowNegative.testOrderFlowNegativeInventoryDetailsAfterActionCompleteQC() on instance orderFlowNegative.TestsOrderFlowNegative@2dc9b0f5]
	at java.base/java.util.ArrayList.forEach(ArrayList.java:1597)
... Removed 18 stack frames</pre></div><a href='#' onClick='toggleBox("stack-trace1976007389", this, "Click to show all stack frames", "Click to hide stack frames")'>Click to show all stack frames</a>
<div class='stack-trace' id='stack-trace1976007389'><pre>java.lang.Throwable: Method orderFlowNegative.TestsOrderFlowNegative.testOrderFlowNegativeRejectItemQC() on instance orderFlowNegative.TestsOrderFlowNegative@2dc9b0f5 depends on not successfully finished methods 
[orderFlowNegative.TestsOrderFlowNegative.testOrderFlowNegativeInventoryDetailsAfterActionCompleteQC() on instance orderFlowNegative.TestsOrderFlowNegative@2dc9b0f5]
	at org.testng.internal.invokers.TestInvoker.invokeTestMethods(TestInvoker.java:159)
	at org.testng.internal.invokers.TestMethodWorker.invokeTestMethods(TestMethodWorker.java:154)
	at org.testng.internal.invokers.TestMethodWorker.run(TestMethodWorker.java:134)
	at java.base/java.util.ArrayList.forEach(ArrayList.java:1597)
	at org.testng.TestRunner.privateRun(TestRunner.java:739)
	at org.testng.TestRunner.run(TestRunner.java:614)
	at org.testng.SuiteRunner.runTest(SuiteRunner.java:421)
	at org.testng.SuiteRunner.runSequentially(SuiteRunner.java:413)
	at org.testng.SuiteRunner.privateRun(SuiteRunner.java:373)
	at org.testng.SuiteRunner.run(SuiteRunner.java:312)
	at org.testng.SuiteRunnerWorker.runSuite(SuiteRunnerWorker.java:52)
	at org.testng.SuiteRunnerWorker.run(SuiteRunnerWorker.java:95)
	at org.testng.TestNG.runSuitesSequentially(TestNG.java:1274)
	at org.testng.TestNG.runSuitesLocally(TestNG.java:1208)
	at org.testng.TestNG.runSuites(TestNG.java:1112)
	at org.testng.TestNG.run(TestNG.java:1079)
	at org.testng.remote.AbstractRemoteTestNG.run(AbstractRemoteTestNG.java:115)
	at org.testng.remote.RemoteTestNG.initAndRun(RemoteTestNG.java:293)
	at org.testng.remote.RemoteTestNG.main(RemoteTestNG.java:91)
</pre></div></td>
<td>0</td>
<td>orderFlowNegative.TestsOrderFlowNegative@2dc9b0f5</td></tr>
<tr>
<td title='orderFlowNegative.TestsOrderFlowNegative.testOrderFlowNegativeInventorySettlementReturn()'><b>testOrderFlowNegativeInventorySettlementReturn</b><br>Test class: orderFlowNegative.TestsOrderFlowNegative</td>
<td><div><pre>java.lang.Throwable: Method orderFlowNegative.TestsOrderFlowNegative.testOrderFlowNegativeInventorySettlementReturn() on instance orderFlowNegative.TestsOrderFlowNegative@2dc9b0f5 depends on not successfully finished methods 
[orderFlowNegative.TestsOrderFlowNegative.testOrderFlowNegativeInventoryDetailsAfterCompleteQCReturn() on instance orderFlowNegative.TestsOrderFlowNegative@2dc9b0f5]
	at java.base/java.util.ArrayList.forEach(ArrayList.java:1597)
... Removed 18 stack frames</pre></div><a href='#' onClick='toggleBox("stack-trace1801330629", this, "Click to show all stack frames", "Click to hide stack frames")'>Click to show all stack frames</a>
<div class='stack-trace' id='stack-trace1801330629'><pre>java.lang.Throwable: Method orderFlowNegative.TestsOrderFlowNegative.testOrderFlowNegativeInventorySettlementReturn() on instance orderFlowNegative.TestsOrderFlowNegative@2dc9b0f5 depends on not successfully finished methods 
[orderFlowNegative.TestsOrderFlowNegative.testOrderFlowNegativeInventoryDetailsAfterCompleteQCReturn() on instance orderFlowNegative.TestsOrderFlowNegative@2dc9b0f5]
	at org.testng.internal.invokers.TestInvoker.invokeTestMethods(TestInvoker.java:159)
	at org.testng.internal.invokers.TestMethodWorker.invokeTestMethods(TestMethodWorker.java:154)
	at org.testng.internal.invokers.TestMethodWorker.run(TestMethodWorker.java:134)
	at java.base/java.util.ArrayList.forEach(ArrayList.java:1597)
	at org.testng.TestRunner.privateRun(TestRunner.java:739)
	at org.testng.TestRunner.run(TestRunner.java:614)
	at org.testng.SuiteRunner.runTest(SuiteRunner.java:421)
	at org.testng.SuiteRunner.runSequentially(SuiteRunner.java:413)
	at org.testng.SuiteRunner.privateRun(SuiteRunner.java:373)
	at org.testng.SuiteRunner.run(SuiteRunner.java:312)
	at org.testng.SuiteRunnerWorker.runSuite(SuiteRunnerWorker.java:52)
	at org.testng.SuiteRunnerWorker.run(SuiteRunnerWorker.java:95)
	at org.testng.TestNG.runSuitesSequentially(TestNG.java:1274)
	at org.testng.TestNG.runSuitesLocally(TestNG.java:1208)
	at org.testng.TestNG.runSuites(TestNG.java:1112)
	at org.testng.TestNG.run(TestNG.java:1079)
	at org.testng.remote.AbstractRemoteTestNG.run(AbstractRemoteTestNG.java:115)
	at org.testng.remote.RemoteTestNG.initAndRun(RemoteTestNG.java:293)
	at org.testng.remote.RemoteTestNG.main(RemoteTestNG.java:91)
</pre></div></td>
<td>0</td>
<td>orderFlowNegative.TestsOrderFlowNegative@2dc9b0f5</td></tr>
<tr>
<td title='orderFlowNegative.TestsOrderFlowNegative.testOrderFlowNegativeAcceptItemQCReturn()'><b>testOrderFlowNegativeAcceptItemQCReturn</b><br>Test class: orderFlowNegative.TestsOrderFlowNegative</td>
<td><div><pre>java.lang.Throwable: Method orderFlowNegative.TestsOrderFlowNegative.testOrderFlowNegativeAcceptItemQCReturn() on instance orderFlowNegative.TestsOrderFlowNegative@2dc9b0f5 depends on not successfully finished methods 
[orderFlowNegative.TestsOrderFlowNegative.testOrderFlowNegativeInventoryDetailsAfterActionCompleteQCReturn() on instance orderFlowNegative.TestsOrderFlowNegative@2dc9b0f5]
	at java.base/java.util.ArrayList.forEach(ArrayList.java:1597)
... Removed 18 stack frames</pre></div><a href='#' onClick='toggleBox("stack-trace246846952", this, "Click to show all stack frames", "Click to hide stack frames")'>Click to show all stack frames</a>
<div class='stack-trace' id='stack-trace246846952'><pre>java.lang.Throwable: Method orderFlowNegative.TestsOrderFlowNegative.testOrderFlowNegativeAcceptItemQCReturn() on instance orderFlowNegative.TestsOrderFlowNegative@2dc9b0f5 depends on not successfully finished methods 
[orderFlowNegative.TestsOrderFlowNegative.testOrderFlowNegativeInventoryDetailsAfterActionCompleteQCReturn() on instance orderFlowNegative.TestsOrderFlowNegative@2dc9b0f5]
	at org.testng.internal.invokers.TestInvoker.invokeTestMethods(TestInvoker.java:159)
	at org.testng.internal.invokers.TestMethodWorker.invokeTestMethods(TestMethodWorker.java:154)
	at org.testng.internal.invokers.TestMethodWorker.run(TestMethodWorker.java:134)
	at java.base/java.util.ArrayList.forEach(ArrayList.java:1597)
	at org.testng.TestRunner.privateRun(TestRunner.java:739)
	at org.testng.TestRunner.run(TestRunner.java:614)
	at org.testng.SuiteRunner.runTest(SuiteRunner.java:421)
	at org.testng.SuiteRunner.runSequentially(SuiteRunner.java:413)
	at org.testng.SuiteRunner.privateRun(SuiteRunner.java:373)
	at org.testng.SuiteRunner.run(SuiteRunner.java:312)
	at org.testng.SuiteRunnerWorker.runSuite(SuiteRunnerWorker.java:52)
	at org.testng.SuiteRunnerWorker.run(SuiteRunnerWorker.java:95)
	at org.testng.TestNG.runSuitesSequentially(TestNG.java:1274)
	at org.testng.TestNG.runSuitesLocally(TestNG.java:1208)
	at org.testng.TestNG.runSuites(TestNG.java:1112)
	at org.testng.TestNG.run(TestNG.java:1079)
	at org.testng.remote.AbstractRemoteTestNG.run(AbstractRemoteTestNG.java:115)
	at org.testng.remote.RemoteTestNG.initAndRun(RemoteTestNG.java:293)
	at org.testng.remote.RemoteTestNG.main(RemoteTestNG.java:91)
</pre></div></td>
<td>0</td>
<td>orderFlowNegative.TestsOrderFlowNegative@2dc9b0f5</td></tr>
<tr>
<td title='orderFlowPositive.TestsOrderFlowPositive.testOrderFlowPositiveInventorySettlement()'><b>testOrderFlowPositiveInventorySettlement</b><br>Test class: orderFlowPositive.TestsOrderFlowPositive</td>
<td><div><pre>java.lang.Throwable: Method orderFlowPositive.TestsOrderFlowPositive.testOrderFlowPositiveInventorySettlement() on instance orderFlowPositive.TestsOrderFlowPositive@4bc222e depends on not successfully finished methods 
[orderFlowPositive.TestsOrderFlowPositive.testOrderFlowPositiveInventoryDetailsAfterCompleteQC() on instance orderFlowPositive.TestsOrderFlowPositive@4bc222e]
	at java.base/java.util.ArrayList.forEach(ArrayList.java:1597)
... Removed 18 stack frames</pre></div><a href='#' onClick='toggleBox("stack-trace1932330893", this, "Click to show all stack frames", "Click to hide stack frames")'>Click to show all stack frames</a>
<div class='stack-trace' id='stack-trace1932330893'><pre>java.lang.Throwable: Method orderFlowPositive.TestsOrderFlowPositive.testOrderFlowPositiveInventorySettlement() on instance orderFlowPositive.TestsOrderFlowPositive@4bc222e depends on not successfully finished methods 
[orderFlowPositive.TestsOrderFlowPositive.testOrderFlowPositiveInventoryDetailsAfterCompleteQC() on instance orderFlowPositive.TestsOrderFlowPositive@4bc222e]
	at org.testng.internal.invokers.TestInvoker.invokeTestMethods(TestInvoker.java:159)
	at org.testng.internal.invokers.TestMethodWorker.invokeTestMethods(TestMethodWorker.java:154)
	at org.testng.internal.invokers.TestMethodWorker.run(TestMethodWorker.java:134)
	at java.base/java.util.ArrayList.forEach(ArrayList.java:1597)
	at org.testng.TestRunner.privateRun(TestRunner.java:739)
	at org.testng.TestRunner.run(TestRunner.java:614)
	at org.testng.SuiteRunner.runTest(SuiteRunner.java:421)
	at org.testng.SuiteRunner.runSequentially(SuiteRunner.java:413)
	at org.testng.SuiteRunner.privateRun(SuiteRunner.java:373)
	at org.testng.SuiteRunner.run(SuiteRunner.java:312)
	at org.testng.SuiteRunnerWorker.runSuite(SuiteRunnerWorker.java:52)
	at org.testng.SuiteRunnerWorker.run(SuiteRunnerWorker.java:95)
	at org.testng.TestNG.runSuitesSequentially(TestNG.java:1274)
	at org.testng.TestNG.runSuitesLocally(TestNG.java:1208)
	at org.testng.TestNG.runSuites(TestNG.java:1112)
	at org.testng.TestNG.run(TestNG.java:1079)
	at org.testng.remote.AbstractRemoteTestNG.run(AbstractRemoteTestNG.java:115)
	at org.testng.remote.RemoteTestNG.initAndRun(RemoteTestNG.java:293)
	at org.testng.remote.RemoteTestNG.main(RemoteTestNG.java:91)
</pre></div></td>
<td>0</td>
<td>orderFlowPositive.TestsOrderFlowPositive@4bc222e</td></tr>
<tr>
<td title='orderFlowNegative.TestsOrderFlowNegative.testOrderFlowNegativeInventoryDetailsAfterActionCompleteQC()'><b>testOrderFlowNegativeInventoryDetailsAfterActionCompleteQC</b><br>Test class: orderFlowNegative.TestsOrderFlowNegative</td>
<td><div><pre>java.lang.Throwable: Method orderFlowNegative.TestsOrderFlowNegative.testOrderFlowNegativeInventoryDetailsAfterActionCompleteQC() on instance orderFlowNegative.TestsOrderFlowNegative@2dc9b0f5 depends on not successfully finished methods 
[orderFlowNegative.TestsOrderFlowNegative.testOrderFlowNegativeActionCompleteQC() on instance orderFlowNegative.TestsOrderFlowNegative@2dc9b0f5]
	at java.base/java.util.ArrayList.forEach(ArrayList.java:1597)
... Removed 18 stack frames</pre></div><a href='#' onClick='toggleBox("stack-trace1671933702", this, "Click to show all stack frames", "Click to hide stack frames")'>Click to show all stack frames</a>
<div class='stack-trace' id='stack-trace1671933702'><pre>java.lang.Throwable: Method orderFlowNegative.TestsOrderFlowNegative.testOrderFlowNegativeInventoryDetailsAfterActionCompleteQC() on instance orderFlowNegative.TestsOrderFlowNegative@2dc9b0f5 depends on not successfully finished methods 
[orderFlowNegative.TestsOrderFlowNegative.testOrderFlowNegativeActionCompleteQC() on instance orderFlowNegative.TestsOrderFlowNegative@2dc9b0f5]
	at org.testng.internal.invokers.TestInvoker.invokeTestMethods(TestInvoker.java:159)
	at org.testng.internal.invokers.TestMethodWorker.invokeTestMethods(TestMethodWorker.java:154)
	at org.testng.internal.invokers.TestMethodWorker.run(TestMethodWorker.java:134)
	at java.base/java.util.ArrayList.forEach(ArrayList.java:1597)
	at org.testng.TestRunner.privateRun(TestRunner.java:739)
	at org.testng.TestRunner.run(TestRunner.java:614)
	at org.testng.SuiteRunner.runTest(SuiteRunner.java:421)
	at org.testng.SuiteRunner.runSequentially(SuiteRunner.java:413)
	at org.testng.SuiteRunner.privateRun(SuiteRunner.java:373)
	at org.testng.SuiteRunner.run(SuiteRunner.java:312)
	at org.testng.SuiteRunnerWorker.runSuite(SuiteRunnerWorker.java:52)
	at org.testng.SuiteRunnerWorker.run(SuiteRunnerWorker.java:95)
	at org.testng.TestNG.runSuitesSequentially(TestNG.java:1274)
	at org.testng.TestNG.runSuitesLocally(TestNG.java:1208)
	at org.testng.TestNG.runSuites(TestNG.java:1112)
	at org.testng.TestNG.run(TestNG.java:1079)
	at org.testng.remote.AbstractRemoteTestNG.run(AbstractRemoteTestNG.java:115)
	at org.testng.remote.RemoteTestNG.initAndRun(RemoteTestNG.java:293)
	at org.testng.remote.RemoteTestNG.main(RemoteTestNG.java:91)
</pre></div></td>
<td>0</td>
<td>orderFlowNegative.TestsOrderFlowNegative@2dc9b0f5</td></tr>
<tr>
<td title='orderFlowNegative.TestsOrderFlowNegative.testOrderFlowNegativeInventorySettlement()'><b>testOrderFlowNegativeInventorySettlement</b><br>Test class: orderFlowNegative.TestsOrderFlowNegative</td>
<td><div><pre>java.lang.Throwable: Method orderFlowNegative.TestsOrderFlowNegative.testOrderFlowNegativeInventorySettlement() on instance orderFlowNegative.TestsOrderFlowNegative@2dc9b0f5 depends on not successfully finished methods 
[orderFlowNegative.TestsOrderFlowNegative.testOrderFlowNegativeInventoryDetailsAfterCompleteQC() on instance orderFlowNegative.TestsOrderFlowNegative@2dc9b0f5]
	at java.base/java.util.ArrayList.forEach(ArrayList.java:1597)
... Removed 18 stack frames</pre></div><a href='#' onClick='toggleBox("stack-trace732108994", this, "Click to show all stack frames", "Click to hide stack frames")'>Click to show all stack frames</a>
<div class='stack-trace' id='stack-trace732108994'><pre>java.lang.Throwable: Method orderFlowNegative.TestsOrderFlowNegative.testOrderFlowNegativeInventorySettlement() on instance orderFlowNegative.TestsOrderFlowNegative@2dc9b0f5 depends on not successfully finished methods 
[orderFlowNegative.TestsOrderFlowNegative.testOrderFlowNegativeInventoryDetailsAfterCompleteQC() on instance orderFlowNegative.TestsOrderFlowNegative@2dc9b0f5]
	at org.testng.internal.invokers.TestInvoker.invokeTestMethods(TestInvoker.java:159)
	at org.testng.internal.invokers.TestMethodWorker.invokeTestMethods(TestMethodWorker.java:154)
	at org.testng.internal.invokers.TestMethodWorker.run(TestMethodWorker.java:134)
	at java.base/java.util.ArrayList.forEach(ArrayList.java:1597)
	at org.testng.TestRunner.privateRun(TestRunner.java:739)
	at org.testng.TestRunner.run(TestRunner.java:614)
	at org.testng.SuiteRunner.runTest(SuiteRunner.java:421)
	at org.testng.SuiteRunner.runSequentially(SuiteRunner.java:413)
	at org.testng.SuiteRunner.privateRun(SuiteRunner.java:373)
	at org.testng.SuiteRunner.run(SuiteRunner.java:312)
	at org.testng.SuiteRunnerWorker.runSuite(SuiteRunnerWorker.java:52)
	at org.testng.SuiteRunnerWorker.run(SuiteRunnerWorker.java:95)
	at org.testng.TestNG.runSuitesSequentially(TestNG.java:1274)
	at org.testng.TestNG.runSuitesLocally(TestNG.java:1208)
	at org.testng.TestNG.runSuites(TestNG.java:1112)
	at org.testng.TestNG.run(TestNG.java:1079)
	at org.testng.remote.AbstractRemoteTestNG.run(AbstractRemoteTestNG.java:115)
	at org.testng.remote.RemoteTestNG.initAndRun(RemoteTestNG.java:293)
	at org.testng.remote.RemoteTestNG.main(RemoteTestNG.java:91)
</pre></div></td>
<td>0</td>
<td>orderFlowNegative.TestsOrderFlowNegative@2dc9b0f5</td></tr>
<tr>
<td title='orderFlowNegative.TestsOrderFlowNegative.testOrderFlowNegativeCompleteQCReturn()'><b>testOrderFlowNegativeCompleteQCReturn</b><br>Test class: orderFlowNegative.TestsOrderFlowNegative</td>
<td><div><pre>java.lang.Throwable: Method orderFlowNegative.TestsOrderFlowNegative.testOrderFlowNegativeCompleteQCReturn() on instance orderFlowNegative.TestsOrderFlowNegative@2dc9b0f5 depends on not successfully finished methods 
[orderFlowNegative.TestsOrderFlowNegative.testOrderFlowNegativeInventoryDetailsAfterAcceptItemQCReturn() on instance orderFlowNegative.TestsOrderFlowNegative@2dc9b0f5]
	at java.base/java.util.ArrayList.forEach(ArrayList.java:1597)
... Removed 18 stack frames</pre></div><a href='#' onClick='toggleBox("stack-trace284399568", this, "Click to show all stack frames", "Click to hide stack frames")'>Click to show all stack frames</a>
<div class='stack-trace' id='stack-trace284399568'><pre>java.lang.Throwable: Method orderFlowNegative.TestsOrderFlowNegative.testOrderFlowNegativeCompleteQCReturn() on instance orderFlowNegative.TestsOrderFlowNegative@2dc9b0f5 depends on not successfully finished methods 
[orderFlowNegative.TestsOrderFlowNegative.testOrderFlowNegativeInventoryDetailsAfterAcceptItemQCReturn() on instance orderFlowNegative.TestsOrderFlowNegative@2dc9b0f5]
	at org.testng.internal.invokers.TestInvoker.invokeTestMethods(TestInvoker.java:159)
	at org.testng.internal.invokers.TestMethodWorker.invokeTestMethods(TestMethodWorker.java:154)
	at org.testng.internal.invokers.TestMethodWorker.run(TestMethodWorker.java:134)
	at java.base/java.util.ArrayList.forEach(ArrayList.java:1597)
	at org.testng.TestRunner.privateRun(TestRunner.java:739)
	at org.testng.TestRunner.run(TestRunner.java:614)
	at org.testng.SuiteRunner.runTest(SuiteRunner.java:421)
	at org.testng.SuiteRunner.runSequentially(SuiteRunner.java:413)
	at org.testng.SuiteRunner.privateRun(SuiteRunner.java:373)
	at org.testng.SuiteRunner.run(SuiteRunner.java:312)
	at org.testng.SuiteRunnerWorker.runSuite(SuiteRunnerWorker.java:52)
	at org.testng.SuiteRunnerWorker.run(SuiteRunnerWorker.java:95)
	at org.testng.TestNG.runSuitesSequentially(TestNG.java:1274)
	at org.testng.TestNG.runSuitesLocally(TestNG.java:1208)
	at org.testng.TestNG.runSuites(TestNG.java:1112)
	at org.testng.TestNG.run(TestNG.java:1079)
	at org.testng.remote.AbstractRemoteTestNG.run(AbstractRemoteTestNG.java:115)
	at org.testng.remote.RemoteTestNG.initAndRun(RemoteTestNG.java:293)
	at org.testng.remote.RemoteTestNG.main(RemoteTestNG.java:91)
</pre></div></td>
<td>0</td>
<td>orderFlowNegative.TestsOrderFlowNegative@2dc9b0f5</td></tr>
<tr>
<td title='orderFlowNegative.TestsOrderFlowNegative.testOrderFlowNegativeCompleteQC()'><b>testOrderFlowNegativeCompleteQC</b><br>Test class: orderFlowNegative.TestsOrderFlowNegative</td>
<td><div><pre>java.lang.Throwable: Method orderFlowNegative.TestsOrderFlowNegative.testOrderFlowNegativeCompleteQC() on instance orderFlowNegative.TestsOrderFlowNegative@2dc9b0f5 depends on not successfully finished methods 
[orderFlowNegative.TestsOrderFlowNegative.testOrderFlowNegativeInventoryDetailsAfterRejectItemQC() on instance orderFlowNegative.TestsOrderFlowNegative@2dc9b0f5]
	at java.base/java.util.ArrayList.forEach(ArrayList.java:1597)
... Removed 18 stack frames</pre></div><a href='#' onClick='toggleBox("stack-trace1292576622", this, "Click to show all stack frames", "Click to hide stack frames")'>Click to show all stack frames</a>
<div class='stack-trace' id='stack-trace1292576622'><pre>java.lang.Throwable: Method orderFlowNegative.TestsOrderFlowNegative.testOrderFlowNegativeCompleteQC() on instance orderFlowNegative.TestsOrderFlowNegative@2dc9b0f5 depends on not successfully finished methods 
[orderFlowNegative.TestsOrderFlowNegative.testOrderFlowNegativeInventoryDetailsAfterRejectItemQC() on instance orderFlowNegative.TestsOrderFlowNegative@2dc9b0f5]
	at org.testng.internal.invokers.TestInvoker.invokeTestMethods(TestInvoker.java:159)
	at org.testng.internal.invokers.TestMethodWorker.invokeTestMethods(TestMethodWorker.java:154)
	at org.testng.internal.invokers.TestMethodWorker.run(TestMethodWorker.java:134)
	at java.base/java.util.ArrayList.forEach(ArrayList.java:1597)
	at org.testng.TestRunner.privateRun(TestRunner.java:739)
	at org.testng.TestRunner.run(TestRunner.java:614)
	at org.testng.SuiteRunner.runTest(SuiteRunner.java:421)
	at org.testng.SuiteRunner.runSequentially(SuiteRunner.java:413)
	at org.testng.SuiteRunner.privateRun(SuiteRunner.java:373)
	at org.testng.SuiteRunner.run(SuiteRunner.java:312)
	at org.testng.SuiteRunnerWorker.runSuite(SuiteRunnerWorker.java:52)
	at org.testng.SuiteRunnerWorker.run(SuiteRunnerWorker.java:95)
	at org.testng.TestNG.runSuitesSequentially(TestNG.java:1274)
	at org.testng.TestNG.runSuitesLocally(TestNG.java:1208)
	at org.testng.TestNG.runSuites(TestNG.java:1112)
	at org.testng.TestNG.run(TestNG.java:1079)
	at org.testng.remote.AbstractRemoteTestNG.run(AbstractRemoteTestNG.java:115)
	at org.testng.remote.RemoteTestNG.initAndRun(RemoteTestNG.java:293)
	at org.testng.remote.RemoteTestNG.main(RemoteTestNG.java:91)
</pre></div></td>
<td>0</td>
<td>orderFlowNegative.TestsOrderFlowNegative@2dc9b0f5</td></tr>
<tr>
<td title='orderFlowPositive.TestsOrderFlowPositive.testOrderFlowPositiveInventoryDetailsAfterActionCompleteQC()'><b>testOrderFlowPositiveInventoryDetailsAfterActionCompleteQC</b><br>Test class: orderFlowPositive.TestsOrderFlowPositive</td>
<td><div><pre>java.lang.Throwable: Method orderFlowPositive.TestsOrderFlowPositive.testOrderFlowPositiveInventoryDetailsAfterActionCompleteQC() on instance orderFlowPositive.TestsOrderFlowPositive@4bc222e depends on not successfully finished methods 
[orderFlowPositive.TestsOrderFlowPositive.testOrderFlowPositiveActionCompleteQC() on instance orderFlowPositive.TestsOrderFlowPositive@4bc222e]
	at java.base/java.util.ArrayList.forEach(ArrayList.java:1597)
... Removed 18 stack frames</pre></div><a href='#' onClick='toggleBox("stack-trace1708723071", this, "Click to show all stack frames", "Click to hide stack frames")'>Click to show all stack frames</a>
<div class='stack-trace' id='stack-trace1708723071'><pre>java.lang.Throwable: Method orderFlowPositive.TestsOrderFlowPositive.testOrderFlowPositiveInventoryDetailsAfterActionCompleteQC() on instance orderFlowPositive.TestsOrderFlowPositive@4bc222e depends on not successfully finished methods 
[orderFlowPositive.TestsOrderFlowPositive.testOrderFlowPositiveActionCompleteQC() on instance orderFlowPositive.TestsOrderFlowPositive@4bc222e]
	at org.testng.internal.invokers.TestInvoker.invokeTestMethods(TestInvoker.java:159)
	at org.testng.internal.invokers.TestMethodWorker.invokeTestMethods(TestMethodWorker.java:154)
	at org.testng.internal.invokers.TestMethodWorker.run(TestMethodWorker.java:134)
	at java.base/java.util.ArrayList.forEach(ArrayList.java:1597)
	at org.testng.TestRunner.privateRun(TestRunner.java:739)
	at org.testng.TestRunner.run(TestRunner.java:614)
	at org.testng.SuiteRunner.runTest(SuiteRunner.java:421)
	at org.testng.SuiteRunner.runSequentially(SuiteRunner.java:413)
	at org.testng.SuiteRunner.privateRun(SuiteRunner.java:373)
	at org.testng.SuiteRunner.run(SuiteRunner.java:312)
	at org.testng.SuiteRunnerWorker.runSuite(SuiteRunnerWorker.java:52)
	at org.testng.SuiteRunnerWorker.run(SuiteRunnerWorker.java:95)
	at org.testng.TestNG.runSuitesSequentially(TestNG.java:1274)
	at org.testng.TestNG.runSuitesLocally(TestNG.java:1208)
	at org.testng.TestNG.runSuites(TestNG.java:1112)
	at org.testng.TestNG.run(TestNG.java:1079)
	at org.testng.remote.AbstractRemoteTestNG.run(AbstractRemoteTestNG.java:115)
	at org.testng.remote.RemoteTestNG.initAndRun(RemoteTestNG.java:293)
	at org.testng.remote.RemoteTestNG.main(RemoteTestNG.java:91)
</pre></div></td>
<td>0</td>
<td>orderFlowPositive.TestsOrderFlowPositive@4bc222e</td></tr>
<tr>
<td title='orderFlowNegative.TestsOrderFlowNegative.testOrderFlowNegativeInventoryDetailsAfterAcceptItemQCReturn()'><b>testOrderFlowNegativeInventoryDetailsAfterAcceptItemQCReturn</b><br>Test class: orderFlowNegative.TestsOrderFlowNegative</td>
<td><div><pre>java.lang.Throwable: Method orderFlowNegative.TestsOrderFlowNegative.testOrderFlowNegativeInventoryDetailsAfterAcceptItemQCReturn() on instance orderFlowNegative.TestsOrderFlowNegative@2dc9b0f5 depends on not successfully finished methods 
[orderFlowNegative.TestsOrderFlowNegative.testOrderFlowNegativeAcceptItemQCReturn() on instance orderFlowNegative.TestsOrderFlowNegative@2dc9b0f5]
	at java.base/java.util.ArrayList.forEach(ArrayList.java:1597)
... Removed 18 stack frames</pre></div><a href='#' onClick='toggleBox("stack-trace1160199488", this, "Click to show all stack frames", "Click to hide stack frames")'>Click to show all stack frames</a>
<div class='stack-trace' id='stack-trace1160199488'><pre>java.lang.Throwable: Method orderFlowNegative.TestsOrderFlowNegative.testOrderFlowNegativeInventoryDetailsAfterAcceptItemQCReturn() on instance orderFlowNegative.TestsOrderFlowNegative@2dc9b0f5 depends on not successfully finished methods 
[orderFlowNegative.TestsOrderFlowNegative.testOrderFlowNegativeAcceptItemQCReturn() on instance orderFlowNegative.TestsOrderFlowNegative@2dc9b0f5]
	at org.testng.internal.invokers.TestInvoker.invokeTestMethods(TestInvoker.java:159)
	at org.testng.internal.invokers.TestMethodWorker.invokeTestMethods(TestMethodWorker.java:154)
	at org.testng.internal.invokers.TestMethodWorker.run(TestMethodWorker.java:134)
	at java.base/java.util.ArrayList.forEach(ArrayList.java:1597)
	at org.testng.TestRunner.privateRun(TestRunner.java:739)
	at org.testng.TestRunner.run(TestRunner.java:614)
	at org.testng.SuiteRunner.runTest(SuiteRunner.java:421)
	at org.testng.SuiteRunner.runSequentially(SuiteRunner.java:413)
	at org.testng.SuiteRunner.privateRun(SuiteRunner.java:373)
	at org.testng.SuiteRunner.run(SuiteRunner.java:312)
	at org.testng.SuiteRunnerWorker.runSuite(SuiteRunnerWorker.java:52)
	at org.testng.SuiteRunnerWorker.run(SuiteRunnerWorker.java:95)
	at org.testng.TestNG.runSuitesSequentially(TestNG.java:1274)
	at org.testng.TestNG.runSuitesLocally(TestNG.java:1208)
	at org.testng.TestNG.runSuites(TestNG.java:1112)
	at org.testng.TestNG.run(TestNG.java:1079)
	at org.testng.remote.AbstractRemoteTestNG.run(AbstractRemoteTestNG.java:115)
	at org.testng.remote.RemoteTestNG.initAndRun(RemoteTestNG.java:293)
	at org.testng.remote.RemoteTestNG.main(RemoteTestNG.java:91)
</pre></div></td>
<td>0</td>
<td>orderFlowNegative.TestsOrderFlowNegative@2dc9b0f5</td></tr>
<tr>
<td title='orderFlowNegative.TestsOrderFlowNegative.testOrderFlowNegativeOrderIdReturn()'><b>testOrderFlowNegativeOrderIdReturn</b><br>Test class: orderFlowNegative.TestsOrderFlowNegative</td>
<td><div><pre>java.lang.Throwable: Method orderFlowNegative.TestsOrderFlowNegative.testOrderFlowNegativeOrderIdReturn() on instance orderFlowNegative.TestsOrderFlowNegative@2dc9b0f5 depends on not successfully finished methods 
[orderFlowNegative.TestsOrderFlowNegative.testOrderFlowNegativeInventoryDetailsAfterInventorySettlement() on instance orderFlowNegative.TestsOrderFlowNegative@2dc9b0f5]
	at java.base/java.util.ArrayList.forEach(ArrayList.java:1597)
... Removed 18 stack frames</pre></div><a href='#' onClick='toggleBox("stack-trace391731126", this, "Click to show all stack frames", "Click to hide stack frames")'>Click to show all stack frames</a>
<div class='stack-trace' id='stack-trace391731126'><pre>java.lang.Throwable: Method orderFlowNegative.TestsOrderFlowNegative.testOrderFlowNegativeOrderIdReturn() on instance orderFlowNegative.TestsOrderFlowNegative@2dc9b0f5 depends on not successfully finished methods 
[orderFlowNegative.TestsOrderFlowNegative.testOrderFlowNegativeInventoryDetailsAfterInventorySettlement() on instance orderFlowNegative.TestsOrderFlowNegative@2dc9b0f5]
	at org.testng.internal.invokers.TestInvoker.invokeTestMethods(TestInvoker.java:159)
	at org.testng.internal.invokers.TestMethodWorker.invokeTestMethods(TestMethodWorker.java:154)
	at org.testng.internal.invokers.TestMethodWorker.run(TestMethodWorker.java:134)
	at java.base/java.util.ArrayList.forEach(ArrayList.java:1597)
	at org.testng.TestRunner.privateRun(TestRunner.java:739)
	at org.testng.TestRunner.run(TestRunner.java:614)
	at org.testng.SuiteRunner.runTest(SuiteRunner.java:421)
	at org.testng.SuiteRunner.runSequentially(SuiteRunner.java:413)
	at org.testng.SuiteRunner.privateRun(SuiteRunner.java:373)
	at org.testng.SuiteRunner.run(SuiteRunner.java:312)
	at org.testng.SuiteRunnerWorker.runSuite(SuiteRunnerWorker.java:52)
	at org.testng.SuiteRunnerWorker.run(SuiteRunnerWorker.java:95)
	at org.testng.TestNG.runSuitesSequentially(TestNG.java:1274)
	at org.testng.TestNG.runSuitesLocally(TestNG.java:1208)
	at org.testng.TestNG.runSuites(TestNG.java:1112)
	at org.testng.TestNG.run(TestNG.java:1079)
	at org.testng.remote.AbstractRemoteTestNG.run(AbstractRemoteTestNG.java:115)
	at org.testng.remote.RemoteTestNG.initAndRun(RemoteTestNG.java:293)
	at org.testng.remote.RemoteTestNG.main(RemoteTestNG.java:91)
</pre></div></td>
<td>0</td>
<td>orderFlowNegative.TestsOrderFlowNegative@2dc9b0f5</td></tr>
<tr>
<td title='orderFlowNegative.TestsOrderFlowNegative.testOrderFlowNegativeInventoryDetailsAfterRejectItemQC()'><b>testOrderFlowNegativeInventoryDetailsAfterRejectItemQC</b><br>Test class: orderFlowNegative.TestsOrderFlowNegative</td>
<td><div><pre>java.lang.Throwable: Method orderFlowNegative.TestsOrderFlowNegative.testOrderFlowNegativeInventoryDetailsAfterRejectItemQC() on instance orderFlowNegative.TestsOrderFlowNegative@2dc9b0f5 depends on not successfully finished methods 
[orderFlowNegative.TestsOrderFlowNegative.testOrderFlowNegativeRejectItemQC() on instance orderFlowNegative.TestsOrderFlowNegative@2dc9b0f5]
	at java.base/java.util.ArrayList.forEach(ArrayList.java:1597)
... Removed 18 stack frames</pre></div><a href='#' onClick='toggleBox("stack-trace1407155815", this, "Click to show all stack frames", "Click to hide stack frames")'>Click to show all stack frames</a>
<div class='stack-trace' id='stack-trace1407155815'><pre>java.lang.Throwable: Method orderFlowNegative.TestsOrderFlowNegative.testOrderFlowNegativeInventoryDetailsAfterRejectItemQC() on instance orderFlowNegative.TestsOrderFlowNegative@2dc9b0f5 depends on not successfully finished methods 
[orderFlowNegative.TestsOrderFlowNegative.testOrderFlowNegativeRejectItemQC() on instance orderFlowNegative.TestsOrderFlowNegative@2dc9b0f5]
	at org.testng.internal.invokers.TestInvoker.invokeTestMethods(TestInvoker.java:159)
	at org.testng.internal.invokers.TestMethodWorker.invokeTestMethods(TestMethodWorker.java:154)
	at org.testng.internal.invokers.TestMethodWorker.run(TestMethodWorker.java:134)
	at java.base/java.util.ArrayList.forEach(ArrayList.java:1597)
	at org.testng.TestRunner.privateRun(TestRunner.java:739)
	at org.testng.TestRunner.run(TestRunner.java:614)
	at org.testng.SuiteRunner.runTest(SuiteRunner.java:421)
	at org.testng.SuiteRunner.runSequentially(SuiteRunner.java:413)
	at org.testng.SuiteRunner.privateRun(SuiteRunner.java:373)
	at org.testng.SuiteRunner.run(SuiteRunner.java:312)
	at org.testng.SuiteRunnerWorker.runSuite(SuiteRunnerWorker.java:52)
	at org.testng.SuiteRunnerWorker.run(SuiteRunnerWorker.java:95)
	at org.testng.TestNG.runSuitesSequentially(TestNG.java:1274)
	at org.testng.TestNG.runSuitesLocally(TestNG.java:1208)
	at org.testng.TestNG.runSuites(TestNG.java:1112)
	at org.testng.TestNG.run(TestNG.java:1079)
	at org.testng.remote.AbstractRemoteTestNG.run(AbstractRemoteTestNG.java:115)
	at org.testng.remote.RemoteTestNG.initAndRun(RemoteTestNG.java:293)
	at org.testng.remote.RemoteTestNG.main(RemoteTestNG.java:91)
</pre></div></td>
<td>0</td>
<td>orderFlowNegative.TestsOrderFlowNegative@2dc9b0f5</td></tr>
<tr>
<td title='orderFlowNegative.TestsOrderFlowNegative.testOrderFlowNegativeInventoryDetailsAfterActionCompleteQCReturn()'><b>testOrderFlowNegativeInventoryDetailsAfterActionCompleteQCReturn</b><br>Test class: orderFlowNegative.TestsOrderFlowNegative</td>
<td><div><pre>java.lang.Throwable: Method orderFlowNegative.TestsOrderFlowNegative.testOrderFlowNegativeInventoryDetailsAfterActionCompleteQCReturn() on instance orderFlowNegative.TestsOrderFlowNegative@2dc9b0f5 depends on not successfully finished methods 
[orderFlowNegative.TestsOrderFlowNegative.testOrderFlowNegativeActionCompleteQCReturn() on instance orderFlowNegative.TestsOrderFlowNegative@2dc9b0f5]
	at java.base/java.util.ArrayList.forEach(ArrayList.java:1597)
... Removed 18 stack frames</pre></div><a href='#' onClick='toggleBox("stack-trace461643389", this, "Click to show all stack frames", "Click to hide stack frames")'>Click to show all stack frames</a>
<div class='stack-trace' id='stack-trace461643389'><pre>java.lang.Throwable: Method orderFlowNegative.TestsOrderFlowNegative.testOrderFlowNegativeInventoryDetailsAfterActionCompleteQCReturn() on instance orderFlowNegative.TestsOrderFlowNegative@2dc9b0f5 depends on not successfully finished methods 
[orderFlowNegative.TestsOrderFlowNegative.testOrderFlowNegativeActionCompleteQCReturn() on instance orderFlowNegative.TestsOrderFlowNegative@2dc9b0f5]
	at org.testng.internal.invokers.TestInvoker.invokeTestMethods(TestInvoker.java:159)
	at org.testng.internal.invokers.TestMethodWorker.invokeTestMethods(TestMethodWorker.java:154)
	at org.testng.internal.invokers.TestMethodWorker.run(TestMethodWorker.java:134)
	at java.base/java.util.ArrayList.forEach(ArrayList.java:1597)
	at org.testng.TestRunner.privateRun(TestRunner.java:739)
	at org.testng.TestRunner.run(TestRunner.java:614)
	at org.testng.SuiteRunner.runTest(SuiteRunner.java:421)
	at org.testng.SuiteRunner.runSequentially(SuiteRunner.java:413)
	at org.testng.SuiteRunner.privateRun(SuiteRunner.java:373)
	at org.testng.SuiteRunner.run(SuiteRunner.java:312)
	at org.testng.SuiteRunnerWorker.runSuite(SuiteRunnerWorker.java:52)
	at org.testng.SuiteRunnerWorker.run(SuiteRunnerWorker.java:95)
	at org.testng.TestNG.runSuitesSequentially(TestNG.java:1274)
	at org.testng.TestNG.runSuitesLocally(TestNG.java:1208)
	at org.testng.TestNG.runSuites(TestNG.java:1112)
	at org.testng.TestNG.run(TestNG.java:1079)
	at org.testng.remote.AbstractRemoteTestNG.run(AbstractRemoteTestNG.java:115)
	at org.testng.remote.RemoteTestNG.initAndRun(RemoteTestNG.java:293)
	at org.testng.remote.RemoteTestNG.main(RemoteTestNG.java:91)
</pre></div></td>
<td>0</td>
<td>orderFlowNegative.TestsOrderFlowNegative@2dc9b0f5</td></tr>
<tr>
<td title='orderFlowPositive.TestsOrderFlowPositive.testOrderFlowPositiveInventoryDetailsAfterCompleteQC()'><b>testOrderFlowPositiveInventoryDetailsAfterCompleteQC</b><br>Test class: orderFlowPositive.TestsOrderFlowPositive</td>
<td><div><pre>java.lang.Throwable: Method orderFlowPositive.TestsOrderFlowPositive.testOrderFlowPositiveInventoryDetailsAfterCompleteQC() on instance orderFlowPositive.TestsOrderFlowPositive@4bc222e depends on not successfully finished methods 
[orderFlowPositive.TestsOrderFlowPositive.testOrderFlowPositiveCompleteQC() on instance orderFlowPositive.TestsOrderFlowPositive@4bc222e]
	at java.base/java.util.ArrayList.forEach(ArrayList.java:1597)
... Removed 18 stack frames</pre></div><a href='#' onClick='toggleBox("stack-trace1230875047", this, "Click to show all stack frames", "Click to hide stack frames")'>Click to show all stack frames</a>
<div class='stack-trace' id='stack-trace1230875047'><pre>java.lang.Throwable: Method orderFlowPositive.TestsOrderFlowPositive.testOrderFlowPositiveInventoryDetailsAfterCompleteQC() on instance orderFlowPositive.TestsOrderFlowPositive@4bc222e depends on not successfully finished methods 
[orderFlowPositive.TestsOrderFlowPositive.testOrderFlowPositiveCompleteQC() on instance orderFlowPositive.TestsOrderFlowPositive@4bc222e]
	at org.testng.internal.invokers.TestInvoker.invokeTestMethods(TestInvoker.java:159)
	at org.testng.internal.invokers.TestMethodWorker.invokeTestMethods(TestMethodWorker.java:154)
	at org.testng.internal.invokers.TestMethodWorker.run(TestMethodWorker.java:134)
	at java.base/java.util.ArrayList.forEach(ArrayList.java:1597)
	at org.testng.TestRunner.privateRun(TestRunner.java:739)
	at org.testng.TestRunner.run(TestRunner.java:614)
	at org.testng.SuiteRunner.runTest(SuiteRunner.java:421)
	at org.testng.SuiteRunner.runSequentially(SuiteRunner.java:413)
	at org.testng.SuiteRunner.privateRun(SuiteRunner.java:373)
	at org.testng.SuiteRunner.run(SuiteRunner.java:312)
	at org.testng.SuiteRunnerWorker.runSuite(SuiteRunnerWorker.java:52)
	at org.testng.SuiteRunnerWorker.run(SuiteRunnerWorker.java:95)
	at org.testng.TestNG.runSuitesSequentially(TestNG.java:1274)
	at org.testng.TestNG.runSuitesLocally(TestNG.java:1208)
	at org.testng.TestNG.runSuites(TestNG.java:1112)
	at org.testng.TestNG.run(TestNG.java:1079)
	at org.testng.remote.AbstractRemoteTestNG.run(AbstractRemoteTestNG.java:115)
	at org.testng.remote.RemoteTestNG.initAndRun(RemoteTestNG.java:293)
	at org.testng.remote.RemoteTestNG.main(RemoteTestNG.java:91)
</pre></div></td>
<td>0</td>
<td>orderFlowPositive.TestsOrderFlowPositive@4bc222e</td></tr>
<tr>
<td title='orderFlowPositive.TestsOrderFlowPositive.testOrderFlowPositiveCompleteQC()'><b>testOrderFlowPositiveCompleteQC</b><br>Test class: orderFlowPositive.TestsOrderFlowPositive</td>
<td><div><pre>java.lang.Throwable: Method orderFlowPositive.TestsOrderFlowPositive.testOrderFlowPositiveCompleteQC() on instance orderFlowPositive.TestsOrderFlowPositive@4bc222e depends on not successfully finished methods 
[orderFlowPositive.TestsOrderFlowPositive.testOrderFlowPositiveInventoryDetailsAfterAcceptItemQC() on instance orderFlowPositive.TestsOrderFlowPositive@4bc222e]
	at java.base/java.util.ArrayList.forEach(ArrayList.java:1597)
... Removed 18 stack frames</pre></div><a href='#' onClick='toggleBox("stack-trace524876402", this, "Click to show all stack frames", "Click to hide stack frames")'>Click to show all stack frames</a>
<div class='stack-trace' id='stack-trace524876402'><pre>java.lang.Throwable: Method orderFlowPositive.TestsOrderFlowPositive.testOrderFlowPositiveCompleteQC() on instance orderFlowPositive.TestsOrderFlowPositive@4bc222e depends on not successfully finished methods 
[orderFlowPositive.TestsOrderFlowPositive.testOrderFlowPositiveInventoryDetailsAfterAcceptItemQC() on instance orderFlowPositive.TestsOrderFlowPositive@4bc222e]
	at org.testng.internal.invokers.TestInvoker.invokeTestMethods(TestInvoker.java:159)
	at org.testng.internal.invokers.TestMethodWorker.invokeTestMethods(TestMethodWorker.java:154)
	at org.testng.internal.invokers.TestMethodWorker.run(TestMethodWorker.java:134)
	at java.base/java.util.ArrayList.forEach(ArrayList.java:1597)
	at org.testng.TestRunner.privateRun(TestRunner.java:739)
	at org.testng.TestRunner.run(TestRunner.java:614)
	at org.testng.SuiteRunner.runTest(SuiteRunner.java:421)
	at org.testng.SuiteRunner.runSequentially(SuiteRunner.java:413)
	at org.testng.SuiteRunner.privateRun(SuiteRunner.java:373)
	at org.testng.SuiteRunner.run(SuiteRunner.java:312)
	at org.testng.SuiteRunnerWorker.runSuite(SuiteRunnerWorker.java:52)
	at org.testng.SuiteRunnerWorker.run(SuiteRunnerWorker.java:95)
	at org.testng.TestNG.runSuitesSequentially(TestNG.java:1274)
	at org.testng.TestNG.runSuitesLocally(TestNG.java:1208)
	at org.testng.TestNG.runSuites(TestNG.java:1112)
	at org.testng.TestNG.run(TestNG.java:1079)
	at org.testng.remote.AbstractRemoteTestNG.run(AbstractRemoteTestNG.java:115)
	at org.testng.remote.RemoteTestNG.initAndRun(RemoteTestNG.java:293)
	at org.testng.remote.RemoteTestNG.main(RemoteTestNG.java:91)
</pre></div></td>
<td>0</td>
<td>orderFlowPositive.TestsOrderFlowPositive@4bc222e</td></tr>
<tr>
<td title='orderFlowPositive.TestsOrderFlowPositive.testOrderFlowPositiveInventoryDetailsAfterAcceptItemQC()'><b>testOrderFlowPositiveInventoryDetailsAfterAcceptItemQC</b><br>Test class: orderFlowPositive.TestsOrderFlowPositive</td>
<td><div><pre>java.lang.Throwable: Method orderFlowPositive.TestsOrderFlowPositive.testOrderFlowPositiveInventoryDetailsAfterAcceptItemQC() on instance orderFlowPositive.TestsOrderFlowPositive@4bc222e depends on not successfully finished methods 
[orderFlowPositive.TestsOrderFlowPositive.testOrderFlowPositiveAcceptItemQC() on instance orderFlowPositive.TestsOrderFlowPositive@4bc222e]
	at java.base/java.util.ArrayList.forEach(ArrayList.java:1597)
... Removed 18 stack frames</pre></div><a href='#' onClick='toggleBox("stack-trace1303786635", this, "Click to show all stack frames", "Click to hide stack frames")'>Click to show all stack frames</a>
<div class='stack-trace' id='stack-trace1303786635'><pre>java.lang.Throwable: Method orderFlowPositive.TestsOrderFlowPositive.testOrderFlowPositiveInventoryDetailsAfterAcceptItemQC() on instance orderFlowPositive.TestsOrderFlowPositive@4bc222e depends on not successfully finished methods 
[orderFlowPositive.TestsOrderFlowPositive.testOrderFlowPositiveAcceptItemQC() on instance orderFlowPositive.TestsOrderFlowPositive@4bc222e]
	at org.testng.internal.invokers.TestInvoker.invokeTestMethods(TestInvoker.java:159)
	at org.testng.internal.invokers.TestMethodWorker.invokeTestMethods(TestMethodWorker.java:154)
	at org.testng.internal.invokers.TestMethodWorker.run(TestMethodWorker.java:134)
	at java.base/java.util.ArrayList.forEach(ArrayList.java:1597)
	at org.testng.TestRunner.privateRun(TestRunner.java:739)
	at org.testng.TestRunner.run(TestRunner.java:614)
	at org.testng.SuiteRunner.runTest(SuiteRunner.java:421)
	at org.testng.SuiteRunner.runSequentially(SuiteRunner.java:413)
	at org.testng.SuiteRunner.privateRun(SuiteRunner.java:373)
	at org.testng.SuiteRunner.run(SuiteRunner.java:312)
	at org.testng.SuiteRunnerWorker.runSuite(SuiteRunnerWorker.java:52)
	at org.testng.SuiteRunnerWorker.run(SuiteRunnerWorker.java:95)
	at org.testng.TestNG.runSuitesSequentially(TestNG.java:1274)
	at org.testng.TestNG.runSuitesLocally(TestNG.java:1208)
	at org.testng.TestNG.runSuites(TestNG.java:1112)
	at org.testng.TestNG.run(TestNG.java:1079)
	at org.testng.remote.AbstractRemoteTestNG.run(AbstractRemoteTestNG.java:115)
	at org.testng.remote.RemoteTestNG.initAndRun(RemoteTestNG.java:293)
	at org.testng.remote.RemoteTestNG.main(RemoteTestNG.java:91)
</pre></div></td>
<td>0</td>
<td>orderFlowPositive.TestsOrderFlowPositive@4bc222e</td></tr>
<tr>
<td title='orderFlowNegative.TestsOrderFlowNegative.testOrderFlowNegativeActionCompleteQCReturn()'><b>testOrderFlowNegativeActionCompleteQCReturn</b><br>Test class: orderFlowNegative.TestsOrderFlowNegative</td>
<td><div><pre>java.lang.Throwable: Method orderFlowNegative.TestsOrderFlowNegative.testOrderFlowNegativeActionCompleteQCReturn() on instance orderFlowNegative.TestsOrderFlowNegative@2dc9b0f5 depends on not successfully finished methods 
[orderFlowNegative.TestsOrderFlowNegative.testOrderFlowNegativeInventoryAfterDetailsOrderIdReturn() on instance orderFlowNegative.TestsOrderFlowNegative@2dc9b0f5]
	at java.base/java.util.ArrayList.forEach(ArrayList.java:1597)
... Removed 18 stack frames</pre></div><a href='#' onClick='toggleBox("stack-trace1493625851", this, "Click to show all stack frames", "Click to hide stack frames")'>Click to show all stack frames</a>
<div class='stack-trace' id='stack-trace1493625851'><pre>java.lang.Throwable: Method orderFlowNegative.TestsOrderFlowNegative.testOrderFlowNegativeActionCompleteQCReturn() on instance orderFlowNegative.TestsOrderFlowNegative@2dc9b0f5 depends on not successfully finished methods 
[orderFlowNegative.TestsOrderFlowNegative.testOrderFlowNegativeInventoryAfterDetailsOrderIdReturn() on instance orderFlowNegative.TestsOrderFlowNegative@2dc9b0f5]
	at org.testng.internal.invokers.TestInvoker.invokeTestMethods(TestInvoker.java:159)
	at org.testng.internal.invokers.TestMethodWorker.invokeTestMethods(TestMethodWorker.java:154)
	at org.testng.internal.invokers.TestMethodWorker.run(TestMethodWorker.java:134)
	at java.base/java.util.ArrayList.forEach(ArrayList.java:1597)
	at org.testng.TestRunner.privateRun(TestRunner.java:739)
	at org.testng.TestRunner.run(TestRunner.java:614)
	at org.testng.SuiteRunner.runTest(SuiteRunner.java:421)
	at org.testng.SuiteRunner.runSequentially(SuiteRunner.java:413)
	at org.testng.SuiteRunner.privateRun(SuiteRunner.java:373)
	at org.testng.SuiteRunner.run(SuiteRunner.java:312)
	at org.testng.SuiteRunnerWorker.runSuite(SuiteRunnerWorker.java:52)
	at org.testng.SuiteRunnerWorker.run(SuiteRunnerWorker.java:95)
	at org.testng.TestNG.runSuitesSequentially(TestNG.java:1274)
	at org.testng.TestNG.runSuitesLocally(TestNG.java:1208)
	at org.testng.TestNG.runSuites(TestNG.java:1112)
	at org.testng.TestNG.run(TestNG.java:1079)
	at org.testng.remote.AbstractRemoteTestNG.run(AbstractRemoteTestNG.java:115)
	at org.testng.remote.RemoteTestNG.initAndRun(RemoteTestNG.java:293)
	at org.testng.remote.RemoteTestNG.main(RemoteTestNG.java:91)
</pre></div></td>
<td>0</td>
<td>orderFlowNegative.TestsOrderFlowNegative@2dc9b0f5</td></tr>
<tr>
<td title='orderFlowNegative.TestsOrderFlowNegative.testOrderFlowNegativeInventoryAfterDetailsOrderIdReturn()'><b>testOrderFlowNegativeInventoryAfterDetailsOrderIdReturn</b><br>Test class: orderFlowNegative.TestsOrderFlowNegative</td>
<td><div><pre>java.lang.Throwable: Method orderFlowNegative.TestsOrderFlowNegative.testOrderFlowNegativeInventoryAfterDetailsOrderIdReturn() on instance orderFlowNegative.TestsOrderFlowNegative@2dc9b0f5 depends on not successfully finished methods 
[orderFlowNegative.TestsOrderFlowNegative.testOrderFlowNegativeOrderIdReturn() on instance orderFlowNegative.TestsOrderFlowNegative@2dc9b0f5]
	at java.base/java.util.ArrayList.forEach(ArrayList.java:1597)
... Removed 18 stack frames</pre></div><a href='#' onClick='toggleBox("stack-trace1494895909", this, "Click to show all stack frames", "Click to hide stack frames")'>Click to show all stack frames</a>
<div class='stack-trace' id='stack-trace1494895909'><pre>java.lang.Throwable: Method orderFlowNegative.TestsOrderFlowNegative.testOrderFlowNegativeInventoryAfterDetailsOrderIdReturn() on instance orderFlowNegative.TestsOrderFlowNegative@2dc9b0f5 depends on not successfully finished methods 
[orderFlowNegative.TestsOrderFlowNegative.testOrderFlowNegativeOrderIdReturn() on instance orderFlowNegative.TestsOrderFlowNegative@2dc9b0f5]
	at org.testng.internal.invokers.TestInvoker.invokeTestMethods(TestInvoker.java:159)
	at org.testng.internal.invokers.TestMethodWorker.invokeTestMethods(TestMethodWorker.java:154)
	at org.testng.internal.invokers.TestMethodWorker.run(TestMethodWorker.java:134)
	at java.base/java.util.ArrayList.forEach(ArrayList.java:1597)
	at org.testng.TestRunner.privateRun(TestRunner.java:739)
	at org.testng.TestRunner.run(TestRunner.java:614)
	at org.testng.SuiteRunner.runTest(SuiteRunner.java:421)
	at org.testng.SuiteRunner.runSequentially(SuiteRunner.java:413)
	at org.testng.SuiteRunner.privateRun(SuiteRunner.java:373)
	at org.testng.SuiteRunner.run(SuiteRunner.java:312)
	at org.testng.SuiteRunnerWorker.runSuite(SuiteRunnerWorker.java:52)
	at org.testng.SuiteRunnerWorker.run(SuiteRunnerWorker.java:95)
	at org.testng.TestNG.runSuitesSequentially(TestNG.java:1274)
	at org.testng.TestNG.runSuitesLocally(TestNG.java:1208)
	at org.testng.TestNG.runSuites(TestNG.java:1112)
	at org.testng.TestNG.run(TestNG.java:1079)
	at org.testng.remote.AbstractRemoteTestNG.run(AbstractRemoteTestNG.java:115)
	at org.testng.remote.RemoteTestNG.initAndRun(RemoteTestNG.java:293)
	at org.testng.remote.RemoteTestNG.main(RemoteTestNG.java:91)
</pre></div></td>
<td>0</td>
<td>orderFlowNegative.TestsOrderFlowNegative@2dc9b0f5</td></tr>
</table><p>
</body>
</html>