<html>
<head>
<title>TestNG:  Test</title>
<link href="../testng.css" rel="stylesheet" type="text/css" />
<link href="../my-testng.css" rel="stylesheet" type="text/css" />

<style type="text/css">
.log { display: none;} 
.stack-trace { display: none;} 
</style>
<script type="text/javascript">
<!--
function flip(e) {
  current = e.style.display;
  if (current == 'block') {
    e.style.display = 'none';
    return 0;
  }
  else {
    e.style.display = 'block';
    return 1;
  }
}

function toggleBox(szDivId, elem, msg1, msg2)
{
  var res = -1;  if (document.getElementById) {
    res = flip(document.getElementById(szDivId));
  }
  else if (document.all) {
    // this is the way old msie versions work
    res = flip(document.all[szDivId]);
  }
  if(elem) {
    if(res == 0) elem.innerHTML = msg1; else elem.innerHTML = msg2;
  }

}

function toggleAllBoxes() {
  if (document.getElementsByTagName) {
    d = document.getElementsByTagName('div');
    for (i = 0; i < d.length; i++) {
      if (d[i].className == 'log') {
        flip(d[i]);
      }
    }
  }
}

// -->
</script>

</head>
<body>
<h2 align='center'>Test</h2><table border='1' align="center">
<tr>
<td>Tests passed/Failed/Skipped:</td><td>44/3/28</td>
</tr><tr>
<td>Started on:</td><td>Mon Jan 06 19:51:40 IST 2025</td>
</tr>
<tr><td>Total time:</td><td>19 seconds (19624 ms)</td>
</tr><tr>
<td>Included groups:</td><td></td>
</tr><tr>
<td>Excluded groups:</td><td></td>
</tr>
</table><p/>
<small><i>(Hover the method name to see the test class name)</i></small><p/>
<table width='100%' border='1' class='invocation-failed'>
<tr><td colspan='4' align='center'><b>FAILED TESTS</b></td></tr>
<tr><td><b>Test method</b></td>
<td><b>Attribute(s)</b></td>
<td width="30%"><b>Exception</b></td>
<td width="10%"><b>Time (seconds)</b></td>
<td><b>Instance</b></td>
</tr>
<tr>
<td title='orderFlowPositive.TestsOrderFlowPositive.testOrderFlowPositiveDeliver()'><b>testOrderFlowPositiveDeliver</b><br>Test class: orderFlowPositive.TestsOrderFlowPositive</td>
<td><div><pre>java.lang.AssertionError: Test failed due to unexpected status code: 400
	at allCommonData.TestHelper.validateStatusCode(TestHelper.java:21)
	at orderFlowPositive.TestsOrderFlowPositive.testOrderFlowPositiveDeliver(TestsOrderFlowPositive.java:565)
	at java.base/java.util.ArrayList.forEach(ArrayList.java:1511)
... Removed 32 stack frames</pre></div><a href='#' onClick='toggleBox("stack-trace1021786447", this, "Click to show all stack frames", "Click to hide stack frames")'>Click to show all stack frames</a>
<div class='stack-trace' id='stack-trace1021786447'><pre>java.lang.AssertionError: Test failed due to unexpected status code: 400
	at org.testng.Assert.fail(Assert.java:111)
	at allCommonData.TestHelper.validateStatusCode(TestHelper.java:21)
	at orderFlowPositive.TestsOrderFlowPositive.testOrderFlowPositiveDeliver(TestsOrderFlowPositive.java:565)
	at java.base/jdk.internal.reflect.NativeMethodAccessorImpl.invoke0(Native Method)
	at java.base/jdk.internal.reflect.NativeMethodAccessorImpl.invoke(NativeMethodAccessorImpl.java:77)
	at java.base/jdk.internal.reflect.DelegatingMethodAccessorImpl.invoke(DelegatingMethodAccessorImpl.java:43)
	at java.base/java.lang.reflect.Method.invoke(Method.java:569)
	at org.testng.internal.invokers.MethodInvocationHelper.invokeMethod(MethodInvocationHelper.java:141)
	at org.testng.internal.invokers.TestInvoker.invokeMethod(TestInvoker.java:686)
	at org.testng.internal.invokers.TestInvoker.invokeTestMethod(TestInvoker.java:230)
	at org.testng.internal.invokers.MethodRunner.runInSequence(MethodRunner.java:63)
	at org.testng.internal.invokers.TestInvoker$MethodInvocationAgent.invoke(TestInvoker.java:992)
	at org.testng.internal.invokers.TestInvoker.invokeTestMethods(TestInvoker.java:203)
	at org.testng.internal.invokers.TestMethodWorker.invokeTestMethods(TestMethodWorker.java:154)
	at org.testng.internal.invokers.TestMethodWorker.run(TestMethodWorker.java:134)
	at java.base/java.util.ArrayList.forEach(ArrayList.java:1511)
	at org.testng.TestRunner.privateRun(TestRunner.java:739)
	at org.testng.TestRunner.run(TestRunner.java:614)
	at org.testng.SuiteRunner.runTest(SuiteRunner.java:421)
	at org.testng.SuiteRunner.runSequentially(SuiteRunner.java:413)
	at org.testng.SuiteRunner.privateRun(SuiteRunner.java:373)
	at org.testng.SuiteRunner.run(SuiteRunner.java:312)
	at org.testng.SuiteRunnerWorker.runSuite(SuiteRunnerWorker.java:52)
	at org.testng.SuiteRunnerWorker.run(SuiteRunnerWorker.java:95)
	at org.testng.TestNG.runSuitesSequentially(TestNG.java:1274)
	at org.testng.TestNG.runSuitesLocally(TestNG.java:1208)
	at org.testng.TestNG.runSuites(TestNG.java:1112)
	at org.testng.TestNG.run(TestNG.java:1079)
	at org.apache.maven.surefire.testng.TestNGExecutor.run(TestNGExecutor.java:308)
	at org.apache.maven.surefire.testng.TestNGXmlTestSuite.execute(TestNGXmlTestSuite.java:71)
	at org.apache.maven.surefire.testng.TestNGProvider.invoke(TestNGProvider.java:113)
	at org.apache.maven.surefire.booter.ForkedBooter.runSuitesInProcess(ForkedBooter.java:385)
	at org.apache.maven.surefire.booter.ForkedBooter.execute(ForkedBooter.java:162)
	at org.apache.maven.surefire.booter.ForkedBooter.run(ForkedBooter.java:507)
	at org.apache.maven.surefire.booter.ForkedBooter.main(ForkedBooter.java:495)
</pre></div></td>
<td>0</td>
<td>orderFlowPositive.TestsOrderFlowPositive@368f2016</td></tr>
<tr>
<td title='orderUpdateDispatch.TestsOrderUpdateDispatch.testOrderUpdateDispatchInventoryDetailsAfterUpdateOrder()'><b>testOrderUpdateDispatchInventoryDetailsAfterUpdateOrder</b><br>Test class: orderUpdateDispatch.TestsOrderUpdateDispatch</td>
<td><div><pre>java.lang.AssertionError: The following asserts failed:
	Pending Stock value Before Create Order is: 122, New Ordered Quantity is: 7, Expected Pending Stock value (Pending Stock Value Before Updating Order + New Ordered Quantity) After Update Order is: 129, But Actual Pending Stock value After Update Order is: 127. Incorrect,
	Expected Intransient Stock value (Intransient Stock value After Update Order = Intransient Stock value Before Create Order) After Update Order is: 70 But Actual Intransient Stock value After Update Order is: 72. Incorrect,
	Expected Available Stock value (Available Stock value After Update Order = Available Stock value Before Create Order) After Update Order is: 99924 But Actual Available Stock value After Update Order is: 99922. Incorrect
	at orderUpdateDispatch.TestsOrderUpdateDispatch.testOrderUpdateDispatchInventoryDetailsAfterUpdateOrder(TestsOrderUpdateDispatch.java:543)
	at java.base/java.util.ArrayList.forEach(ArrayList.java:1511)
... Removed 33 stack frames</pre></div><a href='#' onClick='toggleBox("stack-trace1544967706", this, "Click to show all stack frames", "Click to hide stack frames")'>Click to show all stack frames</a>
<div class='stack-trace' id='stack-trace1544967706'><pre>java.lang.AssertionError: The following asserts failed:
	Pending Stock value Before Create Order is: 122, New Ordered Quantity is: 7, Expected Pending Stock value (Pending Stock Value Before Updating Order + New Ordered Quantity) After Update Order is: 129, But Actual Pending Stock value After Update Order is: 127. Incorrect,
	Expected Intransient Stock value (Intransient Stock value After Update Order = Intransient Stock value Before Create Order) After Update Order is: 70 But Actual Intransient Stock value After Update Order is: 72. Incorrect,
	Expected Available Stock value (Available Stock value After Update Order = Available Stock value Before Create Order) After Update Order is: 99924 But Actual Available Stock value After Update Order is: 99922. Incorrect
	at org.testng.asserts.SoftAssert.assertAll(SoftAssert.java:46)
	at org.testng.asserts.SoftAssert.assertAll(SoftAssert.java:30)
	at orderUpdateDispatch.TestsOrderUpdateDispatch.testOrderUpdateDispatchInventoryDetailsAfterUpdateOrder(TestsOrderUpdateDispatch.java:543)
	at java.base/jdk.internal.reflect.NativeMethodAccessorImpl.invoke0(Native Method)
	at java.base/jdk.internal.reflect.NativeMethodAccessorImpl.invoke(NativeMethodAccessorImpl.java:77)
	at java.base/jdk.internal.reflect.DelegatingMethodAccessorImpl.invoke(DelegatingMethodAccessorImpl.java:43)
	at java.base/java.lang.reflect.Method.invoke(Method.java:569)
	at org.testng.internal.invokers.MethodInvocationHelper.invokeMethod(MethodInvocationHelper.java:141)
	at org.testng.internal.invokers.TestInvoker.invokeMethod(TestInvoker.java:686)
	at org.testng.internal.invokers.TestInvoker.invokeTestMethod(TestInvoker.java:230)
	at org.testng.internal.invokers.MethodRunner.runInSequence(MethodRunner.java:63)
	at org.testng.internal.invokers.TestInvoker$MethodInvocationAgent.invoke(TestInvoker.java:992)
	at org.testng.internal.invokers.TestInvoker.invokeTestMethods(TestInvoker.java:203)
	at org.testng.internal.invokers.TestMethodWorker.invokeTestMethods(TestMethodWorker.java:154)
	at org.testng.internal.invokers.TestMethodWorker.run(TestMethodWorker.java:134)
	at java.base/java.util.ArrayList.forEach(ArrayList.java:1511)
	at org.testng.TestRunner.privateRun(TestRunner.java:739)
	at org.testng.TestRunner.run(TestRunner.java:614)
	at org.testng.SuiteRunner.runTest(SuiteRunner.java:421)
	at org.testng.SuiteRunner.runSequentially(SuiteRunner.java:413)
	at org.testng.SuiteRunner.privateRun(SuiteRunner.java:373)
	at org.testng.SuiteRunner.run(SuiteRunner.java:312)
	at org.testng.SuiteRunnerWorker.runSuite(SuiteRunnerWorker.java:52)
	at org.testng.SuiteRunnerWorker.run(SuiteRunnerWorker.java:95)
	at org.testng.TestNG.runSuitesSequentially(TestNG.java:1274)
	at org.testng.TestNG.runSuitesLocally(TestNG.java:1208)
	at org.testng.TestNG.runSuites(TestNG.java:1112)
	at org.testng.TestNG.run(TestNG.java:1079)
	at org.apache.maven.surefire.testng.TestNGExecutor.run(TestNGExecutor.java:308)
	at org.apache.maven.surefire.testng.TestNGXmlTestSuite.execute(TestNGXmlTestSuite.java:71)
	at org.apache.maven.surefire.testng.TestNGProvider.invoke(TestNGProvider.java:113)
	at org.apache.maven.surefire.booter.ForkedBooter.runSuitesInProcess(ForkedBooter.java:385)
	at org.apache.maven.surefire.booter.ForkedBooter.execute(ForkedBooter.java:162)
	at org.apache.maven.surefire.booter.ForkedBooter.run(ForkedBooter.java:507)
	at org.apache.maven.surefire.booter.ForkedBooter.main(ForkedBooter.java:495)
</pre></div></td>
<td>0</td>
<td>orderUpdateDispatch.TestsOrderUpdateDispatch@48f2bd5b</td></tr>
<tr>
<td title='orderFlowNegative.TestsOrderFlowNegative.testOrderFlowNegativeDeliver()'><b>testOrderFlowNegativeDeliver</b><br>Test class: orderFlowNegative.TestsOrderFlowNegative</td>
<td><div><pre>java.lang.AssertionError: Test failed due to unexpected status code: 400
	at allCommonData.TestHelper.validateStatusCode(TestHelper.java:21)
	at orderFlowNegative.TestsOrderFlowNegative.testOrderFlowNegativeDeliver(TestsOrderFlowNegative.java:550)
	at java.base/java.util.ArrayList.forEach(ArrayList.java:1511)
... Removed 32 stack frames</pre></div><a href='#' onClick='toggleBox("stack-trace31676014", this, "Click to show all stack frames", "Click to hide stack frames")'>Click to show all stack frames</a>
<div class='stack-trace' id='stack-trace31676014'><pre>java.lang.AssertionError: Test failed due to unexpected status code: 400
	at org.testng.Assert.fail(Assert.java:111)
	at allCommonData.TestHelper.validateStatusCode(TestHelper.java:21)
	at orderFlowNegative.TestsOrderFlowNegative.testOrderFlowNegativeDeliver(TestsOrderFlowNegative.java:550)
	at java.base/jdk.internal.reflect.NativeMethodAccessorImpl.invoke0(Native Method)
	at java.base/jdk.internal.reflect.NativeMethodAccessorImpl.invoke(NativeMethodAccessorImpl.java:77)
	at java.base/jdk.internal.reflect.DelegatingMethodAccessorImpl.invoke(DelegatingMethodAccessorImpl.java:43)
	at java.base/java.lang.reflect.Method.invoke(Method.java:569)
	at org.testng.internal.invokers.MethodInvocationHelper.invokeMethod(MethodInvocationHelper.java:141)
	at org.testng.internal.invokers.TestInvoker.invokeMethod(TestInvoker.java:686)
	at org.testng.internal.invokers.TestInvoker.invokeTestMethod(TestInvoker.java:230)
	at org.testng.internal.invokers.MethodRunner.runInSequence(MethodRunner.java:63)
	at org.testng.internal.invokers.TestInvoker$MethodInvocationAgent.invoke(TestInvoker.java:992)
	at org.testng.internal.invokers.TestInvoker.invokeTestMethods(TestInvoker.java:203)
	at org.testng.internal.invokers.TestMethodWorker.invokeTestMethods(TestMethodWorker.java:154)
	at org.testng.internal.invokers.TestMethodWorker.run(TestMethodWorker.java:134)
	at java.base/java.util.ArrayList.forEach(ArrayList.java:1511)
	at org.testng.TestRunner.privateRun(TestRunner.java:739)
	at org.testng.TestRunner.run(TestRunner.java:614)
	at org.testng.SuiteRunner.runTest(SuiteRunner.java:421)
	at org.testng.SuiteRunner.runSequentially(SuiteRunner.java:413)
	at org.testng.SuiteRunner.privateRun(SuiteRunner.java:373)
	at org.testng.SuiteRunner.run(SuiteRunner.java:312)
	at org.testng.SuiteRunnerWorker.runSuite(SuiteRunnerWorker.java:52)
	at org.testng.SuiteRunnerWorker.run(SuiteRunnerWorker.java:95)
	at org.testng.TestNG.runSuitesSequentially(TestNG.java:1274)
	at org.testng.TestNG.runSuitesLocally(TestNG.java:1208)
	at org.testng.TestNG.runSuites(TestNG.java:1112)
	at org.testng.TestNG.run(TestNG.java:1079)
	at org.apache.maven.surefire.testng.TestNGExecutor.run(TestNGExecutor.java:308)
	at org.apache.maven.surefire.testng.TestNGXmlTestSuite.execute(TestNGXmlTestSuite.java:71)
	at org.apache.maven.surefire.testng.TestNGProvider.invoke(TestNGProvider.java:113)
	at org.apache.maven.surefire.booter.ForkedBooter.runSuitesInProcess(ForkedBooter.java:385)
	at org.apache.maven.surefire.booter.ForkedBooter.execute(ForkedBooter.java:162)
	at org.apache.maven.surefire.booter.ForkedBooter.run(ForkedBooter.java:507)
	at org.apache.maven.surefire.booter.ForkedBooter.main(ForkedBooter.java:495)
</pre></div></td>
<td>0</td>
<td>orderFlowNegative.TestsOrderFlowNegative@4c583ecf</td></tr>
</table><p>
<table width='100%' border='1' class='invocation-passed'>
<tr><td colspan='4' align='center'><b>PASSED TESTS</b></td></tr>
<tr><td><b>Test method</b></td>
<td><b>Attribute(s)</b></td>
<td width="30%"><b>Exception</b></td>
<td width="10%"><b>Time (seconds)</b></td>
<td><b>Instance</b></td>
</tr>
<tr>
<td title='orderCancelCreateOrder.TestsOrderCancelCreateOrder.testOrderCancelCreateOrderCancelOrder()'><b>testOrderCancelCreateOrderCancelOrder</b><br>Test class: orderCancelCreateOrder.TestsOrderCancelCreateOrder</td>
<td></td>
<td>0</td>
<td>orderCancelCreateOrder.TestsOrderCancelCreateOrder@692f203f</td></tr>
<tr>
<td title='orderFlowPositive.TestsOrderFlowPositive.testOrderFlowPositiveInventoryDetailsAfterCreateShipment()'><b>testOrderFlowPositiveInventoryDetailsAfterCreateShipment</b><br>Test class: orderFlowPositive.TestsOrderFlowPositive</td>
<td></td>
<td>0</td>
<td>orderFlowPositive.TestsOrderFlowPositive@368f2016</td></tr>
<tr>
<td title='orderFlowNegative.TestsOrderFlowNegative.testOrderFlowNegativeInventoryDetailsAfterBatchAssign()'><b>testOrderFlowNegativeInventoryDetailsAfterBatchAssign</b><br>Test class: orderFlowNegative.TestsOrderFlowNegative</td>
<td></td>
<td>0</td>
<td>orderFlowNegative.TestsOrderFlowNegative@4c583ecf</td></tr>
<tr>
<td title='orderFlowNegative.TestsOrderFlowNegative.testOrderFlowNegativeInventoryDetailsAfterMarkPacked()'><b>testOrderFlowNegativeInventoryDetailsAfterMarkPacked</b><br>Test class: orderFlowNegative.TestsOrderFlowNegative</td>
<td></td>
<td>0</td>
<td>orderFlowNegative.TestsOrderFlowNegative@4c583ecf</td></tr>
<tr>
<td title='orderUpdateDispatch.TestsOrderUpdateDispatch.testOrderUpdateDispatchInventoryDetailsAfterDispatch()'><b>testOrderUpdateDispatchInventoryDetailsAfterDispatch</b><br>Test class: orderUpdateDispatch.TestsOrderUpdateDispatch</td>
<td></td>
<td>0</td>
<td>orderUpdateDispatch.TestsOrderUpdateDispatch@48f2bd5b</td></tr>
<tr>
<td title='orderUpdateDispatch.TestsOrderUpdateDispatch.testOrderUpdateDispatchInventoryDetailsAfterBatchAssign()'><b>testOrderUpdateDispatchInventoryDetailsAfterBatchAssign</b><br>Test class: orderUpdateDispatch.TestsOrderUpdateDispatch</td>
<td></td>
<td>0</td>
<td>orderUpdateDispatch.TestsOrderUpdateDispatch@48f2bd5b</td></tr>
<tr>
<td title='orderUpdateDispatch.TestsOrderUpdateDispatch.testOrderUpdateDispatchDispatch()'><b>testOrderUpdateDispatchDispatch</b><br>Test class: orderUpdateDispatch.TestsOrderUpdateDispatch</td>
<td></td>
<td>0</td>
<td>orderUpdateDispatch.TestsOrderUpdateDispatch@48f2bd5b</td></tr>
<tr>
<td title='orderFlowPositive.TestsOrderFlowPositive.testOrderFlowPositiveInventoryDetailsAfterDispatch()'><b>testOrderFlowPositiveInventoryDetailsAfterDispatch</b><br>Test class: orderFlowPositive.TestsOrderFlowPositive</td>
<td></td>
<td>0</td>
<td>orderFlowPositive.TestsOrderFlowPositive@368f2016</td></tr>
<tr>
<td title='orderFlowPositive.TestsOrderFlowPositive.testOrderFlowPositiveInventoryDetailsBeforeCreateOrder()'><b>testOrderFlowPositiveInventoryDetailsBeforeCreateOrder</b><br>Test class: orderFlowPositive.TestsOrderFlowPositive</td>
<td></td>
<td>0</td>
<td>orderFlowPositive.TestsOrderFlowPositive@368f2016</td></tr>
<tr>
<td title='orderUpdateDispatch.TestsOrderUpdateDispatch.testOrderUpdateDispatchCreateShipment()'><b>testOrderUpdateDispatchCreateShipment</b><br>Test class: orderUpdateDispatch.TestsOrderUpdateDispatch</td>
<td></td>
<td>0</td>
<td>orderUpdateDispatch.TestsOrderUpdateDispatch@48f2bd5b</td></tr>
<tr>
<td title='orderFlowPositive.TestsOrderFlowPositive.testOrderFlowPositivecreateOrder()'><b>testOrderFlowPositivecreateOrder</b><br>Test class: orderFlowPositive.TestsOrderFlowPositive</td>
<td></td>
<td>0</td>
<td>orderFlowPositive.TestsOrderFlowPositive@368f2016</td></tr>
<tr>
<td title='orderFlowPositive.TestsOrderFlowPositive.testOrderFlowPositiveMarkPacked()'><b>testOrderFlowPositiveMarkPacked</b><br>Test class: orderFlowPositive.TestsOrderFlowPositive</td>
<td></td>
<td>0</td>
<td>orderFlowPositive.TestsOrderFlowPositive@368f2016</td></tr>
<tr>
<td title='orderUpdateDispatch.TestsOrderUpdateDispatch.testOrderUpdateDispatchMarkPacked()'><b>testOrderUpdateDispatchMarkPacked</b><br>Test class: orderUpdateDispatch.TestsOrderUpdateDispatch</td>
<td></td>
<td>0</td>
<td>orderUpdateDispatch.TestsOrderUpdateDispatch@48f2bd5b</td></tr>
<tr>
<td title='orderFlowNegative.TestsOrderFlowNegative.testOrderFlowNegativeCreateShipment()'><b>testOrderFlowNegativeCreateShipment</b><br>Test class: orderFlowNegative.TestsOrderFlowNegative</td>
<td></td>
<td>0</td>
<td>orderFlowNegative.TestsOrderFlowNegative@4c583ecf</td></tr>
<tr>
<td title='orderFlowPositive.TestsOrderFlowPositive.testOrderFlowPositiveInventoryDetailsAfterInvoiceNumber()'><b>testOrderFlowPositiveInventoryDetailsAfterInvoiceNumber</b><br>Test class: orderFlowPositive.TestsOrderFlowPositive</td>
<td></td>
<td>0</td>
<td>orderFlowPositive.TestsOrderFlowPositive@368f2016</td></tr>
<tr>
<td title='orderFlowNegative.TestsOrderFlowNegative.testOrderFlowNegativeInventoryDetailsAfterDispatch()'><b>testOrderFlowNegativeInventoryDetailsAfterDispatch</b><br>Test class: orderFlowNegative.TestsOrderFlowNegative</td>
<td></td>
<td>0</td>
<td>orderFlowNegative.TestsOrderFlowNegative@4c583ecf</td></tr>
<tr>
<td title='orderUpdateDispatch.TestsOrderUpdateDispatch.testOrderUpdateDispatchInventoryDetailsAfterCreateOrder()'><b>testOrderUpdateDispatchInventoryDetailsAfterCreateOrder</b><br>Test class: orderUpdateDispatch.TestsOrderUpdateDispatch</td>
<td></td>
<td>0</td>
<td>orderUpdateDispatch.TestsOrderUpdateDispatch@48f2bd5b</td></tr>
<tr>
<td title='orderUpdateDispatch.TestsOrderUpdateDispatch.testOrderUpdateDispatchInventoryDetailsAfterMarkPacked()'><b>testOrderUpdateDispatchInventoryDetailsAfterMarkPacked</b><br>Test class: orderUpdateDispatch.TestsOrderUpdateDispatch</td>
<td></td>
<td>0</td>
<td>orderUpdateDispatch.TestsOrderUpdateDispatch@48f2bd5b</td></tr>
<tr>
<td title='orderFlowPositive.TestsOrderFlowPositive.testOrderFlowPositiveInvoiceNumber()'><b>testOrderFlowPositiveInvoiceNumber</b><br>Test class: orderFlowPositive.TestsOrderFlowPositive</td>
<td></td>
<td>0</td>
<td>orderFlowPositive.TestsOrderFlowPositive@368f2016</td></tr>
<tr>
<td title='bearerTokenGenerate.TestsBearerTokenGenerate.testOrderFlowGenerateToken()'><b>testOrderFlowGenerateToken</b><br>Test class: bearerTokenGenerate.TestsBearerTokenGenerate</td>
<td></td>
<td>2</td>
<td>bearerTokenGenerate.TestsBearerTokenGenerate@2a4fb17b</td></tr>
<tr>
<td title='orderUpdateDispatch.TestsOrderUpdateDispatch.testOrderUpdateDispatchCreateOrder()'><b>testOrderUpdateDispatchCreateOrder</b><br>Test class: orderUpdateDispatch.TestsOrderUpdateDispatch</td>
<td></td>
<td>0</td>
<td>orderUpdateDispatch.TestsOrderUpdateDispatch@48f2bd5b</td></tr>
<tr>
<td title='orderFlowNegative.TestsOrderFlowNegative.testOrderFlowNegativeInventoryDetailsAfterCreateShipment()'><b>testOrderFlowNegativeInventoryDetailsAfterCreateShipment</b><br>Test class: orderFlowNegative.TestsOrderFlowNegative</td>
<td></td>
<td>0</td>
<td>orderFlowNegative.TestsOrderFlowNegative@4c583ecf</td></tr>
<tr>
<td title='orderCancelCreateOrder.TestsOrderCancelCreateOrder.testOrderCancelCreateOrderCreateOrder()'><b>testOrderCancelCreateOrderCreateOrder</b><br>Test class: orderCancelCreateOrder.TestsOrderCancelCreateOrder</td>
<td></td>
<td>0</td>
<td>orderCancelCreateOrder.TestsOrderCancelCreateOrder@692f203f</td></tr>
<tr>
<td title='orderFlowPositive.TestsOrderFlowPositive.testOrderFlowPositiveInventoryDetailsAfterMarkPacked()'><b>testOrderFlowPositiveInventoryDetailsAfterMarkPacked</b><br>Test class: orderFlowPositive.TestsOrderFlowPositive</td>
<td></td>
<td>0</td>
<td>orderFlowPositive.TestsOrderFlowPositive@368f2016</td></tr>
<tr>
<td title='orderFlowNegative.TestsOrderFlowNegative.testOrderFlowNegativeMarkPacked()'><b>testOrderFlowNegativeMarkPacked</b><br>Test class: orderFlowNegative.TestsOrderFlowNegative</td>
<td></td>
<td>0</td>
<td>orderFlowNegative.TestsOrderFlowNegative@4c583ecf</td></tr>
<tr>
<td title='orderUpdateDispatch.TestsOrderUpdateDispatch.testOrderUpdateDispatchBatchAssign()'><b>testOrderUpdateDispatchBatchAssign</b><br>Test class: orderUpdateDispatch.TestsOrderUpdateDispatch</td>
<td></td>
<td>0</td>
<td>orderUpdateDispatch.TestsOrderUpdateDispatch@48f2bd5b</td></tr>
<tr>
<td title='orderFlowPositive.TestsOrderFlowPositive.testOrderFlowPositiveInventoryDetailsAfterBatchAssign()'><b>testOrderFlowPositiveInventoryDetailsAfterBatchAssign</b><br>Test class: orderFlowPositive.TestsOrderFlowPositive</td>
<td></td>
<td>0</td>
<td>orderFlowPositive.TestsOrderFlowPositive@368f2016</td></tr>
<tr>
<td title='orderCancelCreateOrder.TestsOrderCancelCreateOrder.testOrderCancelCreateOrderInventoryDetailsAfterCancelOrder()'><b>testOrderCancelCreateOrderInventoryDetailsAfterCancelOrder</b><br>Test class: orderCancelCreateOrder.TestsOrderCancelCreateOrder</td>
<td></td>
<td>0</td>
<td>orderCancelCreateOrder.TestsOrderCancelCreateOrder@692f203f</td></tr>
<tr>
<td title='orderUpdateDispatch.TestsOrderUpdateDispatch.testOrderUpdateDispatchUpdateOrder()'><b>testOrderUpdateDispatchUpdateOrder</b><br>Test class: orderUpdateDispatch.TestsOrderUpdateDispatch</td>
<td></td>
<td>0</td>
<td>orderUpdateDispatch.TestsOrderUpdateDispatch@48f2bd5b</td></tr>
<tr>
<td title='orderUpdateDispatch.TestsOrderUpdateDispatch.testOrderUpdateDispatchInventoryDetailsBeforeCreateOrder()'><b>testOrderUpdateDispatchInventoryDetailsBeforeCreateOrder</b><br>Test class: orderUpdateDispatch.TestsOrderUpdateDispatch</td>
<td></td>
<td>0</td>
<td>orderUpdateDispatch.TestsOrderUpdateDispatch@48f2bd5b</td></tr>
<tr>
<td title='orderFlowNegative.TestsOrderFlowNegative.testOrderFlowNegativeInvoiceNumber()'><b>testOrderFlowNegativeInvoiceNumber</b><br>Test class: orderFlowNegative.TestsOrderFlowNegative</td>
<td></td>
<td>0</td>
<td>orderFlowNegative.TestsOrderFlowNegative@4c583ecf</td></tr>
<tr>
<td title='orderFlowNegative.TestsOrderFlowNegative.testOrderFlowNegativeInventoryDetailsAfterInvoiceNumber()'><b>testOrderFlowNegativeInventoryDetailsAfterInvoiceNumber</b><br>Test class: orderFlowNegative.TestsOrderFlowNegative</td>
<td></td>
<td>0</td>
<td>orderFlowNegative.TestsOrderFlowNegative@4c583ecf</td></tr>
<tr>
<td title='orderFlowNegative.TestsOrderFlowNegative.testOrderFlowNegativeDispatch()'><b>testOrderFlowNegativeDispatch</b><br>Test class: orderFlowNegative.TestsOrderFlowNegative</td>
<td></td>
<td>0</td>
<td>orderFlowNegative.TestsOrderFlowNegative@4c583ecf</td></tr>
<tr>
<td title='orderFlowNegative.TestsOrderFlowNegative.testOrderFlowNegativeInventoryDetailsBeforeCreateOrder()'><b>testOrderFlowNegativeInventoryDetailsBeforeCreateOrder</b><br>Test class: orderFlowNegative.TestsOrderFlowNegative</td>
<td></td>
<td>0</td>
<td>orderFlowNegative.TestsOrderFlowNegative@4c583ecf</td></tr>
<tr>
<td title='orderFlowNegative.TestsOrderFlowNegative.testOrderFlowNegativecreateOrder()'><b>testOrderFlowNegativecreateOrder</b><br>Test class: orderFlowNegative.TestsOrderFlowNegative</td>
<td></td>
<td>0</td>
<td>orderFlowNegative.TestsOrderFlowNegative@4c583ecf</td></tr>
<tr>
<td title='orderFlowNegative.TestsOrderFlowNegative.testOrderFlowNegativeInventoryDetailsAfterCreateOrder()'><b>testOrderFlowNegativeInventoryDetailsAfterCreateOrder</b><br>Test class: orderFlowNegative.TestsOrderFlowNegative</td>
<td></td>
<td>0</td>
<td>orderFlowNegative.TestsOrderFlowNegative@4c583ecf</td></tr>
<tr>
<td title='orderFlowPositive.TestsOrderFlowPositive.testOrderFlowPositiveInventoryDetailsAfterCreateOrder()'><b>testOrderFlowPositiveInventoryDetailsAfterCreateOrder</b><br>Test class: orderFlowPositive.TestsOrderFlowPositive</td>
<td></td>
<td>0</td>
<td>orderFlowPositive.TestsOrderFlowPositive@368f2016</td></tr>
<tr>
<td title='orderFlowPositive.TestsOrderFlowPositive.testOrderFlowPositiveCreateShipment()'><b>testOrderFlowPositiveCreateShipment</b><br>Test class: orderFlowPositive.TestsOrderFlowPositive</td>
<td></td>
<td>0</td>
<td>orderFlowPositive.TestsOrderFlowPositive@368f2016</td></tr>
<tr>
<td title='orderFlowPositive.TestsOrderFlowPositive.testOrderFlowPositiveBatchAssign()'><b>testOrderFlowPositiveBatchAssign</b><br>Test class: orderFlowPositive.TestsOrderFlowPositive</td>
<td></td>
<td>0</td>
<td>orderFlowPositive.TestsOrderFlowPositive@368f2016</td></tr>
<tr>
<td title='orderCancelCreateOrder.TestsOrderCancelCreateOrder.testOrderCancelCreateOrderInventoryDetailsBeforeCreateOrder()'><b>testOrderCancelCreateOrderInventoryDetailsBeforeCreateOrder</b><br>Test class: orderCancelCreateOrder.TestsOrderCancelCreateOrder</td>
<td></td>
<td>0</td>
<td>orderCancelCreateOrder.TestsOrderCancelCreateOrder@692f203f</td></tr>
<tr>
<td title='orderFlowPositive.TestsOrderFlowPositive.testOrderFlowPositiveDispatch()'><b>testOrderFlowPositiveDispatch</b><br>Test class: orderFlowPositive.TestsOrderFlowPositive</td>
<td></td>
<td>0</td>
<td>orderFlowPositive.TestsOrderFlowPositive@368f2016</td></tr>
<tr>
<td title='orderCancelCreateOrder.TestsOrderCancelCreateOrder.testOrderCancelCreateOrderInventoryDetailsAfterCreateOrder()'><b>testOrderCancelCreateOrderInventoryDetailsAfterCreateOrder</b><br>Test class: orderCancelCreateOrder.TestsOrderCancelCreateOrder</td>
<td></td>
<td>0</td>
<td>orderCancelCreateOrder.TestsOrderCancelCreateOrder@692f203f</td></tr>
<tr>
<td title='orderUpdateDispatch.TestsOrderUpdateDispatch.testOrderUpdateDispatchInventoryDetailsAfterCreateShipment()'><b>testOrderUpdateDispatchInventoryDetailsAfterCreateShipment</b><br>Test class: orderUpdateDispatch.TestsOrderUpdateDispatch</td>
<td></td>
<td>0</td>
<td>orderUpdateDispatch.TestsOrderUpdateDispatch@48f2bd5b</td></tr>
<tr>
<td title='orderFlowNegative.TestsOrderFlowNegative.testOrderFlowNegativeBatchAssign()'><b>testOrderFlowNegativeBatchAssign</b><br>Test class: orderFlowNegative.TestsOrderFlowNegative</td>
<td></td>
<td>0</td>
<td>orderFlowNegative.TestsOrderFlowNegative@4c583ecf</td></tr>
</table><p>
<table width='100%' border='1' class='invocation-skipped'>
<tr><td colspan='4' align='center'><b>SKIPPED TESTS</b></td></tr>
<tr><td><b>Test method</b></td>
<td><b>Attribute(s)</b></td>
<td width="30%"><b>Exception</b></td>
<td width="10%"><b>Time (seconds)</b></td>
<td><b>Instance</b></td>
</tr>
<tr>
<td title='orderFlowNegative.TestsOrderFlowNegative.testOrderFlowNegativeInventoryDetailsAfterInventorySettlement()'><b>testOrderFlowNegativeInventoryDetailsAfterInventorySettlement</b><br>Test class: orderFlowNegative.TestsOrderFlowNegative</td>
<td><div><pre>java.lang.Throwable: Method orderFlowNegative.TestsOrderFlowNegative.testOrderFlowNegativeInventoryDetailsAfterInventorySettlement() on instance orderFlowNegative.TestsOrderFlowNegative@4c583ecf depends on not successfully finished methods 
[orderFlowNegative.TestsOrderFlowNegative.testOrderFlowNegativeInventorySettlement() on instance orderFlowNegative.TestsOrderFlowNegative@4c583ecf]
	at java.base/java.util.ArrayList.forEach(ArrayList.java:1511)
... Removed 22 stack frames</pre></div><a href='#' onClick='toggleBox("stack-trace1186076210", this, "Click to show all stack frames", "Click to hide stack frames")'>Click to show all stack frames</a>
<div class='stack-trace' id='stack-trace1186076210'><pre>java.lang.Throwable: Method orderFlowNegative.TestsOrderFlowNegative.testOrderFlowNegativeInventoryDetailsAfterInventorySettlement() on instance orderFlowNegative.TestsOrderFlowNegative@4c583ecf depends on not successfully finished methods 
[orderFlowNegative.TestsOrderFlowNegative.testOrderFlowNegativeInventorySettlement() on instance orderFlowNegative.TestsOrderFlowNegative@4c583ecf]
	at org.testng.internal.invokers.TestInvoker.invokeTestMethods(TestInvoker.java:159)
	at org.testng.internal.invokers.TestMethodWorker.invokeTestMethods(TestMethodWorker.java:154)
	at org.testng.internal.invokers.TestMethodWorker.run(TestMethodWorker.java:134)
	at java.base/java.util.ArrayList.forEach(ArrayList.java:1511)
	at org.testng.TestRunner.privateRun(TestRunner.java:739)
	at org.testng.TestRunner.run(TestRunner.java:614)
	at org.testng.SuiteRunner.runTest(SuiteRunner.java:421)
	at org.testng.SuiteRunner.runSequentially(SuiteRunner.java:413)
	at org.testng.SuiteRunner.privateRun(SuiteRunner.java:373)
	at org.testng.SuiteRunner.run(SuiteRunner.java:312)
	at org.testng.SuiteRunnerWorker.runSuite(SuiteRunnerWorker.java:52)
	at org.testng.SuiteRunnerWorker.run(SuiteRunnerWorker.java:95)
	at org.testng.TestNG.runSuitesSequentially(TestNG.java:1274)
	at org.testng.TestNG.runSuitesLocally(TestNG.java:1208)
	at org.testng.TestNG.runSuites(TestNG.java:1112)
	at org.testng.TestNG.run(TestNG.java:1079)
	at org.apache.maven.surefire.testng.TestNGExecutor.run(TestNGExecutor.java:308)
	at org.apache.maven.surefire.testng.TestNGXmlTestSuite.execute(TestNGXmlTestSuite.java:71)
	at org.apache.maven.surefire.testng.TestNGProvider.invoke(TestNGProvider.java:113)
	at org.apache.maven.surefire.booter.ForkedBooter.runSuitesInProcess(ForkedBooter.java:385)
	at org.apache.maven.surefire.booter.ForkedBooter.execute(ForkedBooter.java:162)
	at org.apache.maven.surefire.booter.ForkedBooter.run(ForkedBooter.java:507)
	at org.apache.maven.surefire.booter.ForkedBooter.main(ForkedBooter.java:495)
</pre></div></td>
<td>0</td>
<td>orderFlowNegative.TestsOrderFlowNegative@4c583ecf</td></tr>
<tr>
<td title='orderFlowNegative.TestsOrderFlowNegative.testOrderFlowNegativeInventoryDetailsAfterAcceptItemQCReturn()'><b>testOrderFlowNegativeInventoryDetailsAfterAcceptItemQCReturn</b><br>Test class: orderFlowNegative.TestsOrderFlowNegative</td>
<td><div><pre>java.lang.Throwable: Method orderFlowNegative.TestsOrderFlowNegative.testOrderFlowNegativeInventoryDetailsAfterAcceptItemQCReturn() on instance orderFlowNegative.TestsOrderFlowNegative@4c583ecf depends on not successfully finished methods 
[orderFlowNegative.TestsOrderFlowNegative.testOrderFlowNegativeAcceptItemQCReturn() on instance orderFlowNegative.TestsOrderFlowNegative@4c583ecf]
	at java.base/java.util.ArrayList.forEach(ArrayList.java:1511)
... Removed 22 stack frames</pre></div><a href='#' onClick='toggleBox("stack-trace2116089059", this, "Click to show all stack frames", "Click to hide stack frames")'>Click to show all stack frames</a>
<div class='stack-trace' id='stack-trace2116089059'><pre>java.lang.Throwable: Method orderFlowNegative.TestsOrderFlowNegative.testOrderFlowNegativeInventoryDetailsAfterAcceptItemQCReturn() on instance orderFlowNegative.TestsOrderFlowNegative@4c583ecf depends on not successfully finished methods 
[orderFlowNegative.TestsOrderFlowNegative.testOrderFlowNegativeAcceptItemQCReturn() on instance orderFlowNegative.TestsOrderFlowNegative@4c583ecf]
	at org.testng.internal.invokers.TestInvoker.invokeTestMethods(TestInvoker.java:159)
	at org.testng.internal.invokers.TestMethodWorker.invokeTestMethods(TestMethodWorker.java:154)
	at org.testng.internal.invokers.TestMethodWorker.run(TestMethodWorker.java:134)
	at java.base/java.util.ArrayList.forEach(ArrayList.java:1511)
	at org.testng.TestRunner.privateRun(TestRunner.java:739)
	at org.testng.TestRunner.run(TestRunner.java:614)
	at org.testng.SuiteRunner.runTest(SuiteRunner.java:421)
	at org.testng.SuiteRunner.runSequentially(SuiteRunner.java:413)
	at org.testng.SuiteRunner.privateRun(SuiteRunner.java:373)
	at org.testng.SuiteRunner.run(SuiteRunner.java:312)
	at org.testng.SuiteRunnerWorker.runSuite(SuiteRunnerWorker.java:52)
	at org.testng.SuiteRunnerWorker.run(SuiteRunnerWorker.java:95)
	at org.testng.TestNG.runSuitesSequentially(TestNG.java:1274)
	at org.testng.TestNG.runSuitesLocally(TestNG.java:1208)
	at org.testng.TestNG.runSuites(TestNG.java:1112)
	at org.testng.TestNG.run(TestNG.java:1079)
	at org.apache.maven.surefire.testng.TestNGExecutor.run(TestNGExecutor.java:308)
	at org.apache.maven.surefire.testng.TestNGXmlTestSuite.execute(TestNGXmlTestSuite.java:71)
	at org.apache.maven.surefire.testng.TestNGProvider.invoke(TestNGProvider.java:113)
	at org.apache.maven.surefire.booter.ForkedBooter.runSuitesInProcess(ForkedBooter.java:385)
	at org.apache.maven.surefire.booter.ForkedBooter.execute(ForkedBooter.java:162)
	at org.apache.maven.surefire.booter.ForkedBooter.run(ForkedBooter.java:507)
	at org.apache.maven.surefire.booter.ForkedBooter.main(ForkedBooter.java:495)
</pre></div></td>
<td>0</td>
<td>orderFlowNegative.TestsOrderFlowNegative@4c583ecf</td></tr>
<tr>
<td title='orderFlowPositive.TestsOrderFlowPositive.testOrderFlowPositiveInventoryDetailsAfterInventorySettlement()'><b>testOrderFlowPositiveInventoryDetailsAfterInventorySettlement</b><br>Test class: orderFlowPositive.TestsOrderFlowPositive</td>
<td><div><pre>java.lang.Throwable: Method orderFlowPositive.TestsOrderFlowPositive.testOrderFlowPositiveInventoryDetailsAfterInventorySettlement() on instance orderFlowPositive.TestsOrderFlowPositive@368f2016 depends on not successfully finished methods 
[orderFlowPositive.TestsOrderFlowPositive.testOrderFlowPositiveInventorySettlement() on instance orderFlowPositive.TestsOrderFlowPositive@368f2016]
	at java.base/java.util.ArrayList.forEach(ArrayList.java:1511)
... Removed 22 stack frames</pre></div><a href='#' onClick='toggleBox("stack-trace632767344", this, "Click to show all stack frames", "Click to hide stack frames")'>Click to show all stack frames</a>
<div class='stack-trace' id='stack-trace632767344'><pre>java.lang.Throwable: Method orderFlowPositive.TestsOrderFlowPositive.testOrderFlowPositiveInventoryDetailsAfterInventorySettlement() on instance orderFlowPositive.TestsOrderFlowPositive@368f2016 depends on not successfully finished methods 
[orderFlowPositive.TestsOrderFlowPositive.testOrderFlowPositiveInventorySettlement() on instance orderFlowPositive.TestsOrderFlowPositive@368f2016]
	at org.testng.internal.invokers.TestInvoker.invokeTestMethods(TestInvoker.java:159)
	at org.testng.internal.invokers.TestMethodWorker.invokeTestMethods(TestMethodWorker.java:154)
	at org.testng.internal.invokers.TestMethodWorker.run(TestMethodWorker.java:134)
	at java.base/java.util.ArrayList.forEach(ArrayList.java:1511)
	at org.testng.TestRunner.privateRun(TestRunner.java:739)
	at org.testng.TestRunner.run(TestRunner.java:614)
	at org.testng.SuiteRunner.runTest(SuiteRunner.java:421)
	at org.testng.SuiteRunner.runSequentially(SuiteRunner.java:413)
	at org.testng.SuiteRunner.privateRun(SuiteRunner.java:373)
	at org.testng.SuiteRunner.run(SuiteRunner.java:312)
	at org.testng.SuiteRunnerWorker.runSuite(SuiteRunnerWorker.java:52)
	at org.testng.SuiteRunnerWorker.run(SuiteRunnerWorker.java:95)
	at org.testng.TestNG.runSuitesSequentially(TestNG.java:1274)
	at org.testng.TestNG.runSuitesLocally(TestNG.java:1208)
	at org.testng.TestNG.runSuites(TestNG.java:1112)
	at org.testng.TestNG.run(TestNG.java:1079)
	at org.apache.maven.surefire.testng.TestNGExecutor.run(TestNGExecutor.java:308)
	at org.apache.maven.surefire.testng.TestNGXmlTestSuite.execute(TestNGXmlTestSuite.java:71)
	at org.apache.maven.surefire.testng.TestNGProvider.invoke(TestNGProvider.java:113)
	at org.apache.maven.surefire.booter.ForkedBooter.runSuitesInProcess(ForkedBooter.java:385)
	at org.apache.maven.surefire.booter.ForkedBooter.execute(ForkedBooter.java:162)
	at org.apache.maven.surefire.booter.ForkedBooter.run(ForkedBooter.java:507)
	at org.apache.maven.surefire.booter.ForkedBooter.main(ForkedBooter.java:495)
</pre></div></td>
<td>0</td>
<td>orderFlowPositive.TestsOrderFlowPositive@368f2016</td></tr>
<tr>
<td title='orderFlowNegative.TestsOrderFlowNegative.testOrderFlowNegativeCompleteQCReturn()'><b>testOrderFlowNegativeCompleteQCReturn</b><br>Test class: orderFlowNegative.TestsOrderFlowNegative</td>
<td><div><pre>java.lang.Throwable: Method orderFlowNegative.TestsOrderFlowNegative.testOrderFlowNegativeCompleteQCReturn() on instance orderFlowNegative.TestsOrderFlowNegative@4c583ecf depends on not successfully finished methods 
[orderFlowNegative.TestsOrderFlowNegative.testOrderFlowNegativeInventoryDetailsAfterAcceptItemQCReturn() on instance orderFlowNegative.TestsOrderFlowNegative@4c583ecf]
	at java.base/java.util.ArrayList.forEach(ArrayList.java:1511)
... Removed 22 stack frames</pre></div><a href='#' onClick='toggleBox("stack-trace989044347", this, "Click to show all stack frames", "Click to hide stack frames")'>Click to show all stack frames</a>
<div class='stack-trace' id='stack-trace989044347'><pre>java.lang.Throwable: Method orderFlowNegative.TestsOrderFlowNegative.testOrderFlowNegativeCompleteQCReturn() on instance orderFlowNegative.TestsOrderFlowNegative@4c583ecf depends on not successfully finished methods 
[orderFlowNegative.TestsOrderFlowNegative.testOrderFlowNegativeInventoryDetailsAfterAcceptItemQCReturn() on instance orderFlowNegative.TestsOrderFlowNegative@4c583ecf]
	at org.testng.internal.invokers.TestInvoker.invokeTestMethods(TestInvoker.java:159)
	at org.testng.internal.invokers.TestMethodWorker.invokeTestMethods(TestMethodWorker.java:154)
	at org.testng.internal.invokers.TestMethodWorker.run(TestMethodWorker.java:134)
	at java.base/java.util.ArrayList.forEach(ArrayList.java:1511)
	at org.testng.TestRunner.privateRun(TestRunner.java:739)
	at org.testng.TestRunner.run(TestRunner.java:614)
	at org.testng.SuiteRunner.runTest(SuiteRunner.java:421)
	at org.testng.SuiteRunner.runSequentially(SuiteRunner.java:413)
	at org.testng.SuiteRunner.privateRun(SuiteRunner.java:373)
	at org.testng.SuiteRunner.run(SuiteRunner.java:312)
	at org.testng.SuiteRunnerWorker.runSuite(SuiteRunnerWorker.java:52)
	at org.testng.SuiteRunnerWorker.run(SuiteRunnerWorker.java:95)
	at org.testng.TestNG.runSuitesSequentially(TestNG.java:1274)
	at org.testng.TestNG.runSuitesLocally(TestNG.java:1208)
	at org.testng.TestNG.runSuites(TestNG.java:1112)
	at org.testng.TestNG.run(TestNG.java:1079)
	at org.apache.maven.surefire.testng.TestNGExecutor.run(TestNGExecutor.java:308)
	at org.apache.maven.surefire.testng.TestNGXmlTestSuite.execute(TestNGXmlTestSuite.java:71)
	at org.apache.maven.surefire.testng.TestNGProvider.invoke(TestNGProvider.java:113)
	at org.apache.maven.surefire.booter.ForkedBooter.runSuitesInProcess(ForkedBooter.java:385)
	at org.apache.maven.surefire.booter.ForkedBooter.execute(ForkedBooter.java:162)
	at org.apache.maven.surefire.booter.ForkedBooter.run(ForkedBooter.java:507)
	at org.apache.maven.surefire.booter.ForkedBooter.main(ForkedBooter.java:495)
</pre></div></td>
<td>0</td>
<td>orderFlowNegative.TestsOrderFlowNegative@4c583ecf</td></tr>
<tr>
<td title='orderFlowNegative.TestsOrderFlowNegative.testOrderFlowNegativeInventorySettlement()'><b>testOrderFlowNegativeInventorySettlement</b><br>Test class: orderFlowNegative.TestsOrderFlowNegative</td>
<td><div><pre>java.lang.Throwable: Method orderFlowNegative.TestsOrderFlowNegative.testOrderFlowNegativeInventorySettlement() on instance orderFlowNegative.TestsOrderFlowNegative@4c583ecf depends on not successfully finished methods 
[orderFlowNegative.TestsOrderFlowNegative.testOrderFlowNegativeInventoryDetailsAfterCompleteQC() on instance orderFlowNegative.TestsOrderFlowNegative@4c583ecf]
	at java.base/java.util.ArrayList.forEach(ArrayList.java:1511)
... Removed 22 stack frames</pre></div><a href='#' onClick='toggleBox("stack-trace673231721", this, "Click to show all stack frames", "Click to hide stack frames")'>Click to show all stack frames</a>
<div class='stack-trace' id='stack-trace673231721'><pre>java.lang.Throwable: Method orderFlowNegative.TestsOrderFlowNegative.testOrderFlowNegativeInventorySettlement() on instance orderFlowNegative.TestsOrderFlowNegative@4c583ecf depends on not successfully finished methods 
[orderFlowNegative.TestsOrderFlowNegative.testOrderFlowNegativeInventoryDetailsAfterCompleteQC() on instance orderFlowNegative.TestsOrderFlowNegative@4c583ecf]
	at org.testng.internal.invokers.TestInvoker.invokeTestMethods(TestInvoker.java:159)
	at org.testng.internal.invokers.TestMethodWorker.invokeTestMethods(TestMethodWorker.java:154)
	at org.testng.internal.invokers.TestMethodWorker.run(TestMethodWorker.java:134)
	at java.base/java.util.ArrayList.forEach(ArrayList.java:1511)
	at org.testng.TestRunner.privateRun(TestRunner.java:739)
	at org.testng.TestRunner.run(TestRunner.java:614)
	at org.testng.SuiteRunner.runTest(SuiteRunner.java:421)
	at org.testng.SuiteRunner.runSequentially(SuiteRunner.java:413)
	at org.testng.SuiteRunner.privateRun(SuiteRunner.java:373)
	at org.testng.SuiteRunner.run(SuiteRunner.java:312)
	at org.testng.SuiteRunnerWorker.runSuite(SuiteRunnerWorker.java:52)
	at org.testng.SuiteRunnerWorker.run(SuiteRunnerWorker.java:95)
	at org.testng.TestNG.runSuitesSequentially(TestNG.java:1274)
	at org.testng.TestNG.runSuitesLocally(TestNG.java:1208)
	at org.testng.TestNG.runSuites(TestNG.java:1112)
	at org.testng.TestNG.run(TestNG.java:1079)
	at org.apache.maven.surefire.testng.TestNGExecutor.run(TestNGExecutor.java:308)
	at org.apache.maven.surefire.testng.TestNGXmlTestSuite.execute(TestNGXmlTestSuite.java:71)
	at org.apache.maven.surefire.testng.TestNGProvider.invoke(TestNGProvider.java:113)
	at org.apache.maven.surefire.booter.ForkedBooter.runSuitesInProcess(ForkedBooter.java:385)
	at org.apache.maven.surefire.booter.ForkedBooter.execute(ForkedBooter.java:162)
	at org.apache.maven.surefire.booter.ForkedBooter.run(ForkedBooter.java:507)
	at org.apache.maven.surefire.booter.ForkedBooter.main(ForkedBooter.java:495)
</pre></div></td>
<td>0</td>
<td>orderFlowNegative.TestsOrderFlowNegative@4c583ecf</td></tr>
<tr>
<td title='orderFlowPositive.TestsOrderFlowPositive.testOrderFlowPositiveInventoryDetailsAfterDeliver()'><b>testOrderFlowPositiveInventoryDetailsAfterDeliver</b><br>Test class: orderFlowPositive.TestsOrderFlowPositive</td>
<td><div><pre>java.lang.Throwable: Method orderFlowPositive.TestsOrderFlowPositive.testOrderFlowPositiveInventoryDetailsAfterDeliver() on instance orderFlowPositive.TestsOrderFlowPositive@368f2016 depends on not successfully finished methods 
[orderFlowPositive.TestsOrderFlowPositive.testOrderFlowPositiveDeliver() on instance orderFlowPositive.TestsOrderFlowPositive@368f2016]
	at java.base/java.util.ArrayList.forEach(ArrayList.java:1511)
... Removed 22 stack frames</pre></div><a href='#' onClick='toggleBox("stack-trace51705243", this, "Click to show all stack frames", "Click to hide stack frames")'>Click to show all stack frames</a>
<div class='stack-trace' id='stack-trace51705243'><pre>java.lang.Throwable: Method orderFlowPositive.TestsOrderFlowPositive.testOrderFlowPositiveInventoryDetailsAfterDeliver() on instance orderFlowPositive.TestsOrderFlowPositive@368f2016 depends on not successfully finished methods 
[orderFlowPositive.TestsOrderFlowPositive.testOrderFlowPositiveDeliver() on instance orderFlowPositive.TestsOrderFlowPositive@368f2016]
	at org.testng.internal.invokers.TestInvoker.invokeTestMethods(TestInvoker.java:159)
	at org.testng.internal.invokers.TestMethodWorker.invokeTestMethods(TestMethodWorker.java:154)
	at org.testng.internal.invokers.TestMethodWorker.run(TestMethodWorker.java:134)
	at java.base/java.util.ArrayList.forEach(ArrayList.java:1511)
	at org.testng.TestRunner.privateRun(TestRunner.java:739)
	at org.testng.TestRunner.run(TestRunner.java:614)
	at org.testng.SuiteRunner.runTest(SuiteRunner.java:421)
	at org.testng.SuiteRunner.runSequentially(SuiteRunner.java:413)
	at org.testng.SuiteRunner.privateRun(SuiteRunner.java:373)
	at org.testng.SuiteRunner.run(SuiteRunner.java:312)
	at org.testng.SuiteRunnerWorker.runSuite(SuiteRunnerWorker.java:52)
	at org.testng.SuiteRunnerWorker.run(SuiteRunnerWorker.java:95)
	at org.testng.TestNG.runSuitesSequentially(TestNG.java:1274)
	at org.testng.TestNG.runSuitesLocally(TestNG.java:1208)
	at org.testng.TestNG.runSuites(TestNG.java:1112)
	at org.testng.TestNG.run(TestNG.java:1079)
	at org.apache.maven.surefire.testng.TestNGExecutor.run(TestNGExecutor.java:308)
	at org.apache.maven.surefire.testng.TestNGXmlTestSuite.execute(TestNGXmlTestSuite.java:71)
	at org.apache.maven.surefire.testng.TestNGProvider.invoke(TestNGProvider.java:113)
	at org.apache.maven.surefire.booter.ForkedBooter.runSuitesInProcess(ForkedBooter.java:385)
	at org.apache.maven.surefire.booter.ForkedBooter.execute(ForkedBooter.java:162)
	at org.apache.maven.surefire.booter.ForkedBooter.run(ForkedBooter.java:507)
	at org.apache.maven.surefire.booter.ForkedBooter.main(ForkedBooter.java:495)
</pre></div></td>
<td>0</td>
<td>orderFlowPositive.TestsOrderFlowPositive@368f2016</td></tr>
<tr>
<td title='orderFlowNegative.TestsOrderFlowNegative.testOrderFlowNegativeInventoryDetailsAfterRejectItemQC()'><b>testOrderFlowNegativeInventoryDetailsAfterRejectItemQC</b><br>Test class: orderFlowNegative.TestsOrderFlowNegative</td>
<td><div><pre>java.lang.Throwable: Method orderFlowNegative.TestsOrderFlowNegative.testOrderFlowNegativeInventoryDetailsAfterRejectItemQC() on instance orderFlowNegative.TestsOrderFlowNegative@4c583ecf depends on not successfully finished methods 
[orderFlowNegative.TestsOrderFlowNegative.testOrderFlowNegativeRejectItemQC() on instance orderFlowNegative.TestsOrderFlowNegative@4c583ecf]
	at java.base/java.util.ArrayList.forEach(ArrayList.java:1511)
... Removed 22 stack frames</pre></div><a href='#' onClick='toggleBox("stack-trace140301331", this, "Click to show all stack frames", "Click to hide stack frames")'>Click to show all stack frames</a>
<div class='stack-trace' id='stack-trace140301331'><pre>java.lang.Throwable: Method orderFlowNegative.TestsOrderFlowNegative.testOrderFlowNegativeInventoryDetailsAfterRejectItemQC() on instance orderFlowNegative.TestsOrderFlowNegative@4c583ecf depends on not successfully finished methods 
[orderFlowNegative.TestsOrderFlowNegative.testOrderFlowNegativeRejectItemQC() on instance orderFlowNegative.TestsOrderFlowNegative@4c583ecf]
	at org.testng.internal.invokers.TestInvoker.invokeTestMethods(TestInvoker.java:159)
	at org.testng.internal.invokers.TestMethodWorker.invokeTestMethods(TestMethodWorker.java:154)
	at org.testng.internal.invokers.TestMethodWorker.run(TestMethodWorker.java:134)
	at java.base/java.util.ArrayList.forEach(ArrayList.java:1511)
	at org.testng.TestRunner.privateRun(TestRunner.java:739)
	at org.testng.TestRunner.run(TestRunner.java:614)
	at org.testng.SuiteRunner.runTest(SuiteRunner.java:421)
	at org.testng.SuiteRunner.runSequentially(SuiteRunner.java:413)
	at org.testng.SuiteRunner.privateRun(SuiteRunner.java:373)
	at org.testng.SuiteRunner.run(SuiteRunner.java:312)
	at org.testng.SuiteRunnerWorker.runSuite(SuiteRunnerWorker.java:52)
	at org.testng.SuiteRunnerWorker.run(SuiteRunnerWorker.java:95)
	at org.testng.TestNG.runSuitesSequentially(TestNG.java:1274)
	at org.testng.TestNG.runSuitesLocally(TestNG.java:1208)
	at org.testng.TestNG.runSuites(TestNG.java:1112)
	at org.testng.TestNG.run(TestNG.java:1079)
	at org.apache.maven.surefire.testng.TestNGExecutor.run(TestNGExecutor.java:308)
	at org.apache.maven.surefire.testng.TestNGXmlTestSuite.execute(TestNGXmlTestSuite.java:71)
	at org.apache.maven.surefire.testng.TestNGProvider.invoke(TestNGProvider.java:113)
	at org.apache.maven.surefire.booter.ForkedBooter.runSuitesInProcess(ForkedBooter.java:385)
	at org.apache.maven.surefire.booter.ForkedBooter.execute(ForkedBooter.java:162)
	at org.apache.maven.surefire.booter.ForkedBooter.run(ForkedBooter.java:507)
	at org.apache.maven.surefire.booter.ForkedBooter.main(ForkedBooter.java:495)
</pre></div></td>
<td>0</td>
<td>orderFlowNegative.TestsOrderFlowNegative@4c583ecf</td></tr>
<tr>
<td title='orderFlowNegative.TestsOrderFlowNegative.testOrderFlowNegativeInventorySettlementReturn()'><b>testOrderFlowNegativeInventorySettlementReturn</b><br>Test class: orderFlowNegative.TestsOrderFlowNegative</td>
<td><div><pre>java.lang.Throwable: Method orderFlowNegative.TestsOrderFlowNegative.testOrderFlowNegativeInventorySettlementReturn() on instance orderFlowNegative.TestsOrderFlowNegative@4c583ecf depends on not successfully finished methods 
[orderFlowNegative.TestsOrderFlowNegative.testOrderFlowNegativeInventoryDetailsAfterCompleteQCReturn() on instance orderFlowNegative.TestsOrderFlowNegative@4c583ecf]
	at java.base/java.util.ArrayList.forEach(ArrayList.java:1511)
... Removed 22 stack frames</pre></div><a href='#' onClick='toggleBox("stack-trace476238509", this, "Click to show all stack frames", "Click to hide stack frames")'>Click to show all stack frames</a>
<div class='stack-trace' id='stack-trace476238509'><pre>java.lang.Throwable: Method orderFlowNegative.TestsOrderFlowNegative.testOrderFlowNegativeInventorySettlementReturn() on instance orderFlowNegative.TestsOrderFlowNegative@4c583ecf depends on not successfully finished methods 
[orderFlowNegative.TestsOrderFlowNegative.testOrderFlowNegativeInventoryDetailsAfterCompleteQCReturn() on instance orderFlowNegative.TestsOrderFlowNegative@4c583ecf]
	at org.testng.internal.invokers.TestInvoker.invokeTestMethods(TestInvoker.java:159)
	at org.testng.internal.invokers.TestMethodWorker.invokeTestMethods(TestMethodWorker.java:154)
	at org.testng.internal.invokers.TestMethodWorker.run(TestMethodWorker.java:134)
	at java.base/java.util.ArrayList.forEach(ArrayList.java:1511)
	at org.testng.TestRunner.privateRun(TestRunner.java:739)
	at org.testng.TestRunner.run(TestRunner.java:614)
	at org.testng.SuiteRunner.runTest(SuiteRunner.java:421)
	at org.testng.SuiteRunner.runSequentially(SuiteRunner.java:413)
	at org.testng.SuiteRunner.privateRun(SuiteRunner.java:373)
	at org.testng.SuiteRunner.run(SuiteRunner.java:312)
	at org.testng.SuiteRunnerWorker.runSuite(SuiteRunnerWorker.java:52)
	at org.testng.SuiteRunnerWorker.run(SuiteRunnerWorker.java:95)
	at org.testng.TestNG.runSuitesSequentially(TestNG.java:1274)
	at org.testng.TestNG.runSuitesLocally(TestNG.java:1208)
	at org.testng.TestNG.runSuites(TestNG.java:1112)
	at org.testng.TestNG.run(TestNG.java:1079)
	at org.apache.maven.surefire.testng.TestNGExecutor.run(TestNGExecutor.java:308)
	at org.apache.maven.surefire.testng.TestNGXmlTestSuite.execute(TestNGXmlTestSuite.java:71)
	at org.apache.maven.surefire.testng.TestNGProvider.invoke(TestNGProvider.java:113)
	at org.apache.maven.surefire.booter.ForkedBooter.runSuitesInProcess(ForkedBooter.java:385)
	at org.apache.maven.surefire.booter.ForkedBooter.execute(ForkedBooter.java:162)
	at org.apache.maven.surefire.booter.ForkedBooter.run(ForkedBooter.java:507)
	at org.apache.maven.surefire.booter.ForkedBooter.main(ForkedBooter.java:495)
</pre></div></td>
<td>0</td>
<td>orderFlowNegative.TestsOrderFlowNegative@4c583ecf</td></tr>
<tr>
<td title='orderFlowNegative.TestsOrderFlowNegative.testOrderFlowNegativeCompleteQC()'><b>testOrderFlowNegativeCompleteQC</b><br>Test class: orderFlowNegative.TestsOrderFlowNegative</td>
<td><div><pre>java.lang.Throwable: Method orderFlowNegative.TestsOrderFlowNegative.testOrderFlowNegativeCompleteQC() on instance orderFlowNegative.TestsOrderFlowNegative@4c583ecf depends on not successfully finished methods 
[orderFlowNegative.TestsOrderFlowNegative.testOrderFlowNegativeInventoryDetailsAfterRejectItemQC() on instance orderFlowNegative.TestsOrderFlowNegative@4c583ecf]
	at java.base/java.util.ArrayList.forEach(ArrayList.java:1511)
... Removed 22 stack frames</pre></div><a href='#' onClick='toggleBox("stack-trace1754081885", this, "Click to show all stack frames", "Click to hide stack frames")'>Click to show all stack frames</a>
<div class='stack-trace' id='stack-trace1754081885'><pre>java.lang.Throwable: Method orderFlowNegative.TestsOrderFlowNegative.testOrderFlowNegativeCompleteQC() on instance orderFlowNegative.TestsOrderFlowNegative@4c583ecf depends on not successfully finished methods 
[orderFlowNegative.TestsOrderFlowNegative.testOrderFlowNegativeInventoryDetailsAfterRejectItemQC() on instance orderFlowNegative.TestsOrderFlowNegative@4c583ecf]
	at org.testng.internal.invokers.TestInvoker.invokeTestMethods(TestInvoker.java:159)
	at org.testng.internal.invokers.TestMethodWorker.invokeTestMethods(TestMethodWorker.java:154)
	at org.testng.internal.invokers.TestMethodWorker.run(TestMethodWorker.java:134)
	at java.base/java.util.ArrayList.forEach(ArrayList.java:1511)
	at org.testng.TestRunner.privateRun(TestRunner.java:739)
	at org.testng.TestRunner.run(TestRunner.java:614)
	at org.testng.SuiteRunner.runTest(SuiteRunner.java:421)
	at org.testng.SuiteRunner.runSequentially(SuiteRunner.java:413)
	at org.testng.SuiteRunner.privateRun(SuiteRunner.java:373)
	at org.testng.SuiteRunner.run(SuiteRunner.java:312)
	at org.testng.SuiteRunnerWorker.runSuite(SuiteRunnerWorker.java:52)
	at org.testng.SuiteRunnerWorker.run(SuiteRunnerWorker.java:95)
	at org.testng.TestNG.runSuitesSequentially(TestNG.java:1274)
	at org.testng.TestNG.runSuitesLocally(TestNG.java:1208)
	at org.testng.TestNG.runSuites(TestNG.java:1112)
	at org.testng.TestNG.run(TestNG.java:1079)
	at org.apache.maven.surefire.testng.TestNGExecutor.run(TestNGExecutor.java:308)
	at org.apache.maven.surefire.testng.TestNGXmlTestSuite.execute(TestNGXmlTestSuite.java:71)
	at org.apache.maven.surefire.testng.TestNGProvider.invoke(TestNGProvider.java:113)
	at org.apache.maven.surefire.booter.ForkedBooter.runSuitesInProcess(ForkedBooter.java:385)
	at org.apache.maven.surefire.booter.ForkedBooter.execute(ForkedBooter.java:162)
	at org.apache.maven.surefire.booter.ForkedBooter.run(ForkedBooter.java:507)
	at org.apache.maven.surefire.booter.ForkedBooter.main(ForkedBooter.java:495)
</pre></div></td>
<td>0</td>
<td>orderFlowNegative.TestsOrderFlowNegative@4c583ecf</td></tr>
<tr>
<td title='orderFlowPositive.TestsOrderFlowPositive.testOrderFlowPositiveInventoryDetailsAfterActionCompleteQC()'><b>testOrderFlowPositiveInventoryDetailsAfterActionCompleteQC</b><br>Test class: orderFlowPositive.TestsOrderFlowPositive</td>
<td><div><pre>java.lang.Throwable: Method orderFlowPositive.TestsOrderFlowPositive.testOrderFlowPositiveInventoryDetailsAfterActionCompleteQC() on instance orderFlowPositive.TestsOrderFlowPositive@368f2016 depends on not successfully finished methods 
[orderFlowPositive.TestsOrderFlowPositive.testOrderFlowPositiveActionCompleteQC() on instance orderFlowPositive.TestsOrderFlowPositive@368f2016]
	at java.base/java.util.ArrayList.forEach(ArrayList.java:1511)
... Removed 22 stack frames</pre></div><a href='#' onClick='toggleBox("stack-trace1612654157", this, "Click to show all stack frames", "Click to hide stack frames")'>Click to show all stack frames</a>
<div class='stack-trace' id='stack-trace1612654157'><pre>java.lang.Throwable: Method orderFlowPositive.TestsOrderFlowPositive.testOrderFlowPositiveInventoryDetailsAfterActionCompleteQC() on instance orderFlowPositive.TestsOrderFlowPositive@368f2016 depends on not successfully finished methods 
[orderFlowPositive.TestsOrderFlowPositive.testOrderFlowPositiveActionCompleteQC() on instance orderFlowPositive.TestsOrderFlowPositive@368f2016]
	at org.testng.internal.invokers.TestInvoker.invokeTestMethods(TestInvoker.java:159)
	at org.testng.internal.invokers.TestMethodWorker.invokeTestMethods(TestMethodWorker.java:154)
	at org.testng.internal.invokers.TestMethodWorker.run(TestMethodWorker.java:134)
	at java.base/java.util.ArrayList.forEach(ArrayList.java:1511)
	at org.testng.TestRunner.privateRun(TestRunner.java:739)
	at org.testng.TestRunner.run(TestRunner.java:614)
	at org.testng.SuiteRunner.runTest(SuiteRunner.java:421)
	at org.testng.SuiteRunner.runSequentially(SuiteRunner.java:413)
	at org.testng.SuiteRunner.privateRun(SuiteRunner.java:373)
	at org.testng.SuiteRunner.run(SuiteRunner.java:312)
	at org.testng.SuiteRunnerWorker.runSuite(SuiteRunnerWorker.java:52)
	at org.testng.SuiteRunnerWorker.run(SuiteRunnerWorker.java:95)
	at org.testng.TestNG.runSuitesSequentially(TestNG.java:1274)
	at org.testng.TestNG.runSuitesLocally(TestNG.java:1208)
	at org.testng.TestNG.runSuites(TestNG.java:1112)
	at org.testng.TestNG.run(TestNG.java:1079)
	at org.apache.maven.surefire.testng.TestNGExecutor.run(TestNGExecutor.java:308)
	at org.apache.maven.surefire.testng.TestNGXmlTestSuite.execute(TestNGXmlTestSuite.java:71)
	at org.apache.maven.surefire.testng.TestNGProvider.invoke(TestNGProvider.java:113)
	at org.apache.maven.surefire.booter.ForkedBooter.runSuitesInProcess(ForkedBooter.java:385)
	at org.apache.maven.surefire.booter.ForkedBooter.execute(ForkedBooter.java:162)
	at org.apache.maven.surefire.booter.ForkedBooter.run(ForkedBooter.java:507)
	at org.apache.maven.surefire.booter.ForkedBooter.main(ForkedBooter.java:495)
</pre></div></td>
<td>0</td>
<td>orderFlowPositive.TestsOrderFlowPositive@368f2016</td></tr>
<tr>
<td title='orderFlowPositive.TestsOrderFlowPositive.testOrderFlowPositiveCompleteQC()'><b>testOrderFlowPositiveCompleteQC</b><br>Test class: orderFlowPositive.TestsOrderFlowPositive</td>
<td><div><pre>java.lang.Throwable: Method orderFlowPositive.TestsOrderFlowPositive.testOrderFlowPositiveCompleteQC() on instance orderFlowPositive.TestsOrderFlowPositive@368f2016 depends on not successfully finished methods 
[orderFlowPositive.TestsOrderFlowPositive.testOrderFlowPositiveInventoryDetailsAfterAcceptItemQC() on instance orderFlowPositive.TestsOrderFlowPositive@368f2016]
	at java.base/java.util.ArrayList.forEach(ArrayList.java:1511)
... Removed 22 stack frames</pre></div><a href='#' onClick='toggleBox("stack-trace1345063038", this, "Click to show all stack frames", "Click to hide stack frames")'>Click to show all stack frames</a>
<div class='stack-trace' id='stack-trace1345063038'><pre>java.lang.Throwable: Method orderFlowPositive.TestsOrderFlowPositive.testOrderFlowPositiveCompleteQC() on instance orderFlowPositive.TestsOrderFlowPositive@368f2016 depends on not successfully finished methods 
[orderFlowPositive.TestsOrderFlowPositive.testOrderFlowPositiveInventoryDetailsAfterAcceptItemQC() on instance orderFlowPositive.TestsOrderFlowPositive@368f2016]
	at org.testng.internal.invokers.TestInvoker.invokeTestMethods(TestInvoker.java:159)
	at org.testng.internal.invokers.TestMethodWorker.invokeTestMethods(TestMethodWorker.java:154)
	at org.testng.internal.invokers.TestMethodWorker.run(TestMethodWorker.java:134)
	at java.base/java.util.ArrayList.forEach(ArrayList.java:1511)
	at org.testng.TestRunner.privateRun(TestRunner.java:739)
	at org.testng.TestRunner.run(TestRunner.java:614)
	at org.testng.SuiteRunner.runTest(SuiteRunner.java:421)
	at org.testng.SuiteRunner.runSequentially(SuiteRunner.java:413)
	at org.testng.SuiteRunner.privateRun(SuiteRunner.java:373)
	at org.testng.SuiteRunner.run(SuiteRunner.java:312)
	at org.testng.SuiteRunnerWorker.runSuite(SuiteRunnerWorker.java:52)
	at org.testng.SuiteRunnerWorker.run(SuiteRunnerWorker.java:95)
	at org.testng.TestNG.runSuitesSequentially(TestNG.java:1274)
	at org.testng.TestNG.runSuitesLocally(TestNG.java:1208)
	at org.testng.TestNG.runSuites(TestNG.java:1112)
	at org.testng.TestNG.run(TestNG.java:1079)
	at org.apache.maven.surefire.testng.TestNGExecutor.run(TestNGExecutor.java:308)
	at org.apache.maven.surefire.testng.TestNGXmlTestSuite.execute(TestNGXmlTestSuite.java:71)
	at org.apache.maven.surefire.testng.TestNGProvider.invoke(TestNGProvider.java:113)
	at org.apache.maven.surefire.booter.ForkedBooter.runSuitesInProcess(ForkedBooter.java:385)
	at org.apache.maven.surefire.booter.ForkedBooter.execute(ForkedBooter.java:162)
	at org.apache.maven.surefire.booter.ForkedBooter.run(ForkedBooter.java:507)
	at org.apache.maven.surefire.booter.ForkedBooter.main(ForkedBooter.java:495)
</pre></div></td>
<td>0</td>
<td>orderFlowPositive.TestsOrderFlowPositive@368f2016</td></tr>
<tr>
<td title='orderFlowNegative.TestsOrderFlowNegative.testOrderFlowNegativeInventoryDetailsAfterCompleteQCReturn()'><b>testOrderFlowNegativeInventoryDetailsAfterCompleteQCReturn</b><br>Test class: orderFlowNegative.TestsOrderFlowNegative</td>
<td><div><pre>java.lang.Throwable: Method orderFlowNegative.TestsOrderFlowNegative.testOrderFlowNegativeInventoryDetailsAfterCompleteQCReturn() on instance orderFlowNegative.TestsOrderFlowNegative@4c583ecf depends on not successfully finished methods 
[orderFlowNegative.TestsOrderFlowNegative.testOrderFlowNegativeCompleteQCReturn() on instance orderFlowNegative.TestsOrderFlowNegative@4c583ecf]
	at java.base/java.util.ArrayList.forEach(ArrayList.java:1511)
... Removed 22 stack frames</pre></div><a href='#' onClick='toggleBox("stack-trace83296098", this, "Click to show all stack frames", "Click to hide stack frames")'>Click to show all stack frames</a>
<div class='stack-trace' id='stack-trace83296098'><pre>java.lang.Throwable: Method orderFlowNegative.TestsOrderFlowNegative.testOrderFlowNegativeInventoryDetailsAfterCompleteQCReturn() on instance orderFlowNegative.TestsOrderFlowNegative@4c583ecf depends on not successfully finished methods 
[orderFlowNegative.TestsOrderFlowNegative.testOrderFlowNegativeCompleteQCReturn() on instance orderFlowNegative.TestsOrderFlowNegative@4c583ecf]
	at org.testng.internal.invokers.TestInvoker.invokeTestMethods(TestInvoker.java:159)
	at org.testng.internal.invokers.TestMethodWorker.invokeTestMethods(TestMethodWorker.java:154)
	at org.testng.internal.invokers.TestMethodWorker.run(TestMethodWorker.java:134)
	at java.base/java.util.ArrayList.forEach(ArrayList.java:1511)
	at org.testng.TestRunner.privateRun(TestRunner.java:739)
	at org.testng.TestRunner.run(TestRunner.java:614)
	at org.testng.SuiteRunner.runTest(SuiteRunner.java:421)
	at org.testng.SuiteRunner.runSequentially(SuiteRunner.java:413)
	at org.testng.SuiteRunner.privateRun(SuiteRunner.java:373)
	at org.testng.SuiteRunner.run(SuiteRunner.java:312)
	at org.testng.SuiteRunnerWorker.runSuite(SuiteRunnerWorker.java:52)
	at org.testng.SuiteRunnerWorker.run(SuiteRunnerWorker.java:95)
	at org.testng.TestNG.runSuitesSequentially(TestNG.java:1274)
	at org.testng.TestNG.runSuitesLocally(TestNG.java:1208)
	at org.testng.TestNG.runSuites(TestNG.java:1112)
	at org.testng.TestNG.run(TestNG.java:1079)
	at org.apache.maven.surefire.testng.TestNGExecutor.run(TestNGExecutor.java:308)
	at org.apache.maven.surefire.testng.TestNGXmlTestSuite.execute(TestNGXmlTestSuite.java:71)
	at org.apache.maven.surefire.testng.TestNGProvider.invoke(TestNGProvider.java:113)
	at org.apache.maven.surefire.booter.ForkedBooter.runSuitesInProcess(ForkedBooter.java:385)
	at org.apache.maven.surefire.booter.ForkedBooter.execute(ForkedBooter.java:162)
	at org.apache.maven.surefire.booter.ForkedBooter.run(ForkedBooter.java:507)
	at org.apache.maven.surefire.booter.ForkedBooter.main(ForkedBooter.java:495)
</pre></div></td>
<td>0</td>
<td>orderFlowNegative.TestsOrderFlowNegative@4c583ecf</td></tr>
<tr>
<td title='orderFlowNegative.TestsOrderFlowNegative.testOrderFlowNegativeOrderIdReturn()'><b>testOrderFlowNegativeOrderIdReturn</b><br>Test class: orderFlowNegative.TestsOrderFlowNegative</td>
<td><div><pre>java.lang.Throwable: Method orderFlowNegative.TestsOrderFlowNegative.testOrderFlowNegativeOrderIdReturn() on instance orderFlowNegative.TestsOrderFlowNegative@4c583ecf depends on not successfully finished methods 
[orderFlowNegative.TestsOrderFlowNegative.testOrderFlowNegativeInventoryDetailsAfterInventorySettlement() on instance orderFlowNegative.TestsOrderFlowNegative@4c583ecf]
	at java.base/java.util.ArrayList.forEach(ArrayList.java:1511)
... Removed 22 stack frames</pre></div><a href='#' onClick='toggleBox("stack-trace1198265211", this, "Click to show all stack frames", "Click to hide stack frames")'>Click to show all stack frames</a>
<div class='stack-trace' id='stack-trace1198265211'><pre>java.lang.Throwable: Method orderFlowNegative.TestsOrderFlowNegative.testOrderFlowNegativeOrderIdReturn() on instance orderFlowNegative.TestsOrderFlowNegative@4c583ecf depends on not successfully finished methods 
[orderFlowNegative.TestsOrderFlowNegative.testOrderFlowNegativeInventoryDetailsAfterInventorySettlement() on instance orderFlowNegative.TestsOrderFlowNegative@4c583ecf]
	at org.testng.internal.invokers.TestInvoker.invokeTestMethods(TestInvoker.java:159)
	at org.testng.internal.invokers.TestMethodWorker.invokeTestMethods(TestMethodWorker.java:154)
	at org.testng.internal.invokers.TestMethodWorker.run(TestMethodWorker.java:134)
	at java.base/java.util.ArrayList.forEach(ArrayList.java:1511)
	at org.testng.TestRunner.privateRun(TestRunner.java:739)
	at org.testng.TestRunner.run(TestRunner.java:614)
	at org.testng.SuiteRunner.runTest(SuiteRunner.java:421)
	at org.testng.SuiteRunner.runSequentially(SuiteRunner.java:413)
	at org.testng.SuiteRunner.privateRun(SuiteRunner.java:373)
	at org.testng.SuiteRunner.run(SuiteRunner.java:312)
	at org.testng.SuiteRunnerWorker.runSuite(SuiteRunnerWorker.java:52)
	at org.testng.SuiteRunnerWorker.run(SuiteRunnerWorker.java:95)
	at org.testng.TestNG.runSuitesSequentially(TestNG.java:1274)
	at org.testng.TestNG.runSuitesLocally(TestNG.java:1208)
	at org.testng.TestNG.runSuites(TestNG.java:1112)
	at org.testng.TestNG.run(TestNG.java:1079)
	at org.apache.maven.surefire.testng.TestNGExecutor.run(TestNGExecutor.java:308)
	at org.apache.maven.surefire.testng.TestNGXmlTestSuite.execute(TestNGXmlTestSuite.java:71)
	at org.apache.maven.surefire.testng.TestNGProvider.invoke(TestNGProvider.java:113)
	at org.apache.maven.surefire.booter.ForkedBooter.runSuitesInProcess(ForkedBooter.java:385)
	at org.apache.maven.surefire.booter.ForkedBooter.execute(ForkedBooter.java:162)
	at org.apache.maven.surefire.booter.ForkedBooter.run(ForkedBooter.java:507)
	at org.apache.maven.surefire.booter.ForkedBooter.main(ForkedBooter.java:495)
</pre></div></td>
<td>0</td>
<td>orderFlowNegative.TestsOrderFlowNegative@4c583ecf</td></tr>
<tr>
<td title='orderFlowNegative.TestsOrderFlowNegative.testOrderFlowNegativeInventoryDetailsAfterCompleteQC()'><b>testOrderFlowNegativeInventoryDetailsAfterCompleteQC</b><br>Test class: orderFlowNegative.TestsOrderFlowNegative</td>
<td><div><pre>java.lang.Throwable: Method orderFlowNegative.TestsOrderFlowNegative.testOrderFlowNegativeInventoryDetailsAfterCompleteQC() on instance orderFlowNegative.TestsOrderFlowNegative@4c583ecf depends on not successfully finished methods 
[orderFlowNegative.TestsOrderFlowNegative.testOrderFlowNegativeCompleteQC() on instance orderFlowNegative.TestsOrderFlowNegative@4c583ecf]
	at java.base/java.util.ArrayList.forEach(ArrayList.java:1511)
... Removed 22 stack frames</pre></div><a href='#' onClick='toggleBox("stack-trace675463320", this, "Click to show all stack frames", "Click to hide stack frames")'>Click to show all stack frames</a>
<div class='stack-trace' id='stack-trace675463320'><pre>java.lang.Throwable: Method orderFlowNegative.TestsOrderFlowNegative.testOrderFlowNegativeInventoryDetailsAfterCompleteQC() on instance orderFlowNegative.TestsOrderFlowNegative@4c583ecf depends on not successfully finished methods 
[orderFlowNegative.TestsOrderFlowNegative.testOrderFlowNegativeCompleteQC() on instance orderFlowNegative.TestsOrderFlowNegative@4c583ecf]
	at org.testng.internal.invokers.TestInvoker.invokeTestMethods(TestInvoker.java:159)
	at org.testng.internal.invokers.TestMethodWorker.invokeTestMethods(TestMethodWorker.java:154)
	at org.testng.internal.invokers.TestMethodWorker.run(TestMethodWorker.java:134)
	at java.base/java.util.ArrayList.forEach(ArrayList.java:1511)
	at org.testng.TestRunner.privateRun(TestRunner.java:739)
	at org.testng.TestRunner.run(TestRunner.java:614)
	at org.testng.SuiteRunner.runTest(SuiteRunner.java:421)
	at org.testng.SuiteRunner.runSequentially(SuiteRunner.java:413)
	at org.testng.SuiteRunner.privateRun(SuiteRunner.java:373)
	at org.testng.SuiteRunner.run(SuiteRunner.java:312)
	at org.testng.SuiteRunnerWorker.runSuite(SuiteRunnerWorker.java:52)
	at org.testng.SuiteRunnerWorker.run(SuiteRunnerWorker.java:95)
	at org.testng.TestNG.runSuitesSequentially(TestNG.java:1274)
	at org.testng.TestNG.runSuitesLocally(TestNG.java:1208)
	at org.testng.TestNG.runSuites(TestNG.java:1112)
	at org.testng.TestNG.run(TestNG.java:1079)
	at org.apache.maven.surefire.testng.TestNGExecutor.run(TestNGExecutor.java:308)
	at org.apache.maven.surefire.testng.TestNGXmlTestSuite.execute(TestNGXmlTestSuite.java:71)
	at org.apache.maven.surefire.testng.TestNGProvider.invoke(TestNGProvider.java:113)
	at org.apache.maven.surefire.booter.ForkedBooter.runSuitesInProcess(ForkedBooter.java:385)
	at org.apache.maven.surefire.booter.ForkedBooter.execute(ForkedBooter.java:162)
	at org.apache.maven.surefire.booter.ForkedBooter.run(ForkedBooter.java:507)
	at org.apache.maven.surefire.booter.ForkedBooter.main(ForkedBooter.java:495)
</pre></div></td>
<td>0</td>
<td>orderFlowNegative.TestsOrderFlowNegative@4c583ecf</td></tr>
<tr>
<td title='orderFlowNegative.TestsOrderFlowNegative.testOrderFlowNegativeInventoryAfterDetailsOrderIdReturn()'><b>testOrderFlowNegativeInventoryAfterDetailsOrderIdReturn</b><br>Test class: orderFlowNegative.TestsOrderFlowNegative</td>
<td><div><pre>java.lang.Throwable: Method orderFlowNegative.TestsOrderFlowNegative.testOrderFlowNegativeInventoryAfterDetailsOrderIdReturn() on instance orderFlowNegative.TestsOrderFlowNegative@4c583ecf depends on not successfully finished methods 
[orderFlowNegative.TestsOrderFlowNegative.testOrderFlowNegativeOrderIdReturn() on instance orderFlowNegative.TestsOrderFlowNegative@4c583ecf]
	at java.base/java.util.ArrayList.forEach(ArrayList.java:1511)
... Removed 22 stack frames</pre></div><a href='#' onClick='toggleBox("stack-trace2031373582", this, "Click to show all stack frames", "Click to hide stack frames")'>Click to show all stack frames</a>
<div class='stack-trace' id='stack-trace2031373582'><pre>java.lang.Throwable: Method orderFlowNegative.TestsOrderFlowNegative.testOrderFlowNegativeInventoryAfterDetailsOrderIdReturn() on instance orderFlowNegative.TestsOrderFlowNegative@4c583ecf depends on not successfully finished methods 
[orderFlowNegative.TestsOrderFlowNegative.testOrderFlowNegativeOrderIdReturn() on instance orderFlowNegative.TestsOrderFlowNegative@4c583ecf]
	at org.testng.internal.invokers.TestInvoker.invokeTestMethods(TestInvoker.java:159)
	at org.testng.internal.invokers.TestMethodWorker.invokeTestMethods(TestMethodWorker.java:154)
	at org.testng.internal.invokers.TestMethodWorker.run(TestMethodWorker.java:134)
	at java.base/java.util.ArrayList.forEach(ArrayList.java:1511)
	at org.testng.TestRunner.privateRun(TestRunner.java:739)
	at org.testng.TestRunner.run(TestRunner.java:614)
	at org.testng.SuiteRunner.runTest(SuiteRunner.java:421)
	at org.testng.SuiteRunner.runSequentially(SuiteRunner.java:413)
	at org.testng.SuiteRunner.privateRun(SuiteRunner.java:373)
	at org.testng.SuiteRunner.run(SuiteRunner.java:312)
	at org.testng.SuiteRunnerWorker.runSuite(SuiteRunnerWorker.java:52)
	at org.testng.SuiteRunnerWorker.run(SuiteRunnerWorker.java:95)
	at org.testng.TestNG.runSuitesSequentially(TestNG.java:1274)
	at org.testng.TestNG.runSuitesLocally(TestNG.java:1208)
	at org.testng.TestNG.runSuites(TestNG.java:1112)
	at org.testng.TestNG.run(TestNG.java:1079)
	at org.apache.maven.surefire.testng.TestNGExecutor.run(TestNGExecutor.java:308)
	at org.apache.maven.surefire.testng.TestNGXmlTestSuite.execute(TestNGXmlTestSuite.java:71)
	at org.apache.maven.surefire.testng.TestNGProvider.invoke(TestNGProvider.java:113)
	at org.apache.maven.surefire.booter.ForkedBooter.runSuitesInProcess(ForkedBooter.java:385)
	at org.apache.maven.surefire.booter.ForkedBooter.execute(ForkedBooter.java:162)
	at org.apache.maven.surefire.booter.ForkedBooter.run(ForkedBooter.java:507)
	at org.apache.maven.surefire.booter.ForkedBooter.main(ForkedBooter.java:495)
</pre></div></td>
<td>0</td>
<td>orderFlowNegative.TestsOrderFlowNegative@4c583ecf</td></tr>
<tr>
<td title='orderFlowNegative.TestsOrderFlowNegative.testOrderFlowNegativeInventoryDetailsAfterActionCompleteQCReturn()'><b>testOrderFlowNegativeInventoryDetailsAfterActionCompleteQCReturn</b><br>Test class: orderFlowNegative.TestsOrderFlowNegative</td>
<td><div><pre>java.lang.Throwable: Method orderFlowNegative.TestsOrderFlowNegative.testOrderFlowNegativeInventoryDetailsAfterActionCompleteQCReturn() on instance orderFlowNegative.TestsOrderFlowNegative@4c583ecf depends on not successfully finished methods 
[orderFlowNegative.TestsOrderFlowNegative.testOrderFlowNegativeActionCompleteQCReturn() on instance orderFlowNegative.TestsOrderFlowNegative@4c583ecf]
	at java.base/java.util.ArrayList.forEach(ArrayList.java:1511)
... Removed 22 stack frames</pre></div><a href='#' onClick='toggleBox("stack-trace39296394", this, "Click to show all stack frames", "Click to hide stack frames")'>Click to show all stack frames</a>
<div class='stack-trace' id='stack-trace39296394'><pre>java.lang.Throwable: Method orderFlowNegative.TestsOrderFlowNegative.testOrderFlowNegativeInventoryDetailsAfterActionCompleteQCReturn() on instance orderFlowNegative.TestsOrderFlowNegative@4c583ecf depends on not successfully finished methods 
[orderFlowNegative.TestsOrderFlowNegative.testOrderFlowNegativeActionCompleteQCReturn() on instance orderFlowNegative.TestsOrderFlowNegative@4c583ecf]
	at org.testng.internal.invokers.TestInvoker.invokeTestMethods(TestInvoker.java:159)
	at org.testng.internal.invokers.TestMethodWorker.invokeTestMethods(TestMethodWorker.java:154)
	at org.testng.internal.invokers.TestMethodWorker.run(TestMethodWorker.java:134)
	at java.base/java.util.ArrayList.forEach(ArrayList.java:1511)
	at org.testng.TestRunner.privateRun(TestRunner.java:739)
	at org.testng.TestRunner.run(TestRunner.java:614)
	at org.testng.SuiteRunner.runTest(SuiteRunner.java:421)
	at org.testng.SuiteRunner.runSequentially(SuiteRunner.java:413)
	at org.testng.SuiteRunner.privateRun(SuiteRunner.java:373)
	at org.testng.SuiteRunner.run(SuiteRunner.java:312)
	at org.testng.SuiteRunnerWorker.runSuite(SuiteRunnerWorker.java:52)
	at org.testng.SuiteRunnerWorker.run(SuiteRunnerWorker.java:95)
	at org.testng.TestNG.runSuitesSequentially(TestNG.java:1274)
	at org.testng.TestNG.runSuitesLocally(TestNG.java:1208)
	at org.testng.TestNG.runSuites(TestNG.java:1112)
	at org.testng.TestNG.run(TestNG.java:1079)
	at org.apache.maven.surefire.testng.TestNGExecutor.run(TestNGExecutor.java:308)
	at org.apache.maven.surefire.testng.TestNGXmlTestSuite.execute(TestNGXmlTestSuite.java:71)
	at org.apache.maven.surefire.testng.TestNGProvider.invoke(TestNGProvider.java:113)
	at org.apache.maven.surefire.booter.ForkedBooter.runSuitesInProcess(ForkedBooter.java:385)
	at org.apache.maven.surefire.booter.ForkedBooter.execute(ForkedBooter.java:162)
	at org.apache.maven.surefire.booter.ForkedBooter.run(ForkedBooter.java:507)
	at org.apache.maven.surefire.booter.ForkedBooter.main(ForkedBooter.java:495)
</pre></div></td>
<td>0</td>
<td>orderFlowNegative.TestsOrderFlowNegative@4c583ecf</td></tr>
<tr>
<td title='orderFlowNegative.TestsOrderFlowNegative.testOrderFlowNegativeActionCompleteQC()'><b>testOrderFlowNegativeActionCompleteQC</b><br>Test class: orderFlowNegative.TestsOrderFlowNegative</td>
<td><div><pre>java.lang.Throwable: Method orderFlowNegative.TestsOrderFlowNegative.testOrderFlowNegativeActionCompleteQC() on instance orderFlowNegative.TestsOrderFlowNegative@4c583ecf depends on not successfully finished methods 
[orderFlowNegative.TestsOrderFlowNegative.testOrderFlowNegativeInventoryDetailsAfterDeliver() on instance orderFlowNegative.TestsOrderFlowNegative@4c583ecf]
	at java.base/java.util.ArrayList.forEach(ArrayList.java:1511)
... Removed 22 stack frames</pre></div><a href='#' onClick='toggleBox("stack-trace1208288923", this, "Click to show all stack frames", "Click to hide stack frames")'>Click to show all stack frames</a>
<div class='stack-trace' id='stack-trace1208288923'><pre>java.lang.Throwable: Method orderFlowNegative.TestsOrderFlowNegative.testOrderFlowNegativeActionCompleteQC() on instance orderFlowNegative.TestsOrderFlowNegative@4c583ecf depends on not successfully finished methods 
[orderFlowNegative.TestsOrderFlowNegative.testOrderFlowNegativeInventoryDetailsAfterDeliver() on instance orderFlowNegative.TestsOrderFlowNegative@4c583ecf]
	at org.testng.internal.invokers.TestInvoker.invokeTestMethods(TestInvoker.java:159)
	at org.testng.internal.invokers.TestMethodWorker.invokeTestMethods(TestMethodWorker.java:154)
	at org.testng.internal.invokers.TestMethodWorker.run(TestMethodWorker.java:134)
	at java.base/java.util.ArrayList.forEach(ArrayList.java:1511)
	at org.testng.TestRunner.privateRun(TestRunner.java:739)
	at org.testng.TestRunner.run(TestRunner.java:614)
	at org.testng.SuiteRunner.runTest(SuiteRunner.java:421)
	at org.testng.SuiteRunner.runSequentially(SuiteRunner.java:413)
	at org.testng.SuiteRunner.privateRun(SuiteRunner.java:373)
	at org.testng.SuiteRunner.run(SuiteRunner.java:312)
	at org.testng.SuiteRunnerWorker.runSuite(SuiteRunnerWorker.java:52)
	at org.testng.SuiteRunnerWorker.run(SuiteRunnerWorker.java:95)
	at org.testng.TestNG.runSuitesSequentially(TestNG.java:1274)
	at org.testng.TestNG.runSuitesLocally(TestNG.java:1208)
	at org.testng.TestNG.runSuites(TestNG.java:1112)
	at org.testng.TestNG.run(TestNG.java:1079)
	at org.apache.maven.surefire.testng.TestNGExecutor.run(TestNGExecutor.java:308)
	at org.apache.maven.surefire.testng.TestNGXmlTestSuite.execute(TestNGXmlTestSuite.java:71)
	at org.apache.maven.surefire.testng.TestNGProvider.invoke(TestNGProvider.java:113)
	at org.apache.maven.surefire.booter.ForkedBooter.runSuitesInProcess(ForkedBooter.java:385)
	at org.apache.maven.surefire.booter.ForkedBooter.execute(ForkedBooter.java:162)
	at org.apache.maven.surefire.booter.ForkedBooter.run(ForkedBooter.java:507)
	at org.apache.maven.surefire.booter.ForkedBooter.main(ForkedBooter.java:495)
</pre></div></td>
<td>0</td>
<td>orderFlowNegative.TestsOrderFlowNegative@4c583ecf</td></tr>
<tr>
<td title='orderFlowPositive.TestsOrderFlowPositive.testOrderFlowPositiveInventoryDetailsAfterCompleteQC()'><b>testOrderFlowPositiveInventoryDetailsAfterCompleteQC</b><br>Test class: orderFlowPositive.TestsOrderFlowPositive</td>
<td><div><pre>java.lang.Throwable: Method orderFlowPositive.TestsOrderFlowPositive.testOrderFlowPositiveInventoryDetailsAfterCompleteQC() on instance orderFlowPositive.TestsOrderFlowPositive@368f2016 depends on not successfully finished methods 
[orderFlowPositive.TestsOrderFlowPositive.testOrderFlowPositiveCompleteQC() on instance orderFlowPositive.TestsOrderFlowPositive@368f2016]
	at java.base/java.util.ArrayList.forEach(ArrayList.java:1511)
... Removed 22 stack frames</pre></div><a href='#' onClick='toggleBox("stack-trace1234723192", this, "Click to show all stack frames", "Click to hide stack frames")'>Click to show all stack frames</a>
<div class='stack-trace' id='stack-trace1234723192'><pre>java.lang.Throwable: Method orderFlowPositive.TestsOrderFlowPositive.testOrderFlowPositiveInventoryDetailsAfterCompleteQC() on instance orderFlowPositive.TestsOrderFlowPositive@368f2016 depends on not successfully finished methods 
[orderFlowPositive.TestsOrderFlowPositive.testOrderFlowPositiveCompleteQC() on instance orderFlowPositive.TestsOrderFlowPositive@368f2016]
	at org.testng.internal.invokers.TestInvoker.invokeTestMethods(TestInvoker.java:159)
	at org.testng.internal.invokers.TestMethodWorker.invokeTestMethods(TestMethodWorker.java:154)
	at org.testng.internal.invokers.TestMethodWorker.run(TestMethodWorker.java:134)
	at java.base/java.util.ArrayList.forEach(ArrayList.java:1511)
	at org.testng.TestRunner.privateRun(TestRunner.java:739)
	at org.testng.TestRunner.run(TestRunner.java:614)
	at org.testng.SuiteRunner.runTest(SuiteRunner.java:421)
	at org.testng.SuiteRunner.runSequentially(SuiteRunner.java:413)
	at org.testng.SuiteRunner.privateRun(SuiteRunner.java:373)
	at org.testng.SuiteRunner.run(SuiteRunner.java:312)
	at org.testng.SuiteRunnerWorker.runSuite(SuiteRunnerWorker.java:52)
	at org.testng.SuiteRunnerWorker.run(SuiteRunnerWorker.java:95)
	at org.testng.TestNG.runSuitesSequentially(TestNG.java:1274)
	at org.testng.TestNG.runSuitesLocally(TestNG.java:1208)
	at org.testng.TestNG.runSuites(TestNG.java:1112)
	at org.testng.TestNG.run(TestNG.java:1079)
	at org.apache.maven.surefire.testng.TestNGExecutor.run(TestNGExecutor.java:308)
	at org.apache.maven.surefire.testng.TestNGXmlTestSuite.execute(TestNGXmlTestSuite.java:71)
	at org.apache.maven.surefire.testng.TestNGProvider.invoke(TestNGProvider.java:113)
	at org.apache.maven.surefire.booter.ForkedBooter.runSuitesInProcess(ForkedBooter.java:385)
	at org.apache.maven.surefire.booter.ForkedBooter.execute(ForkedBooter.java:162)
	at org.apache.maven.surefire.booter.ForkedBooter.run(ForkedBooter.java:507)
	at org.apache.maven.surefire.booter.ForkedBooter.main(ForkedBooter.java:495)
</pre></div></td>
<td>0</td>
<td>orderFlowPositive.TestsOrderFlowPositive@368f2016</td></tr>
<tr>
<td title='orderFlowPositive.TestsOrderFlowPositive.testOrderFlowPositiveActionCompleteQC()'><b>testOrderFlowPositiveActionCompleteQC</b><br>Test class: orderFlowPositive.TestsOrderFlowPositive</td>
<td><div><pre>java.lang.Throwable: Method orderFlowPositive.TestsOrderFlowPositive.testOrderFlowPositiveActionCompleteQC() on instance orderFlowPositive.TestsOrderFlowPositive@368f2016 depends on not successfully finished methods 
[orderFlowPositive.TestsOrderFlowPositive.testOrderFlowPositiveInventoryDetailsAfterDeliver() on instance orderFlowPositive.TestsOrderFlowPositive@368f2016]
	at java.base/java.util.ArrayList.forEach(ArrayList.java:1511)
... Removed 22 stack frames</pre></div><a href='#' onClick='toggleBox("stack-trace2130782499", this, "Click to show all stack frames", "Click to hide stack frames")'>Click to show all stack frames</a>
<div class='stack-trace' id='stack-trace2130782499'><pre>java.lang.Throwable: Method orderFlowPositive.TestsOrderFlowPositive.testOrderFlowPositiveActionCompleteQC() on instance orderFlowPositive.TestsOrderFlowPositive@368f2016 depends on not successfully finished methods 
[orderFlowPositive.TestsOrderFlowPositive.testOrderFlowPositiveInventoryDetailsAfterDeliver() on instance orderFlowPositive.TestsOrderFlowPositive@368f2016]
	at org.testng.internal.invokers.TestInvoker.invokeTestMethods(TestInvoker.java:159)
	at org.testng.internal.invokers.TestMethodWorker.invokeTestMethods(TestMethodWorker.java:154)
	at org.testng.internal.invokers.TestMethodWorker.run(TestMethodWorker.java:134)
	at java.base/java.util.ArrayList.forEach(ArrayList.java:1511)
	at org.testng.TestRunner.privateRun(TestRunner.java:739)
	at org.testng.TestRunner.run(TestRunner.java:614)
	at org.testng.SuiteRunner.runTest(SuiteRunner.java:421)
	at org.testng.SuiteRunner.runSequentially(SuiteRunner.java:413)
	at org.testng.SuiteRunner.privateRun(SuiteRunner.java:373)
	at org.testng.SuiteRunner.run(SuiteRunner.java:312)
	at org.testng.SuiteRunnerWorker.runSuite(SuiteRunnerWorker.java:52)
	at org.testng.SuiteRunnerWorker.run(SuiteRunnerWorker.java:95)
	at org.testng.TestNG.runSuitesSequentially(TestNG.java:1274)
	at org.testng.TestNG.runSuitesLocally(TestNG.java:1208)
	at org.testng.TestNG.runSuites(TestNG.java:1112)
	at org.testng.TestNG.run(TestNG.java:1079)
	at org.apache.maven.surefire.testng.TestNGExecutor.run(TestNGExecutor.java:308)
	at org.apache.maven.surefire.testng.TestNGXmlTestSuite.execute(TestNGXmlTestSuite.java:71)
	at org.apache.maven.surefire.testng.TestNGProvider.invoke(TestNGProvider.java:113)
	at org.apache.maven.surefire.booter.ForkedBooter.runSuitesInProcess(ForkedBooter.java:385)
	at org.apache.maven.surefire.booter.ForkedBooter.execute(ForkedBooter.java:162)
	at org.apache.maven.surefire.booter.ForkedBooter.run(ForkedBooter.java:507)
	at org.apache.maven.surefire.booter.ForkedBooter.main(ForkedBooter.java:495)
</pre></div></td>
<td>0</td>
<td>orderFlowPositive.TestsOrderFlowPositive@368f2016</td></tr>
<tr>
<td title='orderFlowNegative.TestsOrderFlowNegative.testOrderFlowNegativeRejectItemQC()'><b>testOrderFlowNegativeRejectItemQC</b><br>Test class: orderFlowNegative.TestsOrderFlowNegative</td>
<td><div><pre>java.lang.Throwable: Method orderFlowNegative.TestsOrderFlowNegative.testOrderFlowNegativeRejectItemQC() on instance orderFlowNegative.TestsOrderFlowNegative@4c583ecf depends on not successfully finished methods 
[orderFlowNegative.TestsOrderFlowNegative.testOrderFlowNegativeInventoryDetailsAfterActionCompleteQC() on instance orderFlowNegative.TestsOrderFlowNegative@4c583ecf]
	at java.base/java.util.ArrayList.forEach(ArrayList.java:1511)
... Removed 22 stack frames</pre></div><a href='#' onClick='toggleBox("stack-trace251788397", this, "Click to show all stack frames", "Click to hide stack frames")'>Click to show all stack frames</a>
<div class='stack-trace' id='stack-trace251788397'><pre>java.lang.Throwable: Method orderFlowNegative.TestsOrderFlowNegative.testOrderFlowNegativeRejectItemQC() on instance orderFlowNegative.TestsOrderFlowNegative@4c583ecf depends on not successfully finished methods 
[orderFlowNegative.TestsOrderFlowNegative.testOrderFlowNegativeInventoryDetailsAfterActionCompleteQC() on instance orderFlowNegative.TestsOrderFlowNegative@4c583ecf]
	at org.testng.internal.invokers.TestInvoker.invokeTestMethods(TestInvoker.java:159)
	at org.testng.internal.invokers.TestMethodWorker.invokeTestMethods(TestMethodWorker.java:154)
	at org.testng.internal.invokers.TestMethodWorker.run(TestMethodWorker.java:134)
	at java.base/java.util.ArrayList.forEach(ArrayList.java:1511)
	at org.testng.TestRunner.privateRun(TestRunner.java:739)
	at org.testng.TestRunner.run(TestRunner.java:614)
	at org.testng.SuiteRunner.runTest(SuiteRunner.java:421)
	at org.testng.SuiteRunner.runSequentially(SuiteRunner.java:413)
	at org.testng.SuiteRunner.privateRun(SuiteRunner.java:373)
	at org.testng.SuiteRunner.run(SuiteRunner.java:312)
	at org.testng.SuiteRunnerWorker.runSuite(SuiteRunnerWorker.java:52)
	at org.testng.SuiteRunnerWorker.run(SuiteRunnerWorker.java:95)
	at org.testng.TestNG.runSuitesSequentially(TestNG.java:1274)
	at org.testng.TestNG.runSuitesLocally(TestNG.java:1208)
	at org.testng.TestNG.runSuites(TestNG.java:1112)
	at org.testng.TestNG.run(TestNG.java:1079)
	at org.apache.maven.surefire.testng.TestNGExecutor.run(TestNGExecutor.java:308)
	at org.apache.maven.surefire.testng.TestNGXmlTestSuite.execute(TestNGXmlTestSuite.java:71)
	at org.apache.maven.surefire.testng.TestNGProvider.invoke(TestNGProvider.java:113)
	at org.apache.maven.surefire.booter.ForkedBooter.runSuitesInProcess(ForkedBooter.java:385)
	at org.apache.maven.surefire.booter.ForkedBooter.execute(ForkedBooter.java:162)
	at org.apache.maven.surefire.booter.ForkedBooter.run(ForkedBooter.java:507)
	at org.apache.maven.surefire.booter.ForkedBooter.main(ForkedBooter.java:495)
</pre></div></td>
<td>0</td>
<td>orderFlowNegative.TestsOrderFlowNegative@4c583ecf</td></tr>
<tr>
<td title='orderFlowPositive.TestsOrderFlowPositive.testOrderFlowPositiveInventorySettlement()'><b>testOrderFlowPositiveInventorySettlement</b><br>Test class: orderFlowPositive.TestsOrderFlowPositive</td>
<td><div><pre>java.lang.Throwable: Method orderFlowPositive.TestsOrderFlowPositive.testOrderFlowPositiveInventorySettlement() on instance orderFlowPositive.TestsOrderFlowPositive@368f2016 depends on not successfully finished methods 
[orderFlowPositive.TestsOrderFlowPositive.testOrderFlowPositiveInventoryDetailsAfterCompleteQC() on instance orderFlowPositive.TestsOrderFlowPositive@368f2016]
	at java.base/java.util.ArrayList.forEach(ArrayList.java:1511)
... Removed 22 stack frames</pre></div><a href='#' onClick='toggleBox("stack-trace280886220", this, "Click to show all stack frames", "Click to hide stack frames")'>Click to show all stack frames</a>
<div class='stack-trace' id='stack-trace280886220'><pre>java.lang.Throwable: Method orderFlowPositive.TestsOrderFlowPositive.testOrderFlowPositiveInventorySettlement() on instance orderFlowPositive.TestsOrderFlowPositive@368f2016 depends on not successfully finished methods 
[orderFlowPositive.TestsOrderFlowPositive.testOrderFlowPositiveInventoryDetailsAfterCompleteQC() on instance orderFlowPositive.TestsOrderFlowPositive@368f2016]
	at org.testng.internal.invokers.TestInvoker.invokeTestMethods(TestInvoker.java:159)
	at org.testng.internal.invokers.TestMethodWorker.invokeTestMethods(TestMethodWorker.java:154)
	at org.testng.internal.invokers.TestMethodWorker.run(TestMethodWorker.java:134)
	at java.base/java.util.ArrayList.forEach(ArrayList.java:1511)
	at org.testng.TestRunner.privateRun(TestRunner.java:739)
	at org.testng.TestRunner.run(TestRunner.java:614)
	at org.testng.SuiteRunner.runTest(SuiteRunner.java:421)
	at org.testng.SuiteRunner.runSequentially(SuiteRunner.java:413)
	at org.testng.SuiteRunner.privateRun(SuiteRunner.java:373)
	at org.testng.SuiteRunner.run(SuiteRunner.java:312)
	at org.testng.SuiteRunnerWorker.runSuite(SuiteRunnerWorker.java:52)
	at org.testng.SuiteRunnerWorker.run(SuiteRunnerWorker.java:95)
	at org.testng.TestNG.runSuitesSequentially(TestNG.java:1274)
	at org.testng.TestNG.runSuitesLocally(TestNG.java:1208)
	at org.testng.TestNG.runSuites(TestNG.java:1112)
	at org.testng.TestNG.run(TestNG.java:1079)
	at org.apache.maven.surefire.testng.TestNGExecutor.run(TestNGExecutor.java:308)
	at org.apache.maven.surefire.testng.TestNGXmlTestSuite.execute(TestNGXmlTestSuite.java:71)
	at org.apache.maven.surefire.testng.TestNGProvider.invoke(TestNGProvider.java:113)
	at org.apache.maven.surefire.booter.ForkedBooter.runSuitesInProcess(ForkedBooter.java:385)
	at org.apache.maven.surefire.booter.ForkedBooter.execute(ForkedBooter.java:162)
	at org.apache.maven.surefire.booter.ForkedBooter.run(ForkedBooter.java:507)
	at org.apache.maven.surefire.booter.ForkedBooter.main(ForkedBooter.java:495)
</pre></div></td>
<td>0</td>
<td>orderFlowPositive.TestsOrderFlowPositive@368f2016</td></tr>
<tr>
<td title='orderFlowNegative.TestsOrderFlowNegative.testOrderFlowNegativeInventoryDetailsAfterInventorySettlementReturn()'><b>testOrderFlowNegativeInventoryDetailsAfterInventorySettlementReturn</b><br>Test class: orderFlowNegative.TestsOrderFlowNegative</td>
<td><div><pre>java.lang.Throwable: Method orderFlowNegative.TestsOrderFlowNegative.testOrderFlowNegativeInventoryDetailsAfterInventorySettlementReturn() on instance orderFlowNegative.TestsOrderFlowNegative@4c583ecf depends on not successfully finished methods 
[orderFlowNegative.TestsOrderFlowNegative.testOrderFlowNegativeInventorySettlementReturn() on instance orderFlowNegative.TestsOrderFlowNegative@4c583ecf]
	at java.base/java.util.ArrayList.forEach(ArrayList.java:1511)
... Removed 22 stack frames</pre></div><a href='#' onClick='toggleBox("stack-trace1696377390", this, "Click to show all stack frames", "Click to hide stack frames")'>Click to show all stack frames</a>
<div class='stack-trace' id='stack-trace1696377390'><pre>java.lang.Throwable: Method orderFlowNegative.TestsOrderFlowNegative.testOrderFlowNegativeInventoryDetailsAfterInventorySettlementReturn() on instance orderFlowNegative.TestsOrderFlowNegative@4c583ecf depends on not successfully finished methods 
[orderFlowNegative.TestsOrderFlowNegative.testOrderFlowNegativeInventorySettlementReturn() on instance orderFlowNegative.TestsOrderFlowNegative@4c583ecf]
	at org.testng.internal.invokers.TestInvoker.invokeTestMethods(TestInvoker.java:159)
	at org.testng.internal.invokers.TestMethodWorker.invokeTestMethods(TestMethodWorker.java:154)
	at org.testng.internal.invokers.TestMethodWorker.run(TestMethodWorker.java:134)
	at java.base/java.util.ArrayList.forEach(ArrayList.java:1511)
	at org.testng.TestRunner.privateRun(TestRunner.java:739)
	at org.testng.TestRunner.run(TestRunner.java:614)
	at org.testng.SuiteRunner.runTest(SuiteRunner.java:421)
	at org.testng.SuiteRunner.runSequentially(SuiteRunner.java:413)
	at org.testng.SuiteRunner.privateRun(SuiteRunner.java:373)
	at org.testng.SuiteRunner.run(SuiteRunner.java:312)
	at org.testng.SuiteRunnerWorker.runSuite(SuiteRunnerWorker.java:52)
	at org.testng.SuiteRunnerWorker.run(SuiteRunnerWorker.java:95)
	at org.testng.TestNG.runSuitesSequentially(TestNG.java:1274)
	at org.testng.TestNG.runSuitesLocally(TestNG.java:1208)
	at org.testng.TestNG.runSuites(TestNG.java:1112)
	at org.testng.TestNG.run(TestNG.java:1079)
	at org.apache.maven.surefire.testng.TestNGExecutor.run(TestNGExecutor.java:308)
	at org.apache.maven.surefire.testng.TestNGXmlTestSuite.execute(TestNGXmlTestSuite.java:71)
	at org.apache.maven.surefire.testng.TestNGProvider.invoke(TestNGProvider.java:113)
	at org.apache.maven.surefire.booter.ForkedBooter.runSuitesInProcess(ForkedBooter.java:385)
	at org.apache.maven.surefire.booter.ForkedBooter.execute(ForkedBooter.java:162)
	at org.apache.maven.surefire.booter.ForkedBooter.run(ForkedBooter.java:507)
	at org.apache.maven.surefire.booter.ForkedBooter.main(ForkedBooter.java:495)
</pre></div></td>
<td>0</td>
<td>orderFlowNegative.TestsOrderFlowNegative@4c583ecf</td></tr>
<tr>
<td title='orderFlowNegative.TestsOrderFlowNegative.testOrderFlowNegativeInventoryDetailsAfterActionCompleteQC()'><b>testOrderFlowNegativeInventoryDetailsAfterActionCompleteQC</b><br>Test class: orderFlowNegative.TestsOrderFlowNegative</td>
<td><div><pre>java.lang.Throwable: Method orderFlowNegative.TestsOrderFlowNegative.testOrderFlowNegativeInventoryDetailsAfterActionCompleteQC() on instance orderFlowNegative.TestsOrderFlowNegative@4c583ecf depends on not successfully finished methods 
[orderFlowNegative.TestsOrderFlowNegative.testOrderFlowNegativeActionCompleteQC() on instance orderFlowNegative.TestsOrderFlowNegative@4c583ecf]
	at java.base/java.util.ArrayList.forEach(ArrayList.java:1511)
... Removed 22 stack frames</pre></div><a href='#' onClick='toggleBox("stack-trace348817596", this, "Click to show all stack frames", "Click to hide stack frames")'>Click to show all stack frames</a>
<div class='stack-trace' id='stack-trace348817596'><pre>java.lang.Throwable: Method orderFlowNegative.TestsOrderFlowNegative.testOrderFlowNegativeInventoryDetailsAfterActionCompleteQC() on instance orderFlowNegative.TestsOrderFlowNegative@4c583ecf depends on not successfully finished methods 
[orderFlowNegative.TestsOrderFlowNegative.testOrderFlowNegativeActionCompleteQC() on instance orderFlowNegative.TestsOrderFlowNegative@4c583ecf]
	at org.testng.internal.invokers.TestInvoker.invokeTestMethods(TestInvoker.java:159)
	at org.testng.internal.invokers.TestMethodWorker.invokeTestMethods(TestMethodWorker.java:154)
	at org.testng.internal.invokers.TestMethodWorker.run(TestMethodWorker.java:134)
	at java.base/java.util.ArrayList.forEach(ArrayList.java:1511)
	at org.testng.TestRunner.privateRun(TestRunner.java:739)
	at org.testng.TestRunner.run(TestRunner.java:614)
	at org.testng.SuiteRunner.runTest(SuiteRunner.java:421)
	at org.testng.SuiteRunner.runSequentially(SuiteRunner.java:413)
	at org.testng.SuiteRunner.privateRun(SuiteRunner.java:373)
	at org.testng.SuiteRunner.run(SuiteRunner.java:312)
	at org.testng.SuiteRunnerWorker.runSuite(SuiteRunnerWorker.java:52)
	at org.testng.SuiteRunnerWorker.run(SuiteRunnerWorker.java:95)
	at org.testng.TestNG.runSuitesSequentially(TestNG.java:1274)
	at org.testng.TestNG.runSuitesLocally(TestNG.java:1208)
	at org.testng.TestNG.runSuites(TestNG.java:1112)
	at org.testng.TestNG.run(TestNG.java:1079)
	at org.apache.maven.surefire.testng.TestNGExecutor.run(TestNGExecutor.java:308)
	at org.apache.maven.surefire.testng.TestNGXmlTestSuite.execute(TestNGXmlTestSuite.java:71)
	at org.apache.maven.surefire.testng.TestNGProvider.invoke(TestNGProvider.java:113)
	at org.apache.maven.surefire.booter.ForkedBooter.runSuitesInProcess(ForkedBooter.java:385)
	at org.apache.maven.surefire.booter.ForkedBooter.execute(ForkedBooter.java:162)
	at org.apache.maven.surefire.booter.ForkedBooter.run(ForkedBooter.java:507)
	at org.apache.maven.surefire.booter.ForkedBooter.main(ForkedBooter.java:495)
</pre></div></td>
<td>0</td>
<td>orderFlowNegative.TestsOrderFlowNegative@4c583ecf</td></tr>
<tr>
<td title='orderFlowNegative.TestsOrderFlowNegative.testOrderFlowNegativeAcceptItemQCReturn()'><b>testOrderFlowNegativeAcceptItemQCReturn</b><br>Test class: orderFlowNegative.TestsOrderFlowNegative</td>
<td><div><pre>java.lang.Throwable: Method orderFlowNegative.TestsOrderFlowNegative.testOrderFlowNegativeAcceptItemQCReturn() on instance orderFlowNegative.TestsOrderFlowNegative@4c583ecf depends on not successfully finished methods 
[orderFlowNegative.TestsOrderFlowNegative.testOrderFlowNegativeInventoryDetailsAfterActionCompleteQCReturn() on instance orderFlowNegative.TestsOrderFlowNegative@4c583ecf]
	at java.base/java.util.ArrayList.forEach(ArrayList.java:1511)
... Removed 22 stack frames</pre></div><a href='#' onClick='toggleBox("stack-trace621257072", this, "Click to show all stack frames", "Click to hide stack frames")'>Click to show all stack frames</a>
<div class='stack-trace' id='stack-trace621257072'><pre>java.lang.Throwable: Method orderFlowNegative.TestsOrderFlowNegative.testOrderFlowNegativeAcceptItemQCReturn() on instance orderFlowNegative.TestsOrderFlowNegative@4c583ecf depends on not successfully finished methods 
[orderFlowNegative.TestsOrderFlowNegative.testOrderFlowNegativeInventoryDetailsAfterActionCompleteQCReturn() on instance orderFlowNegative.TestsOrderFlowNegative@4c583ecf]
	at org.testng.internal.invokers.TestInvoker.invokeTestMethods(TestInvoker.java:159)
	at org.testng.internal.invokers.TestMethodWorker.invokeTestMethods(TestMethodWorker.java:154)
	at org.testng.internal.invokers.TestMethodWorker.run(TestMethodWorker.java:134)
	at java.base/java.util.ArrayList.forEach(ArrayList.java:1511)
	at org.testng.TestRunner.privateRun(TestRunner.java:739)
	at org.testng.TestRunner.run(TestRunner.java:614)
	at org.testng.SuiteRunner.runTest(SuiteRunner.java:421)
	at org.testng.SuiteRunner.runSequentially(SuiteRunner.java:413)
	at org.testng.SuiteRunner.privateRun(SuiteRunner.java:373)
	at org.testng.SuiteRunner.run(SuiteRunner.java:312)
	at org.testng.SuiteRunnerWorker.runSuite(SuiteRunnerWorker.java:52)
	at org.testng.SuiteRunnerWorker.run(SuiteRunnerWorker.java:95)
	at org.testng.TestNG.runSuitesSequentially(TestNG.java:1274)
	at org.testng.TestNG.runSuitesLocally(TestNG.java:1208)
	at org.testng.TestNG.runSuites(TestNG.java:1112)
	at org.testng.TestNG.run(TestNG.java:1079)
	at org.apache.maven.surefire.testng.TestNGExecutor.run(TestNGExecutor.java:308)
	at org.apache.maven.surefire.testng.TestNGXmlTestSuite.execute(TestNGXmlTestSuite.java:71)
	at org.apache.maven.surefire.testng.TestNGProvider.invoke(TestNGProvider.java:113)
	at org.apache.maven.surefire.booter.ForkedBooter.runSuitesInProcess(ForkedBooter.java:385)
	at org.apache.maven.surefire.booter.ForkedBooter.execute(ForkedBooter.java:162)
	at org.apache.maven.surefire.booter.ForkedBooter.run(ForkedBooter.java:507)
	at org.apache.maven.surefire.booter.ForkedBooter.main(ForkedBooter.java:495)
</pre></div></td>
<td>0</td>
<td>orderFlowNegative.TestsOrderFlowNegative@4c583ecf</td></tr>
<tr>
<td title='orderFlowNegative.TestsOrderFlowNegative.testOrderFlowNegativeInventoryDetailsAfterDeliver()'><b>testOrderFlowNegativeInventoryDetailsAfterDeliver</b><br>Test class: orderFlowNegative.TestsOrderFlowNegative</td>
<td><div><pre>java.lang.Throwable: Method orderFlowNegative.TestsOrderFlowNegative.testOrderFlowNegativeInventoryDetailsAfterDeliver() on instance orderFlowNegative.TestsOrderFlowNegative@4c583ecf depends on not successfully finished methods 
[orderFlowNegative.TestsOrderFlowNegative.testOrderFlowNegativeDeliver() on instance orderFlowNegative.TestsOrderFlowNegative@4c583ecf]
	at java.base/java.util.ArrayList.forEach(ArrayList.java:1511)
... Removed 22 stack frames</pre></div><a href='#' onClick='toggleBox("stack-trace721783805", this, "Click to show all stack frames", "Click to hide stack frames")'>Click to show all stack frames</a>
<div class='stack-trace' id='stack-trace721783805'><pre>java.lang.Throwable: Method orderFlowNegative.TestsOrderFlowNegative.testOrderFlowNegativeInventoryDetailsAfterDeliver() on instance orderFlowNegative.TestsOrderFlowNegative@4c583ecf depends on not successfully finished methods 
[orderFlowNegative.TestsOrderFlowNegative.testOrderFlowNegativeDeliver() on instance orderFlowNegative.TestsOrderFlowNegative@4c583ecf]
	at org.testng.internal.invokers.TestInvoker.invokeTestMethods(TestInvoker.java:159)
	at org.testng.internal.invokers.TestMethodWorker.invokeTestMethods(TestMethodWorker.java:154)
	at org.testng.internal.invokers.TestMethodWorker.run(TestMethodWorker.java:134)
	at java.base/java.util.ArrayList.forEach(ArrayList.java:1511)
	at org.testng.TestRunner.privateRun(TestRunner.java:739)
	at org.testng.TestRunner.run(TestRunner.java:614)
	at org.testng.SuiteRunner.runTest(SuiteRunner.java:421)
	at org.testng.SuiteRunner.runSequentially(SuiteRunner.java:413)
	at org.testng.SuiteRunner.privateRun(SuiteRunner.java:373)
	at org.testng.SuiteRunner.run(SuiteRunner.java:312)
	at org.testng.SuiteRunnerWorker.runSuite(SuiteRunnerWorker.java:52)
	at org.testng.SuiteRunnerWorker.run(SuiteRunnerWorker.java:95)
	at org.testng.TestNG.runSuitesSequentially(TestNG.java:1274)
	at org.testng.TestNG.runSuitesLocally(TestNG.java:1208)
	at org.testng.TestNG.runSuites(TestNG.java:1112)
	at org.testng.TestNG.run(TestNG.java:1079)
	at org.apache.maven.surefire.testng.TestNGExecutor.run(TestNGExecutor.java:308)
	at org.apache.maven.surefire.testng.TestNGXmlTestSuite.execute(TestNGXmlTestSuite.java:71)
	at org.apache.maven.surefire.testng.TestNGProvider.invoke(TestNGProvider.java:113)
	at org.apache.maven.surefire.booter.ForkedBooter.runSuitesInProcess(ForkedBooter.java:385)
	at org.apache.maven.surefire.booter.ForkedBooter.execute(ForkedBooter.java:162)
	at org.apache.maven.surefire.booter.ForkedBooter.run(ForkedBooter.java:507)
	at org.apache.maven.surefire.booter.ForkedBooter.main(ForkedBooter.java:495)
</pre></div></td>
<td>0</td>
<td>orderFlowNegative.TestsOrderFlowNegative@4c583ecf</td></tr>
<tr>
<td title='orderFlowPositive.TestsOrderFlowPositive.testOrderFlowPositiveAcceptItemQC()'><b>testOrderFlowPositiveAcceptItemQC</b><br>Test class: orderFlowPositive.TestsOrderFlowPositive</td>
<td><div><pre>java.lang.Throwable: Method orderFlowPositive.TestsOrderFlowPositive.testOrderFlowPositiveAcceptItemQC() on instance orderFlowPositive.TestsOrderFlowPositive@368f2016 depends on not successfully finished methods 
[orderFlowPositive.TestsOrderFlowPositive.testOrderFlowPositiveInventoryDetailsAfterActionCompleteQC() on instance orderFlowPositive.TestsOrderFlowPositive@368f2016]
	at java.base/java.util.ArrayList.forEach(ArrayList.java:1511)
... Removed 22 stack frames</pre></div><a href='#' onClick='toggleBox("stack-trace1141096440", this, "Click to show all stack frames", "Click to hide stack frames")'>Click to show all stack frames</a>
<div class='stack-trace' id='stack-trace1141096440'><pre>java.lang.Throwable: Method orderFlowPositive.TestsOrderFlowPositive.testOrderFlowPositiveAcceptItemQC() on instance orderFlowPositive.TestsOrderFlowPositive@368f2016 depends on not successfully finished methods 
[orderFlowPositive.TestsOrderFlowPositive.testOrderFlowPositiveInventoryDetailsAfterActionCompleteQC() on instance orderFlowPositive.TestsOrderFlowPositive@368f2016]
	at org.testng.internal.invokers.TestInvoker.invokeTestMethods(TestInvoker.java:159)
	at org.testng.internal.invokers.TestMethodWorker.invokeTestMethods(TestMethodWorker.java:154)
	at org.testng.internal.invokers.TestMethodWorker.run(TestMethodWorker.java:134)
	at java.base/java.util.ArrayList.forEach(ArrayList.java:1511)
	at org.testng.TestRunner.privateRun(TestRunner.java:739)
	at org.testng.TestRunner.run(TestRunner.java:614)
	at org.testng.SuiteRunner.runTest(SuiteRunner.java:421)
	at org.testng.SuiteRunner.runSequentially(SuiteRunner.java:413)
	at org.testng.SuiteRunner.privateRun(SuiteRunner.java:373)
	at org.testng.SuiteRunner.run(SuiteRunner.java:312)
	at org.testng.SuiteRunnerWorker.runSuite(SuiteRunnerWorker.java:52)
	at org.testng.SuiteRunnerWorker.run(SuiteRunnerWorker.java:95)
	at org.testng.TestNG.runSuitesSequentially(TestNG.java:1274)
	at org.testng.TestNG.runSuitesLocally(TestNG.java:1208)
	at org.testng.TestNG.runSuites(TestNG.java:1112)
	at org.testng.TestNG.run(TestNG.java:1079)
	at org.apache.maven.surefire.testng.TestNGExecutor.run(TestNGExecutor.java:308)
	at org.apache.maven.surefire.testng.TestNGXmlTestSuite.execute(TestNGXmlTestSuite.java:71)
	at org.apache.maven.surefire.testng.TestNGProvider.invoke(TestNGProvider.java:113)
	at org.apache.maven.surefire.booter.ForkedBooter.runSuitesInProcess(ForkedBooter.java:385)
	at org.apache.maven.surefire.booter.ForkedBooter.execute(ForkedBooter.java:162)
	at org.apache.maven.surefire.booter.ForkedBooter.run(ForkedBooter.java:507)
	at org.apache.maven.surefire.booter.ForkedBooter.main(ForkedBooter.java:495)
</pre></div></td>
<td>0</td>
<td>orderFlowPositive.TestsOrderFlowPositive@368f2016</td></tr>
<tr>
<td title='orderFlowPositive.TestsOrderFlowPositive.testOrderFlowPositiveInventoryDetailsAfterAcceptItemQC()'><b>testOrderFlowPositiveInventoryDetailsAfterAcceptItemQC</b><br>Test class: orderFlowPositive.TestsOrderFlowPositive</td>
<td><div><pre>java.lang.Throwable: Method orderFlowPositive.TestsOrderFlowPositive.testOrderFlowPositiveInventoryDetailsAfterAcceptItemQC() on instance orderFlowPositive.TestsOrderFlowPositive@368f2016 depends on not successfully finished methods 
[orderFlowPositive.TestsOrderFlowPositive.testOrderFlowPositiveAcceptItemQC() on instance orderFlowPositive.TestsOrderFlowPositive@368f2016]
	at java.base/java.util.ArrayList.forEach(ArrayList.java:1511)
... Removed 22 stack frames</pre></div><a href='#' onClick='toggleBox("stack-trace638743982", this, "Click to show all stack frames", "Click to hide stack frames")'>Click to show all stack frames</a>
<div class='stack-trace' id='stack-trace638743982'><pre>java.lang.Throwable: Method orderFlowPositive.TestsOrderFlowPositive.testOrderFlowPositiveInventoryDetailsAfterAcceptItemQC() on instance orderFlowPositive.TestsOrderFlowPositive@368f2016 depends on not successfully finished methods 
[orderFlowPositive.TestsOrderFlowPositive.testOrderFlowPositiveAcceptItemQC() on instance orderFlowPositive.TestsOrderFlowPositive@368f2016]
	at org.testng.internal.invokers.TestInvoker.invokeTestMethods(TestInvoker.java:159)
	at org.testng.internal.invokers.TestMethodWorker.invokeTestMethods(TestMethodWorker.java:154)
	at org.testng.internal.invokers.TestMethodWorker.run(TestMethodWorker.java:134)
	at java.base/java.util.ArrayList.forEach(ArrayList.java:1511)
	at org.testng.TestRunner.privateRun(TestRunner.java:739)
	at org.testng.TestRunner.run(TestRunner.java:614)
	at org.testng.SuiteRunner.runTest(SuiteRunner.java:421)
	at org.testng.SuiteRunner.runSequentially(SuiteRunner.java:413)
	at org.testng.SuiteRunner.privateRun(SuiteRunner.java:373)
	at org.testng.SuiteRunner.run(SuiteRunner.java:312)
	at org.testng.SuiteRunnerWorker.runSuite(SuiteRunnerWorker.java:52)
	at org.testng.SuiteRunnerWorker.run(SuiteRunnerWorker.java:95)
	at org.testng.TestNG.runSuitesSequentially(TestNG.java:1274)
	at org.testng.TestNG.runSuitesLocally(TestNG.java:1208)
	at org.testng.TestNG.runSuites(TestNG.java:1112)
	at org.testng.TestNG.run(TestNG.java:1079)
	at org.apache.maven.surefire.testng.TestNGExecutor.run(TestNGExecutor.java:308)
	at org.apache.maven.surefire.testng.TestNGXmlTestSuite.execute(TestNGXmlTestSuite.java:71)
	at org.apache.maven.surefire.testng.TestNGProvider.invoke(TestNGProvider.java:113)
	at org.apache.maven.surefire.booter.ForkedBooter.runSuitesInProcess(ForkedBooter.java:385)
	at org.apache.maven.surefire.booter.ForkedBooter.execute(ForkedBooter.java:162)
	at org.apache.maven.surefire.booter.ForkedBooter.run(ForkedBooter.java:507)
	at org.apache.maven.surefire.booter.ForkedBooter.main(ForkedBooter.java:495)
</pre></div></td>
<td>0</td>
<td>orderFlowPositive.TestsOrderFlowPositive@368f2016</td></tr>
<tr>
<td title='orderFlowNegative.TestsOrderFlowNegative.testOrderFlowNegativeActionCompleteQCReturn()'><b>testOrderFlowNegativeActionCompleteQCReturn</b><br>Test class: orderFlowNegative.TestsOrderFlowNegative</td>
<td><div><pre>java.lang.Throwable: Method orderFlowNegative.TestsOrderFlowNegative.testOrderFlowNegativeActionCompleteQCReturn() on instance orderFlowNegative.TestsOrderFlowNegative@4c583ecf depends on not successfully finished methods 
[orderFlowNegative.TestsOrderFlowNegative.testOrderFlowNegativeInventoryAfterDetailsOrderIdReturn() on instance orderFlowNegative.TestsOrderFlowNegative@4c583ecf]
	at java.base/java.util.ArrayList.forEach(ArrayList.java:1511)
... Removed 22 stack frames</pre></div><a href='#' onClick='toggleBox("stack-trace1409422014", this, "Click to show all stack frames", "Click to hide stack frames")'>Click to show all stack frames</a>
<div class='stack-trace' id='stack-trace1409422014'><pre>java.lang.Throwable: Method orderFlowNegative.TestsOrderFlowNegative.testOrderFlowNegativeActionCompleteQCReturn() on instance orderFlowNegative.TestsOrderFlowNegative@4c583ecf depends on not successfully finished methods 
[orderFlowNegative.TestsOrderFlowNegative.testOrderFlowNegativeInventoryAfterDetailsOrderIdReturn() on instance orderFlowNegative.TestsOrderFlowNegative@4c583ecf]
	at org.testng.internal.invokers.TestInvoker.invokeTestMethods(TestInvoker.java:159)
	at org.testng.internal.invokers.TestMethodWorker.invokeTestMethods(TestMethodWorker.java:154)
	at org.testng.internal.invokers.TestMethodWorker.run(TestMethodWorker.java:134)
	at java.base/java.util.ArrayList.forEach(ArrayList.java:1511)
	at org.testng.TestRunner.privateRun(TestRunner.java:739)
	at org.testng.TestRunner.run(TestRunner.java:614)
	at org.testng.SuiteRunner.runTest(SuiteRunner.java:421)
	at org.testng.SuiteRunner.runSequentially(SuiteRunner.java:413)
	at org.testng.SuiteRunner.privateRun(SuiteRunner.java:373)
	at org.testng.SuiteRunner.run(SuiteRunner.java:312)
	at org.testng.SuiteRunnerWorker.runSuite(SuiteRunnerWorker.java:52)
	at org.testng.SuiteRunnerWorker.run(SuiteRunnerWorker.java:95)
	at org.testng.TestNG.runSuitesSequentially(TestNG.java:1274)
	at org.testng.TestNG.runSuitesLocally(TestNG.java:1208)
	at org.testng.TestNG.runSuites(TestNG.java:1112)
	at org.testng.TestNG.run(TestNG.java:1079)
	at org.apache.maven.surefire.testng.TestNGExecutor.run(TestNGExecutor.java:308)
	at org.apache.maven.surefire.testng.TestNGXmlTestSuite.execute(TestNGXmlTestSuite.java:71)
	at org.apache.maven.surefire.testng.TestNGProvider.invoke(TestNGProvider.java:113)
	at org.apache.maven.surefire.booter.ForkedBooter.runSuitesInProcess(ForkedBooter.java:385)
	at org.apache.maven.surefire.booter.ForkedBooter.execute(ForkedBooter.java:162)
	at org.apache.maven.surefire.booter.ForkedBooter.run(ForkedBooter.java:507)
	at org.apache.maven.surefire.booter.ForkedBooter.main(ForkedBooter.java:495)
</pre></div></td>
<td>0</td>
<td>orderFlowNegative.TestsOrderFlowNegative@4c583ecf</td></tr>
</table><p>
</body>
</html>