<?xml version="1.0" encoding="UTF-8"?>
<testsuite xmlns:xsi="http://www.w3.org/2001/XMLSchema-instance" xsi:noNamespaceSchemaLocation="https://maven.apache.org/surefire/maven-surefire-plugin/xsd/surefire-test-report.xsd" version="3.0.2" name="TestSuite" time="48.159" tests="75" errors="0" skipped="28" failures="3">
  <properties>
    <property name="java.specification.version" value="17"/>
    <property name="sun.jnu.encoding" value="UTF-8"/>
    <property name="java.class.path" value="/Users/admin/UATParas/ParasUAT/ParasUATProject/target/test-classes:/Users/admin/UATParas/ParasUAT/ParasUATProject/target/classes:/Users/admin/.m2/repository/com/sun/mail/javax.mail/1.6.2/javax.mail-1.6.2.jar:/Users/admin/.m2/repository/javax/activation/activation/1.1/activation-1.1.jar:/Users/admin/.m2/repository/org/projectlombok/lombok/1.18.24/lombok-1.18.24.jar:/Users/admin/.m2/repository/org/testng/testng/7.10.2/testng-7.10.2.jar:/Users/admin/.m2/repository/org/slf4j/slf4j-api/1.7.36/slf4j-api-1.7.36.jar:/Users/admin/.m2/repository/com/beust/jcommander/1.82/jcommander-1.82.jar:/Users/admin/.m2/repository/org/webjars/jquery/3.7.1/jquery-3.7.1.jar:/Users/admin/.m2/repository/io/rest-assured/rest-assured/5.5.0/rest-assured-5.5.0.jar:/Users/admin/.m2/repository/org/apache/groovy/groovy/4.0.22/groovy-4.0.22.jar:/Users/admin/.m2/repository/org/apache/groovy/groovy-xml/4.0.22/groovy-xml-4.0.22.jar:/Users/admin/.m2/repository/org/apache/httpcomponents/httpclient/4.5.13/httpclient-4.5.13.jar:/Users/admin/.m2/repository/org/apache/httpcomponents/httpcore/4.4.13/httpcore-4.4.13.jar:/Users/admin/.m2/repository/commons-logging/commons-logging/1.2/commons-logging-1.2.jar:/Users/admin/.m2/repository/org/apache/httpcomponents/httpmime/4.5.13/httpmime-4.5.13.jar:/Users/admin/.m2/repository/org/hamcrest/hamcrest/2.2/hamcrest-2.2.jar:/Users/admin/.m2/repository/org/ccil/cowan/tagsoup/tagsoup/1.2.1/tagsoup-1.2.1.jar:/Users/admin/.m2/repository/org/apache/logging/log4j/log4j-api/2.3.2/log4j-api-2.3.2.jar:/Users/admin/.m2/repository/org/apache/logging/log4j/log4j-core/2.3.2/log4j-core-2.3.2.jar:/Users/admin/.m2/repository/ch/qos/logback/logback-classic/1.2.6/logback-classic-1.2.6.jar:/Users/admin/.m2/repository/ch/qos/logback/logback-core/1.2.6/logback-core-1.2.6.jar:/Users/admin/.m2/repository/com/github/scribejava/scribejava-apis/8.3.1/scribejava-apis-8.3.1.jar:/Users/admin/.m2/repository/com/github/scribejava/scribejava-core/8.3.1/scribejava-core-8.3.1.jar:/Users/admin/.m2/repository/com/github/scribejava/scribejava-java8/8.3.1/scribejava-java8-8.3.1.jar:/Users/admin/.m2/repository/com/fasterxml/jackson/core/jackson-databind/2.12.3/jackson-databind-2.12.3.jar:/Users/admin/.m2/repository/com/fasterxml/jackson/core/jackson-annotations/2.12.3/jackson-annotations-2.12.3.jar:/Users/admin/.m2/repository/com/fasterxml/jackson/core/jackson-core/2.12.3/jackson-core-2.12.3.jar:/Users/admin/.m2/repository/com/github/java-json-tools/json-schema-validator/2.2.14/json-schema-validator-2.2.14.jar:/Users/admin/.m2/repository/com/google/guava/guava/28.2-android/guava-28.2-android.jar:/Users/admin/.m2/repository/com/google/guava/failureaccess/1.0.1/failureaccess-1.0.1.jar:/Users/admin/.m2/repository/com/google/guava/listenablefuture/9999.0-empty-to-avoid-conflict-with-guava/listenablefuture-9999.0-empty-to-avoid-conflict-with-guava.jar:/Users/admin/.m2/repository/org/checkerframework/checker-compat-qual/2.5.5/checker-compat-qual-2.5.5.jar:/Users/admin/.m2/repository/com/google/j2objc/j2objc-annotations/1.3/j2objc-annotations-1.3.jar:/Users/admin/.m2/repository/com/github/java-json-tools/jackson-coreutils-equivalence/1.0/jackson-coreutils-equivalence-1.0.jar:/Users/admin/.m2/repository/com/github/java-json-tools/jackson-coreutils/2.0/jackson-coreutils-2.0.jar:/Users/admin/.m2/repository/com/github/java-json-tools/msg-simple/1.2/msg-simple-1.2.jar:/Users/admin/.m2/repository/com/github/java-json-tools/btf/1.3/btf-1.3.jar:/Users/admin/.m2/repository/com/github/java-json-tools/json-schema-core/1.2.14/json-schema-core-1.2.14.jar:/Users/admin/.m2/repository/com/github/java-json-tools/uri-template/0.10/uri-template-0.10.jar:/Users/admin/.m2/repository/org/mozilla/rhino/1.7.7.2/rhino-1.7.7.2.jar:/Users/admin/.m2/repository/com/sun/mail/mailapi/1.6.2/mailapi-1.6.2.jar:/Users/admin/.m2/repository/joda-time/joda-time/2.10.5/joda-time-2.10.5.jar:/Users/admin/.m2/repository/com/googlecode/libphonenumber/libphonenumber/8.11.1/libphonenumber-8.11.1.jar:/Users/admin/.m2/repository/com/google/code/findbugs/jsr305/3.0.2/jsr305-3.0.2.jar:/Users/admin/.m2/repository/net/sf/jopt-simple/jopt-simple/5.0.4/jopt-simple-5.0.4.jar:/Users/admin/.m2/repository/io/rest-assured/json-schema-validator/5.3.0/json-schema-validator-5.3.0.jar:/Users/admin/.m2/repository/com/aventstack/extentreports/5.0.9/extentreports-5.0.9.jar:/Users/admin/.m2/repository/io/reactivex/rxjava3/rxjava/3.0.4/rxjava-3.0.4.jar:/Users/admin/.m2/repository/org/reactivestreams/reactive-streams/1.0.3/reactive-streams-1.0.3.jar:/Users/admin/.m2/repository/org/freemarker/freemarker/2.3.30/freemarker-2.3.30.jar:/Users/admin/.m2/repository/org/apache/poi/poi/5.2.5/poi-5.2.5.jar:/Users/admin/.m2/repository/commons-codec/commons-codec/1.16.0/commons-codec-1.16.0.jar:/Users/admin/.m2/repository/org/apache/commons/commons-collections4/4.4/commons-collections4-4.4.jar:/Users/admin/.m2/repository/org/apache/commons/commons-math3/3.6.1/commons-math3-3.6.1.jar:/Users/admin/.m2/repository/commons-io/commons-io/2.15.0/commons-io-2.15.0.jar:/Users/admin/.m2/repository/com/zaxxer/SparseBitSet/1.3/SparseBitSet-1.3.jar:/Users/admin/.m2/repository/org/apache/poi/poi-ooxml/5.3.0/poi-ooxml-5.3.0.jar:/Users/admin/.m2/repository/org/apache/poi/poi-ooxml-lite/5.3.0/poi-ooxml-lite-5.3.0.jar:/Users/admin/.m2/repository/org/apache/xmlbeans/xmlbeans/5.2.1/xmlbeans-5.2.1.jar:/Users/admin/.m2/repository/org/apache/commons/commons-compress/1.26.2/commons-compress-1.26.2.jar:/Users/admin/.m2/repository/com/github/virtuald/curvesapi/1.08/curvesapi-1.08.jar:/Users/admin/.m2/repository/com/github/javafaker/javafaker/1.0.2/javafaker-1.0.2.jar:/Users/admin/.m2/repository/org/apache/commons/commons-lang3/3.5/commons-lang3-3.5.jar:/Users/admin/.m2/repository/org/yaml/snakeyaml/1.23/snakeyaml-1.23-android.jar:/Users/admin/.m2/repository/com/github/mifmif/generex/1.0.2/generex-1.0.2.jar:/Users/admin/.m2/repository/dk/brics/automaton/automaton/1.11-8/automaton-1.11-8.jar:/Users/admin/.m2/repository/org/json/json/20240303/json-20240303.jar:/Users/admin/.m2/repository/io/rest-assured/json-path/5.5.0/json-path-5.5.0.jar:/Users/admin/.m2/repository/org/apache/groovy/groovy-json/4.0.22/groovy-json-4.0.22.jar:/Users/admin/.m2/repository/io/rest-assured/rest-assured-common/5.5.0/rest-assured-common-5.5.0.jar:/Users/admin/.m2/repository/com/googlecode/json-simple/json-simple/1.1.1/json-simple-1.1.1.jar:/Users/admin/.m2/repository/junit/junit/4.10/junit-4.10.jar:/Users/admin/.m2/repository/org/hamcrest/hamcrest-core/1.1/hamcrest-core-1.1.jar:/Users/admin/.m2/repository/io/rest-assured/xml-path/5.5.0/xml-path-5.5.0.jar:/Users/admin/.m2/repository/com/google/code/gson/gson/2.11.0/gson-2.11.0.jar:/Users/admin/.m2/repository/com/google/errorprone/error_prone_annotations/2.27.0/error_prone_annotations-2.27.0.jar:"/>
    <property name="java.vm.vendor" value="Amazon.com Inc."/>
    <property name="sun.arch.data.model" value="64"/>
    <property name="java.vendor.url" value="https://aws.amazon.com/corretto/"/>
    <property name="user.timezone" value="Asia/Kolkata"/>
    <property name="os.name" value="Mac OS X"/>
    <property name="java.vm.specification.version" value="17"/>
    <property name="sun.java.launcher" value="SUN_STANDARD"/>
    <property name="user.country" value="GB"/>
    <property name="sun.boot.library.path" value="/Users/admin/Library/Java/JavaVirtualMachines/corretto-17.0.12/Contents/Home/lib"/>
    <property name="sun.java.command" value="/Users/admin/UATParas/ParasUAT/ParasUATProject/target/surefire/surefirebooter-20250106195139393_3.jar /Users/admin/UATParas/ParasUAT/ParasUATProject/target/surefire 2025-01-06T19-51-39_235-jvmRun1 surefire-20250106195139393_1tmp surefire_0-20250106195139393_2tmp"/>
    <property name="http.nonProxyHosts" value="local|*.local|169.254/16|*.169.254/16"/>
    <property name="jdk.debug" value="release"/>
    <property name="surefire.test.class.path" value="/Users/admin/UATParas/ParasUAT/ParasUATProject/target/test-classes:/Users/admin/UATParas/ParasUAT/ParasUATProject/target/classes:/Users/admin/.m2/repository/com/sun/mail/javax.mail/1.6.2/javax.mail-1.6.2.jar:/Users/admin/.m2/repository/javax/activation/activation/1.1/activation-1.1.jar:/Users/admin/.m2/repository/org/projectlombok/lombok/1.18.24/lombok-1.18.24.jar:/Users/admin/.m2/repository/org/testng/testng/7.10.2/testng-7.10.2.jar:/Users/admin/.m2/repository/org/slf4j/slf4j-api/1.7.36/slf4j-api-1.7.36.jar:/Users/admin/.m2/repository/com/beust/jcommander/1.82/jcommander-1.82.jar:/Users/admin/.m2/repository/org/webjars/jquery/3.7.1/jquery-3.7.1.jar:/Users/admin/.m2/repository/io/rest-assured/rest-assured/5.5.0/rest-assured-5.5.0.jar:/Users/admin/.m2/repository/org/apache/groovy/groovy/4.0.22/groovy-4.0.22.jar:/Users/admin/.m2/repository/org/apache/groovy/groovy-xml/4.0.22/groovy-xml-4.0.22.jar:/Users/admin/.m2/repository/org/apache/httpcomponents/httpclient/4.5.13/httpclient-4.5.13.jar:/Users/admin/.m2/repository/org/apache/httpcomponents/httpcore/4.4.13/httpcore-4.4.13.jar:/Users/admin/.m2/repository/commons-logging/commons-logging/1.2/commons-logging-1.2.jar:/Users/admin/.m2/repository/org/apache/httpcomponents/httpmime/4.5.13/httpmime-4.5.13.jar:/Users/admin/.m2/repository/org/hamcrest/hamcrest/2.2/hamcrest-2.2.jar:/Users/admin/.m2/repository/org/ccil/cowan/tagsoup/tagsoup/1.2.1/tagsoup-1.2.1.jar:/Users/admin/.m2/repository/org/apache/logging/log4j/log4j-api/2.3.2/log4j-api-2.3.2.jar:/Users/admin/.m2/repository/org/apache/logging/log4j/log4j-core/2.3.2/log4j-core-2.3.2.jar:/Users/admin/.m2/repository/ch/qos/logback/logback-classic/1.2.6/logback-classic-1.2.6.jar:/Users/admin/.m2/repository/ch/qos/logback/logback-core/1.2.6/logback-core-1.2.6.jar:/Users/admin/.m2/repository/com/github/scribejava/scribejava-apis/8.3.1/scribejava-apis-8.3.1.jar:/Users/admin/.m2/repository/com/github/scribejava/scribejava-core/8.3.1/scribejava-core-8.3.1.jar:/Users/admin/.m2/repository/com/github/scribejava/scribejava-java8/8.3.1/scribejava-java8-8.3.1.jar:/Users/admin/.m2/repository/com/fasterxml/jackson/core/jackson-databind/2.12.3/jackson-databind-2.12.3.jar:/Users/admin/.m2/repository/com/fasterxml/jackson/core/jackson-annotations/2.12.3/jackson-annotations-2.12.3.jar:/Users/admin/.m2/repository/com/fasterxml/jackson/core/jackson-core/2.12.3/jackson-core-2.12.3.jar:/Users/admin/.m2/repository/com/github/java-json-tools/json-schema-validator/2.2.14/json-schema-validator-2.2.14.jar:/Users/admin/.m2/repository/com/google/guava/guava/28.2-android/guava-28.2-android.jar:/Users/admin/.m2/repository/com/google/guava/failureaccess/1.0.1/failureaccess-1.0.1.jar:/Users/admin/.m2/repository/com/google/guava/listenablefuture/9999.0-empty-to-avoid-conflict-with-guava/listenablefuture-9999.0-empty-to-avoid-conflict-with-guava.jar:/Users/admin/.m2/repository/org/checkerframework/checker-compat-qual/2.5.5/checker-compat-qual-2.5.5.jar:/Users/admin/.m2/repository/com/google/j2objc/j2objc-annotations/1.3/j2objc-annotations-1.3.jar:/Users/admin/.m2/repository/com/github/java-json-tools/jackson-coreutils-equivalence/1.0/jackson-coreutils-equivalence-1.0.jar:/Users/admin/.m2/repository/com/github/java-json-tools/jackson-coreutils/2.0/jackson-coreutils-2.0.jar:/Users/admin/.m2/repository/com/github/java-json-tools/msg-simple/1.2/msg-simple-1.2.jar:/Users/admin/.m2/repository/com/github/java-json-tools/btf/1.3/btf-1.3.jar:/Users/admin/.m2/repository/com/github/java-json-tools/json-schema-core/1.2.14/json-schema-core-1.2.14.jar:/Users/admin/.m2/repository/com/github/java-json-tools/uri-template/0.10/uri-template-0.10.jar:/Users/admin/.m2/repository/org/mozilla/rhino/1.7.7.2/rhino-1.7.7.2.jar:/Users/admin/.m2/repository/com/sun/mail/mailapi/1.6.2/mailapi-1.6.2.jar:/Users/admin/.m2/repository/joda-time/joda-time/2.10.5/joda-time-2.10.5.jar:/Users/admin/.m2/repository/com/googlecode/libphonenumber/libphonenumber/8.11.1/libphonenumber-8.11.1.jar:/Users/admin/.m2/repository/com/google/code/findbugs/jsr305/3.0.2/jsr305-3.0.2.jar:/Users/admin/.m2/repository/net/sf/jopt-simple/jopt-simple/5.0.4/jopt-simple-5.0.4.jar:/Users/admin/.m2/repository/io/rest-assured/json-schema-validator/5.3.0/json-schema-validator-5.3.0.jar:/Users/admin/.m2/repository/com/aventstack/extentreports/5.0.9/extentreports-5.0.9.jar:/Users/admin/.m2/repository/io/reactivex/rxjava3/rxjava/3.0.4/rxjava-3.0.4.jar:/Users/admin/.m2/repository/org/reactivestreams/reactive-streams/1.0.3/reactive-streams-1.0.3.jar:/Users/admin/.m2/repository/org/freemarker/freemarker/2.3.30/freemarker-2.3.30.jar:/Users/admin/.m2/repository/org/apache/poi/poi/5.2.5/poi-5.2.5.jar:/Users/admin/.m2/repository/commons-codec/commons-codec/1.16.0/commons-codec-1.16.0.jar:/Users/admin/.m2/repository/org/apache/commons/commons-collections4/4.4/commons-collections4-4.4.jar:/Users/admin/.m2/repository/org/apache/commons/commons-math3/3.6.1/commons-math3-3.6.1.jar:/Users/admin/.m2/repository/commons-io/commons-io/2.15.0/commons-io-2.15.0.jar:/Users/admin/.m2/repository/com/zaxxer/SparseBitSet/1.3/SparseBitSet-1.3.jar:/Users/admin/.m2/repository/org/apache/poi/poi-ooxml/5.3.0/poi-ooxml-5.3.0.jar:/Users/admin/.m2/repository/org/apache/poi/poi-ooxml-lite/5.3.0/poi-ooxml-lite-5.3.0.jar:/Users/admin/.m2/repository/org/apache/xmlbeans/xmlbeans/5.2.1/xmlbeans-5.2.1.jar:/Users/admin/.m2/repository/org/apache/commons/commons-compress/1.26.2/commons-compress-1.26.2.jar:/Users/admin/.m2/repository/com/github/virtuald/curvesapi/1.08/curvesapi-1.08.jar:/Users/admin/.m2/repository/com/github/javafaker/javafaker/1.0.2/javafaker-1.0.2.jar:/Users/admin/.m2/repository/org/apache/commons/commons-lang3/3.5/commons-lang3-3.5.jar:/Users/admin/.m2/repository/org/yaml/snakeyaml/1.23/snakeyaml-1.23-android.jar:/Users/admin/.m2/repository/com/github/mifmif/generex/1.0.2/generex-1.0.2.jar:/Users/admin/.m2/repository/dk/brics/automaton/automaton/1.11-8/automaton-1.11-8.jar:/Users/admin/.m2/repository/org/json/json/20240303/json-20240303.jar:/Users/admin/.m2/repository/io/rest-assured/json-path/5.5.0/json-path-5.5.0.jar:/Users/admin/.m2/repository/org/apache/groovy/groovy-json/4.0.22/groovy-json-4.0.22.jar:/Users/admin/.m2/repository/io/rest-assured/rest-assured-common/5.5.0/rest-assured-common-5.5.0.jar:/Users/admin/.m2/repository/com/googlecode/json-simple/json-simple/1.1.1/json-simple-1.1.1.jar:/Users/admin/.m2/repository/junit/junit/4.10/junit-4.10.jar:/Users/admin/.m2/repository/org/hamcrest/hamcrest-core/1.1/hamcrest-core-1.1.jar:/Users/admin/.m2/repository/io/rest-assured/xml-path/5.5.0/xml-path-5.5.0.jar:/Users/admin/.m2/repository/com/google/code/gson/gson/2.11.0/gson-2.11.0.jar:/Users/admin/.m2/repository/com/google/errorprone/error_prone_annotations/2.27.0/error_prone_annotations-2.27.0.jar:"/>
    <property name="sun.cpu.endian" value="little"/>
    <property name="user.home" value="/Users/admin"/>
    <property name="user.language" value="en"/>
    <property name="java.specification.vendor" value="Oracle Corporation"/>
    <property name="java.version.date" value="2024-07-16"/>
    <property name="java.home" value="/Users/admin/Library/Java/JavaVirtualMachines/corretto-17.0.12/Contents/Home"/>
    <property name="file.separator" value="/"/>
    <property name="style.color" value="always"/>
    <property name="basedir" value="/Users/admin/UATParas/ParasUAT/ParasUATProject"/>
    <property name="java.vm.compressedOopsMode" value="Zero based"/>
    <property name="line.separator" value="&#10;"/>
    <property name="java.vm.specification.vendor" value="Oracle Corporation"/>
    <property name="java.specification.name" value="Java Platform API Specification"/>
    <property name="surefire.real.class.path" value="/Users/admin/UATParas/ParasUAT/ParasUATProject/target/surefire/surefirebooter-20250106195139393_3.jar"/>
    <property name="sun.management.compiler" value="HotSpot 64-Bit Tiered Compilers"/>
    <property name="ftp.nonProxyHosts" value="local|*.local|169.254/16|*.169.254/16"/>
    <property name="java.runtime.version" value="17.0.12+7-LTS"/>
    <property name="user.name" value="admin"/>
    <property name="path.separator" value=":"/>
    <property name="os.version" value="13.7.2"/>
    <property name="java.runtime.name" value="OpenJDK Runtime Environment"/>
    <property name="file.encoding" value="UTF-8"/>
    <property name="java.vm.name" value="OpenJDK 64-Bit Server VM"/>
    <property name="java.vendor.version" value="Corretto-17.0.12.7.1"/>
    <property name="localRepository" value="/Users/admin/.m2/repository"/>
    <property name="java.vendor.url.bug" value="https://github.com/corretto/corretto-17/issues/"/>
    <property name="java.io.tmpdir" value="/var/folders/74/nr_b2kmd7h31285ff_nl0f080000gn/T/"/>
    <property name="java.version" value="17.0.12"/>
    <property name="user.dir" value="/Users/admin/UATParas/ParasUAT/ParasUATProject"/>
    <property name="os.arch" value="x86_64"/>
    <property name="java.vm.specification.name" value="Java Virtual Machine Specification"/>
    <property name="native.encoding" value="UTF-8"/>
    <property name="java.library.path" value="/Users/admin/Library/Java/Extensions:/Library/Java/Extensions:/Network/Library/Java/Extensions:/System/Library/Java/Extensions:/usr/lib/java:."/>
    <property name="java.vm.info" value="mixed mode, sharing"/>
    <property name="java.vendor" value="Amazon.com Inc."/>
    <property name="java.vm.version" value="17.0.12+7-LTS"/>
    <property name="sun.io.unicode.encoding" value="UnicodeBig"/>
    <property name="socksNonProxyHosts" value="local|*.local|169.254/16|*.169.254/16"/>
    <property name="java.class.version" value="61.0"/>
  </properties>
  <testcase name="testOrderFlowGenerateToken" classname="bearerTokenGenerate.TestsBearerTokenGenerate" time="2.902">
    <system-out><![CDATA[19:51:40.256 [main] DEBUG org.testng.TestNG - suiteXmlPath: "/Users/admin/UATParas/ParasUAT/ParasUATProject/testngAll.xml"
Starting report generation...
Report initialization completed.
]]></system-out>
  </testcase>
  <testcase name="testOrderFlowPositiveInventoryDetailsBeforeCreateOrder" classname="orderFlowPositive.TestsOrderFlowPositive" time="0.816"/>
  <testcase name="testOrderFlowPositivecreateOrder" classname="orderFlowPositive.TestsOrderFlowPositive" time="0.77"/>
  <testcase name="testOrderFlowPositiveInventoryDetailsAfterCreateOrder" classname="orderFlowPositive.TestsOrderFlowPositive" time="0.721"/>
  <testcase name="testOrderFlowPositiveBatchAssign" classname="orderFlowPositive.TestsOrderFlowPositive" time="0.363"/>
  <testcase name="testOrderFlowPositiveInventoryDetailsAfterBatchAssign" classname="orderFlowPositive.TestsOrderFlowPositive" time="0.33"/>
  <testcase name="testOrderFlowPositiveMarkPacked" classname="orderFlowPositive.TestsOrderFlowPositive" time="0.254"/>
  <testcase name="testOrderFlowPositiveInventoryDetailsAfterMarkPacked" classname="orderFlowPositive.TestsOrderFlowPositive" time="0.345"/>
  <testcase name="testOrderFlowPositiveCreateShipment" classname="orderFlowPositive.TestsOrderFlowPositive" time="0.596"/>
  <testcase name="testOrderFlowPositiveInventoryDetailsAfterCreateShipment" classname="orderFlowPositive.TestsOrderFlowPositive" time="0.282"/>
  <testcase name="testOrderFlowPositiveDispatch" classname="orderFlowPositive.TestsOrderFlowPositive" time="0.289"/>
  <testcase name="testOrderFlowPositiveInventoryDetailsAfterDispatch" classname="orderFlowPositive.TestsOrderFlowPositive" time="0.322"/>
  <testcase name="testOrderFlowPositiveInvoiceNumber" classname="orderFlowPositive.TestsOrderFlowPositive" time="0.338"/>
  <testcase name="testOrderFlowPositiveInventoryDetailsAfterInvoiceNumber" classname="orderFlowPositive.TestsOrderFlowPositive" time="0.327"/>
  <testcase name="testOrderFlowPositiveDeliver" classname="orderFlowPositive.TestsOrderFlowPositive" time="0.241">
    <failure message="Test failed due to unexpected status code: 400" type="java.lang.AssertionError"><![CDATA[java.lang.AssertionError: Test failed due to unexpected status code: 400
	at org.testng.Assert.fail(Assert.java:111)
	at allCommonData.TestHelper.validateStatusCode(TestHelper.java:21)
	at orderFlowPositive.TestsOrderFlowPositive.testOrderFlowPositiveDeliver(TestsOrderFlowPositive.java:565)
	at java.base/jdk.internal.reflect.NativeMethodAccessorImpl.invoke0(Native Method)
	at java.base/jdk.internal.reflect.NativeMethodAccessorImpl.invoke(NativeMethodAccessorImpl.java:77)
	at java.base/jdk.internal.reflect.DelegatingMethodAccessorImpl.invoke(DelegatingMethodAccessorImpl.java:43)
	at java.base/java.lang.reflect.Method.invoke(Method.java:569)
	at org.testng.internal.invokers.MethodInvocationHelper.invokeMethod(MethodInvocationHelper.java:141)
	at org.testng.internal.invokers.TestInvoker.invokeMethod(TestInvoker.java:686)
	at org.testng.internal.invokers.TestInvoker.invokeTestMethod(TestInvoker.java:230)
	at org.testng.internal.invokers.MethodRunner.runInSequence(MethodRunner.java:63)
	at org.testng.internal.invokers.TestInvoker$MethodInvocationAgent.invoke(TestInvoker.java:992)
	at org.testng.internal.invokers.TestInvoker.invokeTestMethods(TestInvoker.java:203)
	at org.testng.internal.invokers.TestMethodWorker.invokeTestMethods(TestMethodWorker.java:154)
	at org.testng.internal.invokers.TestMethodWorker.run(TestMethodWorker.java:134)
	at java.base/java.util.ArrayList.forEach(ArrayList.java:1511)
	at org.testng.TestRunner.privateRun(TestRunner.java:739)
	at org.testng.TestRunner.run(TestRunner.java:614)
	at org.testng.SuiteRunner.runTest(SuiteRunner.java:421)
	at org.testng.SuiteRunner.runSequentially(SuiteRunner.java:413)
	at org.testng.SuiteRunner.privateRun(SuiteRunner.java:373)
	at org.testng.SuiteRunner.run(SuiteRunner.java:312)
	at org.testng.SuiteRunnerWorker.runSuite(SuiteRunnerWorker.java:52)
	at org.testng.SuiteRunnerWorker.run(SuiteRunnerWorker.java:95)
	at org.testng.TestNG.runSuitesSequentially(TestNG.java:1274)
	at org.testng.TestNG.runSuitesLocally(TestNG.java:1208)
	at org.testng.TestNG.runSuites(TestNG.java:1112)
	at org.testng.TestNG.run(TestNG.java:1079)
	at org.apache.maven.surefire.testng.TestNGExecutor.run(TestNGExecutor.java:308)
	at org.apache.maven.surefire.testng.TestNGXmlTestSuite.execute(TestNGXmlTestSuite.java:71)
	at org.apache.maven.surefire.testng.TestNGProvider.invoke(TestNGProvider.java:113)
	at org.apache.maven.surefire.booter.ForkedBooter.runSuitesInProcess(ForkedBooter.java:385)
	at org.apache.maven.surefire.booter.ForkedBooter.execute(ForkedBooter.java:162)
	at org.apache.maven.surefire.booter.ForkedBooter.run(ForkedBooter.java:507)
	at org.apache.maven.surefire.booter.ForkedBooter.main(ForkedBooter.java:495)
]]></failure>
  </testcase>
  <testcase name="testOrderFlowPositiveInventoryDetailsAfterDeliver" classname="orderFlowPositive.TestsOrderFlowPositive" time="0.0">
    <skipped message="Method orderFlowPositive.TestsOrderFlowPositive.testOrderFlowPositiveInventoryDetailsAfterDeliver() on instance orderFlowPositive.TestsOrderFlowPositive@368f2016 depends on not successfully finished methods &#10;[orderFlowPositive.TestsOrderFlowPositive.testOrderFlowPositiveDeliver() on instance orderFlowPositive.TestsOrderFlowPositive@368f2016]"/>
  </testcase>
  <testcase name="testOrderFlowPositiveActionCompleteQC" classname="orderFlowPositive.TestsOrderFlowPositive" time="0.0">
    <skipped message="Method orderFlowPositive.TestsOrderFlowPositive.testOrderFlowPositiveActionCompleteQC() on instance orderFlowPositive.TestsOrderFlowPositive@368f2016 depends on not successfully finished methods &#10;[orderFlowPositive.TestsOrderFlowPositive.testOrderFlowPositiveInventoryDetailsAfterDeliver() on instance orderFlowPositive.TestsOrderFlowPositive@368f2016]"/>
  </testcase>
  <testcase name="testOrderFlowPositiveInventoryDetailsAfterActionCompleteQC" classname="orderFlowPositive.TestsOrderFlowPositive" time="0.0">
    <skipped message="Method orderFlowPositive.TestsOrderFlowPositive.testOrderFlowPositiveInventoryDetailsAfterActionCompleteQC() on instance orderFlowPositive.TestsOrderFlowPositive@368f2016 depends on not successfully finished methods &#10;[orderFlowPositive.TestsOrderFlowPositive.testOrderFlowPositiveActionCompleteQC() on instance orderFlowPositive.TestsOrderFlowPositive@368f2016]"/>
  </testcase>
  <testcase name="testOrderFlowPositiveAcceptItemQC" classname="orderFlowPositive.TestsOrderFlowPositive" time="0.0">
    <skipped message="Method orderFlowPositive.TestsOrderFlowPositive.testOrderFlowPositiveAcceptItemQC() on instance orderFlowPositive.TestsOrderFlowPositive@368f2016 depends on not successfully finished methods &#10;[orderFlowPositive.TestsOrderFlowPositive.testOrderFlowPositiveInventoryDetailsAfterActionCompleteQC() on instance orderFlowPositive.TestsOrderFlowPositive@368f2016]"/>
  </testcase>
  <testcase name="testOrderFlowPositiveInventoryDetailsAfterAcceptItemQC" classname="orderFlowPositive.TestsOrderFlowPositive" time="0.0">
    <skipped message="Method orderFlowPositive.TestsOrderFlowPositive.testOrderFlowPositiveInventoryDetailsAfterAcceptItemQC() on instance orderFlowPositive.TestsOrderFlowPositive@368f2016 depends on not successfully finished methods &#10;[orderFlowPositive.TestsOrderFlowPositive.testOrderFlowPositiveAcceptItemQC() on instance orderFlowPositive.TestsOrderFlowPositive@368f2016]"/>
  </testcase>
  <testcase name="testOrderFlowPositiveCompleteQC" classname="orderFlowPositive.TestsOrderFlowPositive" time="0.0">
    <skipped message="Method orderFlowPositive.TestsOrderFlowPositive.testOrderFlowPositiveCompleteQC() on instance orderFlowPositive.TestsOrderFlowPositive@368f2016 depends on not successfully finished methods &#10;[orderFlowPositive.TestsOrderFlowPositive.testOrderFlowPositiveInventoryDetailsAfterAcceptItemQC() on instance orderFlowPositive.TestsOrderFlowPositive@368f2016]"/>
  </testcase>
  <testcase name="testOrderFlowPositiveInventoryDetailsAfterCompleteQC" classname="orderFlowPositive.TestsOrderFlowPositive" time="0.0">
    <skipped message="Method orderFlowPositive.TestsOrderFlowPositive.testOrderFlowPositiveInventoryDetailsAfterCompleteQC() on instance orderFlowPositive.TestsOrderFlowPositive@368f2016 depends on not successfully finished methods &#10;[orderFlowPositive.TestsOrderFlowPositive.testOrderFlowPositiveCompleteQC() on instance orderFlowPositive.TestsOrderFlowPositive@368f2016]"/>
  </testcase>
  <testcase name="testOrderFlowPositiveInventorySettlement" classname="orderFlowPositive.TestsOrderFlowPositive" time="0.0">
    <skipped message="Method orderFlowPositive.TestsOrderFlowPositive.testOrderFlowPositiveInventorySettlement() on instance orderFlowPositive.TestsOrderFlowPositive@368f2016 depends on not successfully finished methods &#10;[orderFlowPositive.TestsOrderFlowPositive.testOrderFlowPositiveInventoryDetailsAfterCompleteQC() on instance orderFlowPositive.TestsOrderFlowPositive@368f2016]"/>
  </testcase>
  <testcase name="testOrderFlowPositiveInventoryDetailsAfterInventorySettlement" classname="orderFlowPositive.TestsOrderFlowPositive" time="0.0">
    <skipped message="Method orderFlowPositive.TestsOrderFlowPositive.testOrderFlowPositiveInventoryDetailsAfterInventorySettlement() on instance orderFlowPositive.TestsOrderFlowPositive@368f2016 depends on not successfully finished methods &#10;[orderFlowPositive.TestsOrderFlowPositive.testOrderFlowPositiveInventorySettlement() on instance orderFlowPositive.TestsOrderFlowPositive@368f2016]"/>
  </testcase>
  <testcase name="testOrderFlowNegativeInventoryDetailsBeforeCreateOrder" classname="orderFlowNegative.TestsOrderFlowNegative" time="0.309"/>
  <testcase name="testOrderFlowNegativecreateOrder" classname="orderFlowNegative.TestsOrderFlowNegative" time="0.27"/>
  <testcase name="testOrderFlowNegativeInventoryDetailsAfterCreateOrder" classname="orderFlowNegative.TestsOrderFlowNegative" time="0.316"/>
  <testcase name="testOrderFlowNegativeBatchAssign" classname="orderFlowNegative.TestsOrderFlowNegative" time="0.275"/>
  <testcase name="testOrderFlowNegativeInventoryDetailsAfterBatchAssign" classname="orderFlowNegative.TestsOrderFlowNegative" time="0.896"/>
  <testcase name="testOrderFlowNegativeMarkPacked" classname="orderFlowNegative.TestsOrderFlowNegative" time="0.275"/>
  <testcase name="testOrderFlowNegativeInventoryDetailsAfterMarkPacked" classname="orderFlowNegative.TestsOrderFlowNegative" time="0.314"/>
  <testcase name="testOrderFlowNegativeCreateShipment" classname="orderFlowNegative.TestsOrderFlowNegative" time="0.255"/>
  <testcase name="testOrderFlowNegativeInventoryDetailsAfterCreateShipment" classname="orderFlowNegative.TestsOrderFlowNegative" time="0.273"/>
  <testcase name="testOrderFlowNegativeDispatch" classname="orderFlowNegative.TestsOrderFlowNegative" time="0.242"/>
  <testcase name="testOrderFlowNegativeInventoryDetailsAfterDispatch" classname="orderFlowNegative.TestsOrderFlowNegative" time="0.31"/>
  <testcase name="testOrderFlowNegativeInvoiceNumber" classname="orderFlowNegative.TestsOrderFlowNegative" time="0.292"/>
  <testcase name="testOrderFlowNegativeInventoryDetailsAfterInvoiceNumber" classname="orderFlowNegative.TestsOrderFlowNegative" time="0.317"/>
  <testcase name="testOrderFlowNegativeDeliver" classname="orderFlowNegative.TestsOrderFlowNegative" time="0.23">
    <failure message="Test failed due to unexpected status code: 400" type="java.lang.AssertionError"><![CDATA[java.lang.AssertionError: Test failed due to unexpected status code: 400
	at org.testng.Assert.fail(Assert.java:111)
	at allCommonData.TestHelper.validateStatusCode(TestHelper.java:21)
	at orderFlowNegative.TestsOrderFlowNegative.testOrderFlowNegativeDeliver(TestsOrderFlowNegative.java:550)
	at java.base/jdk.internal.reflect.NativeMethodAccessorImpl.invoke0(Native Method)
	at java.base/jdk.internal.reflect.NativeMethodAccessorImpl.invoke(NativeMethodAccessorImpl.java:77)
	at java.base/jdk.internal.reflect.DelegatingMethodAccessorImpl.invoke(DelegatingMethodAccessorImpl.java:43)
	at java.base/java.lang.reflect.Method.invoke(Method.java:569)
	at org.testng.internal.invokers.MethodInvocationHelper.invokeMethod(MethodInvocationHelper.java:141)
	at org.testng.internal.invokers.TestInvoker.invokeMethod(TestInvoker.java:686)
	at org.testng.internal.invokers.TestInvoker.invokeTestMethod(TestInvoker.java:230)
	at org.testng.internal.invokers.MethodRunner.runInSequence(MethodRunner.java:63)
	at org.testng.internal.invokers.TestInvoker$MethodInvocationAgent.invoke(TestInvoker.java:992)
	at org.testng.internal.invokers.TestInvoker.invokeTestMethods(TestInvoker.java:203)
	at org.testng.internal.invokers.TestMethodWorker.invokeTestMethods(TestMethodWorker.java:154)
	at org.testng.internal.invokers.TestMethodWorker.run(TestMethodWorker.java:134)
	at java.base/java.util.ArrayList.forEach(ArrayList.java:1511)
	at org.testng.TestRunner.privateRun(TestRunner.java:739)
	at org.testng.TestRunner.run(TestRunner.java:614)
	at org.testng.SuiteRunner.runTest(SuiteRunner.java:421)
	at org.testng.SuiteRunner.runSequentially(SuiteRunner.java:413)
	at org.testng.SuiteRunner.privateRun(SuiteRunner.java:373)
	at org.testng.SuiteRunner.run(SuiteRunner.java:312)
	at org.testng.SuiteRunnerWorker.runSuite(SuiteRunnerWorker.java:52)
	at org.testng.SuiteRunnerWorker.run(SuiteRunnerWorker.java:95)
	at org.testng.TestNG.runSuitesSequentially(TestNG.java:1274)
	at org.testng.TestNG.runSuitesLocally(TestNG.java:1208)
	at org.testng.TestNG.runSuites(TestNG.java:1112)
	at org.testng.TestNG.run(TestNG.java:1079)
	at org.apache.maven.surefire.testng.TestNGExecutor.run(TestNGExecutor.java:308)
	at org.apache.maven.surefire.testng.TestNGXmlTestSuite.execute(TestNGXmlTestSuite.java:71)
	at org.apache.maven.surefire.testng.TestNGProvider.invoke(TestNGProvider.java:113)
	at org.apache.maven.surefire.booter.ForkedBooter.runSuitesInProcess(ForkedBooter.java:385)
	at org.apache.maven.surefire.booter.ForkedBooter.execute(ForkedBooter.java:162)
	at org.apache.maven.surefire.booter.ForkedBooter.run(ForkedBooter.java:507)
	at org.apache.maven.surefire.booter.ForkedBooter.main(ForkedBooter.java:495)
]]></failure>
  </testcase>
  <testcase name="testOrderFlowNegativeInventoryDetailsAfterDeliver" classname="orderFlowNegative.TestsOrderFlowNegative" time="0.0">
    <skipped message="Method orderFlowNegative.TestsOrderFlowNegative.testOrderFlowNegativeInventoryDetailsAfterDeliver() on instance orderFlowNegative.TestsOrderFlowNegative@4c583ecf depends on not successfully finished methods &#10;[orderFlowNegative.TestsOrderFlowNegative.testOrderFlowNegativeDeliver() on instance orderFlowNegative.TestsOrderFlowNegative@4c583ecf]"/>
  </testcase>
  <testcase name="testOrderFlowNegativeActionCompleteQC" classname="orderFlowNegative.TestsOrderFlowNegative" time="0.0">
    <skipped message="Method orderFlowNegative.TestsOrderFlowNegative.testOrderFlowNegativeActionCompleteQC() on instance orderFlowNegative.TestsOrderFlowNegative@4c583ecf depends on not successfully finished methods &#10;[orderFlowNegative.TestsOrderFlowNegative.testOrderFlowNegativeInventoryDetailsAfterDeliver() on instance orderFlowNegative.TestsOrderFlowNegative@4c583ecf]"/>
  </testcase>
  <testcase name="testOrderFlowNegativeInventoryDetailsAfterActionCompleteQC" classname="orderFlowNegative.TestsOrderFlowNegative" time="0.0">
    <skipped message="Method orderFlowNegative.TestsOrderFlowNegative.testOrderFlowNegativeInventoryDetailsAfterActionCompleteQC() on instance orderFlowNegative.TestsOrderFlowNegative@4c583ecf depends on not successfully finished methods &#10;[orderFlowNegative.TestsOrderFlowNegative.testOrderFlowNegativeActionCompleteQC() on instance orderFlowNegative.TestsOrderFlowNegative@4c583ecf]"/>
  </testcase>
  <testcase name="testOrderFlowNegativeRejectItemQC" classname="orderFlowNegative.TestsOrderFlowNegative" time="0.0">
    <skipped message="Method orderFlowNegative.TestsOrderFlowNegative.testOrderFlowNegativeRejectItemQC() on instance orderFlowNegative.TestsOrderFlowNegative@4c583ecf depends on not successfully finished methods &#10;[orderFlowNegative.TestsOrderFlowNegative.testOrderFlowNegativeInventoryDetailsAfterActionCompleteQC() on instance orderFlowNegative.TestsOrderFlowNegative@4c583ecf]"/>
  </testcase>
  <testcase name="testOrderFlowNegativeInventoryDetailsAfterRejectItemQC" classname="orderFlowNegative.TestsOrderFlowNegative" time="0.0">
    <skipped message="Method orderFlowNegative.TestsOrderFlowNegative.testOrderFlowNegativeInventoryDetailsAfterRejectItemQC() on instance orderFlowNegative.TestsOrderFlowNegative@4c583ecf depends on not successfully finished methods &#10;[orderFlowNegative.TestsOrderFlowNegative.testOrderFlowNegativeRejectItemQC() on instance orderFlowNegative.TestsOrderFlowNegative@4c583ecf]"/>
  </testcase>
  <testcase name="testOrderFlowNegativeCompleteQC" classname="orderFlowNegative.TestsOrderFlowNegative" time="0.0">
    <skipped message="Method orderFlowNegative.TestsOrderFlowNegative.testOrderFlowNegativeCompleteQC() on instance orderFlowNegative.TestsOrderFlowNegative@4c583ecf depends on not successfully finished methods &#10;[orderFlowNegative.TestsOrderFlowNegative.testOrderFlowNegativeInventoryDetailsAfterRejectItemQC() on instance orderFlowNegative.TestsOrderFlowNegative@4c583ecf]"/>
  </testcase>
  <testcase name="testOrderFlowNegativeInventoryDetailsAfterCompleteQC" classname="orderFlowNegative.TestsOrderFlowNegative" time="0.0">
    <skipped message="Method orderFlowNegative.TestsOrderFlowNegative.testOrderFlowNegativeInventoryDetailsAfterCompleteQC() on instance orderFlowNegative.TestsOrderFlowNegative@4c583ecf depends on not successfully finished methods &#10;[orderFlowNegative.TestsOrderFlowNegative.testOrderFlowNegativeCompleteQC() on instance orderFlowNegative.TestsOrderFlowNegative@4c583ecf]"/>
  </testcase>
  <testcase name="testOrderFlowNegativeInventorySettlement" classname="orderFlowNegative.TestsOrderFlowNegative" time="0.0">
    <skipped message="Method orderFlowNegative.TestsOrderFlowNegative.testOrderFlowNegativeInventorySettlement() on instance orderFlowNegative.TestsOrderFlowNegative@4c583ecf depends on not successfully finished methods &#10;[orderFlowNegative.TestsOrderFlowNegative.testOrderFlowNegativeInventoryDetailsAfterCompleteQC() on instance orderFlowNegative.TestsOrderFlowNegative@4c583ecf]"/>
  </testcase>
  <testcase name="testOrderFlowNegativeInventoryDetailsAfterInventorySettlement" classname="orderFlowNegative.TestsOrderFlowNegative" time="0.0">
    <skipped message="Method orderFlowNegative.TestsOrderFlowNegative.testOrderFlowNegativeInventoryDetailsAfterInventorySettlement() on instance orderFlowNegative.TestsOrderFlowNegative@4c583ecf depends on not successfully finished methods &#10;[orderFlowNegative.TestsOrderFlowNegative.testOrderFlowNegativeInventorySettlement() on instance orderFlowNegative.TestsOrderFlowNegative@4c583ecf]"/>
  </testcase>
  <testcase name="testOrderFlowNegativeOrderIdReturn" classname="orderFlowNegative.TestsOrderFlowNegative" time="0.0">
    <skipped message="Method orderFlowNegative.TestsOrderFlowNegative.testOrderFlowNegativeOrderIdReturn() on instance orderFlowNegative.TestsOrderFlowNegative@4c583ecf depends on not successfully finished methods &#10;[orderFlowNegative.TestsOrderFlowNegative.testOrderFlowNegativeInventoryDetailsAfterInventorySettlement() on instance orderFlowNegative.TestsOrderFlowNegative@4c583ecf]"/>
  </testcase>
  <testcase name="testOrderFlowNegativeInventoryAfterDetailsOrderIdReturn" classname="orderFlowNegative.TestsOrderFlowNegative" time="0.0">
    <skipped message="Method orderFlowNegative.TestsOrderFlowNegative.testOrderFlowNegativeInventoryAfterDetailsOrderIdReturn() on instance orderFlowNegative.TestsOrderFlowNegative@4c583ecf depends on not successfully finished methods &#10;[orderFlowNegative.TestsOrderFlowNegative.testOrderFlowNegativeOrderIdReturn() on instance orderFlowNegative.TestsOrderFlowNegative@4c583ecf]"/>
  </testcase>
  <testcase name="testOrderFlowNegativeActionCompleteQCReturn" classname="orderFlowNegative.TestsOrderFlowNegative" time="0.0">
    <skipped message="Method orderFlowNegative.TestsOrderFlowNegative.testOrderFlowNegativeActionCompleteQCReturn() on instance orderFlowNegative.TestsOrderFlowNegative@4c583ecf depends on not successfully finished methods &#10;[orderFlowNegative.TestsOrderFlowNegative.testOrderFlowNegativeInventoryAfterDetailsOrderIdReturn() on instance orderFlowNegative.TestsOrderFlowNegative@4c583ecf]"/>
  </testcase>
  <testcase name="testOrderFlowNegativeInventoryDetailsAfterActionCompleteQCReturn" classname="orderFlowNegative.TestsOrderFlowNegative" time="0.0">
    <skipped message="Method orderFlowNegative.TestsOrderFlowNegative.testOrderFlowNegativeInventoryDetailsAfterActionCompleteQCReturn() on instance orderFlowNegative.TestsOrderFlowNegative@4c583ecf depends on not successfully finished methods &#10;[orderFlowNegative.TestsOrderFlowNegative.testOrderFlowNegativeActionCompleteQCReturn() on instance orderFlowNegative.TestsOrderFlowNegative@4c583ecf]"/>
  </testcase>
  <testcase name="testOrderFlowNegativeAcceptItemQCReturn" classname="orderFlowNegative.TestsOrderFlowNegative" time="0.0">
    <skipped message="Method orderFlowNegative.TestsOrderFlowNegative.testOrderFlowNegativeAcceptItemQCReturn() on instance orderFlowNegative.TestsOrderFlowNegative@4c583ecf depends on not successfully finished methods &#10;[orderFlowNegative.TestsOrderFlowNegative.testOrderFlowNegativeInventoryDetailsAfterActionCompleteQCReturn() on instance orderFlowNegative.TestsOrderFlowNegative@4c583ecf]"/>
  </testcase>
  <testcase name="testOrderFlowNegativeInventoryDetailsAfterAcceptItemQCReturn" classname="orderFlowNegative.TestsOrderFlowNegative" time="0.0">
    <skipped message="Method orderFlowNegative.TestsOrderFlowNegative.testOrderFlowNegativeInventoryDetailsAfterAcceptItemQCReturn() on instance orderFlowNegative.TestsOrderFlowNegative@4c583ecf depends on not successfully finished methods &#10;[orderFlowNegative.TestsOrderFlowNegative.testOrderFlowNegativeAcceptItemQCReturn() on instance orderFlowNegative.TestsOrderFlowNegative@4c583ecf]"/>
  </testcase>
  <testcase name="testOrderFlowNegativeCompleteQCReturn" classname="orderFlowNegative.TestsOrderFlowNegative" time="0.0">
    <skipped message="Method orderFlowNegative.TestsOrderFlowNegative.testOrderFlowNegativeCompleteQCReturn() on instance orderFlowNegative.TestsOrderFlowNegative@4c583ecf depends on not successfully finished methods &#10;[orderFlowNegative.TestsOrderFlowNegative.testOrderFlowNegativeInventoryDetailsAfterAcceptItemQCReturn() on instance orderFlowNegative.TestsOrderFlowNegative@4c583ecf]"/>
  </testcase>
  <testcase name="testOrderFlowNegativeInventoryDetailsAfterCompleteQCReturn" classname="orderFlowNegative.TestsOrderFlowNegative" time="0.0">
    <skipped message="Method orderFlowNegative.TestsOrderFlowNegative.testOrderFlowNegativeInventoryDetailsAfterCompleteQCReturn() on instance orderFlowNegative.TestsOrderFlowNegative@4c583ecf depends on not successfully finished methods &#10;[orderFlowNegative.TestsOrderFlowNegative.testOrderFlowNegativeCompleteQCReturn() on instance orderFlowNegative.TestsOrderFlowNegative@4c583ecf]"/>
  </testcase>
  <testcase name="testOrderFlowNegativeInventorySettlementReturn" classname="orderFlowNegative.TestsOrderFlowNegative" time="0.0">
    <skipped message="Method orderFlowNegative.TestsOrderFlowNegative.testOrderFlowNegativeInventorySettlementReturn() on instance orderFlowNegative.TestsOrderFlowNegative@4c583ecf depends on not successfully finished methods &#10;[orderFlowNegative.TestsOrderFlowNegative.testOrderFlowNegativeInventoryDetailsAfterCompleteQCReturn() on instance orderFlowNegative.TestsOrderFlowNegative@4c583ecf]"/>
  </testcase>
  <testcase name="testOrderFlowNegativeInventoryDetailsAfterInventorySettlementReturn" classname="orderFlowNegative.TestsOrderFlowNegative" time="0.0">
    <skipped message="Method orderFlowNegative.TestsOrderFlowNegative.testOrderFlowNegativeInventoryDetailsAfterInventorySettlementReturn() on instance orderFlowNegative.TestsOrderFlowNegative@4c583ecf depends on not successfully finished methods &#10;[orderFlowNegative.TestsOrderFlowNegative.testOrderFlowNegativeInventorySettlementReturn() on instance orderFlowNegative.TestsOrderFlowNegative@4c583ecf]"/>
  </testcase>
  <testcase name="testOrderCancelCreateOrderInventoryDetailsBeforeCreateOrder" classname="orderCancelCreateOrder.TestsOrderCancelCreateOrder" time="0.277"/>
  <testcase name="testOrderCancelCreateOrderCreateOrder" classname="orderCancelCreateOrder.TestsOrderCancelCreateOrder" time="0.317"/>
  <testcase name="testOrderCancelCreateOrderInventoryDetailsAfterCreateOrder" classname="orderCancelCreateOrder.TestsOrderCancelCreateOrder" time="0.303"/>
  <testcase name="testOrderCancelCreateOrderCancelOrder" classname="orderCancelCreateOrder.TestsOrderCancelCreateOrder" time="0.275"/>
  <testcase name="testOrderCancelCreateOrderInventoryDetailsAfterCancelOrder" classname="orderCancelCreateOrder.TestsOrderCancelCreateOrder" time="0.317"/>
  <testcase name="testOrderUpdateDispatchInventoryDetailsBeforeCreateOrder" classname="orderUpdateDispatch.TestsOrderUpdateDispatch" time="0.269"/>
  <testcase name="testOrderUpdateDispatchCreateOrder" classname="orderUpdateDispatch.TestsOrderUpdateDispatch" time="0.352"/>
  <testcase name="testOrderUpdateDispatchInventoryDetailsAfterCreateOrder" classname="orderUpdateDispatch.TestsOrderUpdateDispatch" time="0.306"/>
  <testcase name="testOrderUpdateDispatchBatchAssign" classname="orderUpdateDispatch.TestsOrderUpdateDispatch" time="0.287"/>
  <testcase name="testOrderUpdateDispatchInventoryDetailsAfterBatchAssign" classname="orderUpdateDispatch.TestsOrderUpdateDispatch" time="0.329"/>
  <testcase name="testOrderUpdateDispatchMarkPacked" classname="orderUpdateDispatch.TestsOrderUpdateDispatch" time="0.285"/>
  <testcase name="testOrderUpdateDispatchInventoryDetailsAfterMarkPacked" classname="orderUpdateDispatch.TestsOrderUpdateDispatch" time="0.298"/>
  <testcase name="testOrderUpdateDispatchCreateShipment" classname="orderUpdateDispatch.TestsOrderUpdateDispatch" time="0.247"/>
  <testcase name="testOrderUpdateDispatchInventoryDetailsAfterCreateShipment" classname="orderUpdateDispatch.TestsOrderUpdateDispatch" time="0.308"/>
  <testcase name="testOrderUpdateDispatchDispatch" classname="orderUpdateDispatch.TestsOrderUpdateDispatch" time="0.48"/>
  <testcase name="testOrderUpdateDispatchInventoryDetailsAfterDispatch" classname="orderUpdateDispatch.TestsOrderUpdateDispatch" time="0.387"/>
  <testcase name="testOrderUpdateDispatchUpdateOrder" classname="orderUpdateDispatch.TestsOrderUpdateDispatch" time="0.322"/>
  <testcase name="testOrderUpdateDispatchInventoryDetailsAfterUpdateOrder" classname="orderUpdateDispatch.TestsOrderUpdateDispatch" time="0.321">
    <failure message="The following asserts failed:&#10;	Pending Stock value Before Create Order is: 122, New Ordered Quantity is: 7, Expected Pending Stock value (Pending Stock Value Before Updating Order + New Ordered Quantity) After Update Order is: 129, But Actual Pending Stock value After Update Order is: 127. Incorrect,&#10;	Expected Intransient Stock value (Intransient Stock value After Update Order = Intransient Stock value Before Create Order) After Update Order is: 70 But Actual Intransient Stock value After Update Order is: 72. Incorrect,&#10;	Expected Available Stock value (Available Stock value After Update Order = Available Stock value Before Create Order) After Update Order is: 99924 But Actual Available Stock value After Update Order is: 99922. Incorrect" type="java.lang.AssertionError"><![CDATA[java.lang.AssertionError: 
The following asserts failed:
	Pending Stock value Before Create Order is: 122, New Ordered Quantity is: 7, Expected Pending Stock value (Pending Stock Value Before Updating Order + New Ordered Quantity) After Update Order is: 129, But Actual Pending Stock value After Update Order is: 127. Incorrect,
	Expected Intransient Stock value (Intransient Stock value After Update Order = Intransient Stock value Before Create Order) After Update Order is: 70 But Actual Intransient Stock value After Update Order is: 72. Incorrect,
	Expected Available Stock value (Available Stock value After Update Order = Available Stock value Before Create Order) After Update Order is: 99924 But Actual Available Stock value After Update Order is: 99922. Incorrect
	at org.testng.asserts.SoftAssert.assertAll(SoftAssert.java:46)
	at org.testng.asserts.SoftAssert.assertAll(SoftAssert.java:30)
	at orderUpdateDispatch.TestsOrderUpdateDispatch.testOrderUpdateDispatchInventoryDetailsAfterUpdateOrder(TestsOrderUpdateDispatch.java:543)
	at java.base/jdk.internal.reflect.NativeMethodAccessorImpl.invoke0(Native Method)
	at java.base/jdk.internal.reflect.NativeMethodAccessorImpl.invoke(NativeMethodAccessorImpl.java:77)
	at java.base/jdk.internal.reflect.DelegatingMethodAccessorImpl.invoke(DelegatingMethodAccessorImpl.java:43)
	at java.base/java.lang.reflect.Method.invoke(Method.java:569)
	at org.testng.internal.invokers.MethodInvocationHelper.invokeMethod(MethodInvocationHelper.java:141)
	at org.testng.internal.invokers.TestInvoker.invokeMethod(TestInvoker.java:686)
	at org.testng.internal.invokers.TestInvoker.invokeTestMethod(TestInvoker.java:230)
	at org.testng.internal.invokers.MethodRunner.runInSequence(MethodRunner.java:63)
	at org.testng.internal.invokers.TestInvoker$MethodInvocationAgent.invoke(TestInvoker.java:992)
	at org.testng.internal.invokers.TestInvoker.invokeTestMethods(TestInvoker.java:203)
	at org.testng.internal.invokers.TestMethodWorker.invokeTestMethods(TestMethodWorker.java:154)
	at org.testng.internal.invokers.TestMethodWorker.run(TestMethodWorker.java:134)
	at java.base/java.util.ArrayList.forEach(ArrayList.java:1511)
	at org.testng.TestRunner.privateRun(TestRunner.java:739)
	at org.testng.TestRunner.run(TestRunner.java:614)
	at org.testng.SuiteRunner.runTest(SuiteRunner.java:421)
	at org.testng.SuiteRunner.runSequentially(SuiteRunner.java:413)
	at org.testng.SuiteRunner.privateRun(SuiteRunner.java:373)
	at org.testng.SuiteRunner.run(SuiteRunner.java:312)
	at org.testng.SuiteRunnerWorker.runSuite(SuiteRunnerWorker.java:52)
	at org.testng.SuiteRunnerWorker.run(SuiteRunnerWorker.java:95)
	at org.testng.TestNG.runSuitesSequentially(TestNG.java:1274)
	at org.testng.TestNG.runSuitesLocally(TestNG.java:1208)
	at org.testng.TestNG.runSuites(TestNG.java:1112)
	at org.testng.TestNG.run(TestNG.java:1079)
	at org.apache.maven.surefire.testng.TestNGExecutor.run(TestNGExecutor.java:308)
	at org.apache.maven.surefire.testng.TestNGXmlTestSuite.execute(TestNGXmlTestSuite.java:71)
	at org.apache.maven.surefire.testng.TestNGProvider.invoke(TestNGProvider.java:113)
	at org.apache.maven.surefire.booter.ForkedBooter.runSuitesInProcess(ForkedBooter.java:385)
	at org.apache.maven.surefire.booter.ForkedBooter.execute(ForkedBooter.java:162)
	at org.apache.maven.surefire.booter.ForkedBooter.run(ForkedBooter.java:507)
	at org.apache.maven.surefire.booter.ForkedBooter.main(ForkedBooter.java:495)
]]></failure>
  </testcase>
</testsuite>